Using pre-set license
Built from '2021.3/china_unity/release' branch; Version is '2021.3.11f1c2 (2c7757f00bfe) revision 2914135'; Using compiler version '192829333'; Build Type 'Release'
OS: 'Windows 10  (10.0.19045) 64bit CoreCountrySpecific' Language: 'zh' Physical Memory: 16143 MB
BatchMode: 1, IsHumanControllingUs: 0, StartBugReporterOnCrash: 0, Is64bit: 1, IsPro: 1

COMMAND LINE ARGUMENTS:
C:\Program Files\Unity\Hub\Editor\2021.3.11f1c2\Editor\Unity.exe
-adb2
-batchMode
-noUpm
-name
AssetImportWorker0
-projectPath
E:/UnityProjects/FPS
-logFile
Logs/AssetImportWorker0.log
-srvPort
8132
Successfully changed project path to: E:/UnityProjects/FPS
E:/UnityProjects/FPS
[UnityMemory] Configuration Parameters - Can be set up in boot.config
    "memorysetup-bucket-allocator-granularity=16"
    "memorysetup-bucket-allocator-bucket-count=8"
    "memorysetup-bucket-allocator-block-size=33554432"
    "memorysetup-bucket-allocator-block-count=8"
    "memorysetup-main-allocator-block-size=16777216"
    "memorysetup-thread-allocator-block-size=16777216"
    "memorysetup-gfx-main-allocator-block-size=16777216"
    "memorysetup-gfx-thread-allocator-block-size=16777216"
    "memorysetup-cache-allocator-block-size=4194304"
    "memorysetup-typetree-allocator-block-size=2097152"
    "memorysetup-profiler-bucket-allocator-granularity=16"
    "memorysetup-profiler-bucket-allocator-bucket-count=8"
    "memorysetup-profiler-bucket-allocator-block-size=33554432"
    "memorysetup-profiler-bucket-allocator-block-count=8"
    "memorysetup-profiler-allocator-block-size=16777216"
    "memorysetup-profiler-editor-allocator-block-size=1048576"
    "memorysetup-temp-allocator-size-main=16777216"
    "memorysetup-job-temp-allocator-block-size=2097152"
    "memorysetup-job-temp-allocator-block-size-background=1048576"
    "memorysetup-job-temp-allocator-reduction-small-platforms=262144"
    "memorysetup-temp-allocator-size-background-worker=32768"
    "memorysetup-temp-allocator-size-job-worker=262144"
    "memorysetup-temp-allocator-size-preload-manager=33554432"
    "memorysetup-temp-allocator-size-nav-mesh-worker=65536"
    "memorysetup-temp-allocator-size-audio-worker=65536"
    "memorysetup-temp-allocator-size-cloud-worker=32768"
    "memorysetup-temp-allocator-size-gi-baking-worker=262144"
    "memorysetup-temp-allocator-size-gfx=262144"
AS: AutoStreaming module initializing.
Refreshing native plugins compatible for Editor in 135.59 ms, found 3 plugins.
Preloading 0 native plugins for Editor in 0.00 ms.
Initialize engine version: 2021.3.11f1c2 (2c7757f00bfe)
[Subsystems] Discovering subsystems at path C:/Program Files/Unity/Hub/Editor/2021.3.11f1c2/Editor/Data/Resources/UnitySubsystems
[Subsystems] Discovering subsystems at path E:/UnityProjects/FPS/Assets
GfxDevice: creating device client; threaded=0; jobified=0
Direct3D:
    Version:  Direct3D 11.0 [level 11.1]
    Renderer: NVIDIA GeForce GTX 1650 Ti (ID=0x1f95)
    Vendor:   NVIDIA
    VRAM:     3949 MB
    Driver:   31.0.15.2737
Initialize mono
Mono path[0] = 'C:/Program Files/Unity/Hub/Editor/2021.3.11f1c2/Editor/Data/Managed'
Mono path[1] = 'C:/Program Files/Unity/Hub/Editor/2021.3.11f1c2/Editor/Data/MonoBleedingEdge/lib/mono/unityjit-win32'
Mono config path = 'C:/Program Files/Unity/Hub/Editor/2021.3.11f1c2/Editor/Data/MonoBleedingEdge/etc'
Using monoOptions --debugger-agent=transport=dt_socket,embedding=1,server=y,suspend=n,address=127.0.0.1:56020
Begin MonoManager ReloadAssembly
Registering precompiled unity dll's ...
Register platform support module: C:/Program Files/Unity/Hub/Editor/2021.3.11f1c2/Editor/Data/PlaybackEngines/WebGLSupport/UnityEditor.WebGL.Extensions.dll
Register platform support module: C:/Program Files/Unity/Hub/Editor/2021.3.11f1c2/Editor/Data/PlaybackEngines/AndroidPlayer/UnityEditor.Android.Extensions.dll
Register platform support module: C:/Program Files/Unity/Hub/Editor/2021.3.11f1c2/Editor/Data/PlaybackEngines/WindowsStandaloneSupport/UnityEditor.WindowsStandalone.Extensions.dll
Registered in 0.029201 seconds.
Native extension for WindowsStandalone target not found
Native extension for Android target not found
Native extension for WebGL target not found
Refreshing native plugins compatible for Editor in 126.88 ms, found 3 plugins.
Preloading 0 native plugins for Editor in 0.00 ms.
Mono: successfully reloaded assembly
- Completed reload, in  0.888 seconds
Domain Reload Profiling:
	ReloadAssembly (889ms)
		BeginReloadAssembly (137ms)
			ExecutionOrderSort (0ms)
			DisableScriptedObjects (0ms)
			BackupInstance (0ms)
			ReleaseScriptingObjects (0ms)
			CreateAndSetChildDomain (1ms)
		EndReloadAssembly (566ms)
			LoadAssemblies (125ms)
			RebuildTransferFunctionScriptingTraits (0ms)
			SetupTypeCache (118ms)
			ReleaseScriptCaches (0ms)
			RebuildScriptCaches (27ms)
			SetupLoadedEditorAssemblies (343ms)
				LogAssemblyErrors (0ms)
				InitializePlatformSupportModulesInManaged (56ms)
				SetLoadedEditorAssemblies (0ms)
				RefreshPlugins (127ms)
				BeforeProcessingInitializeOnLoad (1ms)
				ProcessInitializeOnLoadAttributes (106ms)
				ProcessInitializeOnLoadMethodAttributes (53ms)
				AfterProcessingInitializeOnLoad (0ms)
				EditorAssembliesLoaded (0ms)
			ExecutionOrderSort2 (0ms)
			AwakeInstancesAfterBackupRestoration (0ms)
Platform modules already initialized, skipping
Registering precompiled user dll's ...
Registered in 0.030661 seconds.
Begin MonoManager ReloadAssembly
Native extension for WindowsStandalone target not found
Native extension for Android target not found
Native extension for WebGL target not found
Refreshing native plugins compatible for Editor in 127.48 ms, found 3 plugins.
Preloading 0 native plugins for Editor in 0.00 ms.
Mono: successfully reloaded assembly
- Completed reload, in  1.825 seconds
Domain Reload Profiling:
	ReloadAssembly (1826ms)
		BeginReloadAssembly (181ms)
			ExecutionOrderSort (0ms)
			DisableScriptedObjects (6ms)
			BackupInstance (0ms)
			ReleaseScriptingObjects (0ms)
			CreateAndSetChildDomain (18ms)
		EndReloadAssembly (1464ms)
			LoadAssemblies (186ms)
			RebuildTransferFunctionScriptingTraits (0ms)
			SetupTypeCache (416ms)
			ReleaseScriptCaches (1ms)
			RebuildScriptCaches (67ms)
			SetupLoadedEditorAssemblies (754ms)
				LogAssemblyErrors (0ms)
				InitializePlatformSupportModulesInManaged (26ms)
				SetLoadedEditorAssemblies (0ms)
				RefreshPlugins (128ms)
				BeforeProcessingInitializeOnLoad (180ms)
				ProcessInitializeOnLoadAttributes (290ms)
				ProcessInitializeOnLoadMethodAttributes (90ms)
				AfterProcessingInitializeOnLoad (40ms)
				EditorAssembliesLoaded (0ms)
			ExecutionOrderSort2 (0ms)
			AwakeInstancesAfterBackupRestoration (10ms)
Platform modules already initialized, skipping
========================================================================
Worker process is ready to serve import requests
Launched and connected shader compiler UnityShaderCompiler.exe after 0.07 seconds
Refreshing native plugins compatible for Editor in 1.12 ms, found 3 plugins.
Preloading 0 native plugins for Editor in 0.00 ms.
Unloading 6099 Unused Serialized files (Serialized files now loaded: 0)
Unloading 52 unused Assets / (1.9 MB). Loaded Objects now: 6555.
Memory consumption went from 334.2 MB to 332.3 MB.
Total: 4.533600 ms (FindLiveObjects: 0.599000 ms CreateObjectMapping: 0.691400 ms MarkObjects: 2.791400 ms  DeleteObjects: 0.450800 ms)

AssetImportParameters requested are different than current active one (requested -> active):
  custom:video-decoder-ogg-theora: a1e56fd34408186e4bbccfd4996cb3dc -> 
  custom:container-muxer-webm: aa71ff27fc2769a1b78a27578f13a17b -> 
  custom:container-demuxer-webm: 4f35f7cbe854078d1ac9338744f61a02 -> 
  custom:video-encoder-webm-vp8: eb34c28f22e8b96e1ab97ce403110664 -> 
  custom:video-codec-MediaFoundation-h265: 746d11721c4dcdbdad8f713fa42b33f4 -> 
  custom:audio-encoder-webm-vorbis: bf7c407c2cedff20999df2af8eb42d56 -> 
  custom:framework-win-MediaFoundation: 216162199b28c13a410421893ffa2e32 -> 
  custom:container-demuxer-ogg: 62fdf1f143b41e24485cea50d1cbac27 -> 
  custom:video-decoder-webm-vp8: 9c59270c3fd7afecdb556c50c9e8de78 -> 
  custom:audio-decoder-ogg-vorbis: bf7c407c2cedff20999df2af8eb42d56 -> 
========================================================================
Received Import Request.
  Time since last request: 568374.734459 seconds.
  path: Assets/UnityTechnologies/ParticlePack/Readme.asset
  artifactKey: Guid(83c2ed844a8c74b779a4c823d16594b1) Importer(815301076,1909f56bfc062723c751e8b465ee728b)
Start importing Assets/UnityTechnologies/ParticlePack/Readme.asset using Guid(83c2ed844a8c74b779a4c823d16594b1) Importer(815301076,1909f56bfc062723c751e8b465ee728b)  -> (artifact id: '727fe827ab291beefa134dbfda01d5bb') in 0.035116 seconds 
========================================================================
Received Import Request.
  Time since last request: 0.559345 seconds.
  path: Assets/LowPolyFPS/Scenes
  artifactKey: Guid(642bb0ebd70255a489081be123be9955) Importer(815301076,1909f56bfc062723c751e8b465ee728b)
Start importing Assets/LowPolyFPS/Scenes using Guid(642bb0ebd70255a489081be123be9955) Importer(815301076,1909f56bfc062723c751e8b465ee728b)  -> (artifact id: '471f5850c6f96b3db0a624a1e93103b6') in 0.001864 seconds 
========================================================================
Received Import Request.
  Time since last request: 1.554043 seconds.
  path: Assets/LowPolyFPS/Scenes/Settings
  artifactKey: Guid(ef892c2d48c3e1e44b8bbaf5da2263a9) Importer(815301076,1909f56bfc062723c751e8b465ee728b)
Start importing Assets/LowPolyFPS/Scenes/Settings using Guid(ef892c2d48c3e1e44b8bbaf5da2263a9) Importer(815301076,1909f56bfc062723c751e8b465ee728b)  -> (artifact id: '1e7451db1f235e5619ba02bc34a2d577') in 0.001995 seconds 
========================================================================
Received Import Request.
  Time since last request: 0.037150 seconds.
  path: Assets/LowPolyFPS/Scenes/Settings/LP_FPSMap_PostProcessing.asset
  artifactKey: Guid(3dc29b161fd831b438aa985f2a27e11e) Importer(815301076,1909f56bfc062723c751e8b465ee728b)
Start importing Assets/LowPolyFPS/Scenes/Settings/LP_FPSMap_PostProcessing.asset using Guid(3dc29b161fd831b438aa985f2a27e11e) Importer(815301076,1909f56bfc062723c751e8b465ee728b)  -> (artifact id: '2b8adf4a17626bcd4eb6817a2879bc7e') in 0.005026 seconds 
========================================================================
Received Import Request.
  Time since last request: 0.000022 seconds.
  path: Assets/LowPolyFPS/Scenes/Settings/PostProcessing_LowPolyFPSMap.asset
  artifactKey: Guid(0c66d69a3432a0345a0323bf6a4781f3) Importer(815301076,1909f56bfc062723c751e8b465ee728b)
Start importing Assets/LowPolyFPS/Scenes/Settings/PostProcessing_LowPolyFPSMap.asset using Guid(0c66d69a3432a0345a0323bf6a4781f3) Importer(815301076,1909f56bfc062723c751e8b465ee728b)  -> (artifact id: 'c6a9224b74841d6254a328fde4208320') in 0.010065 seconds 
========================================================================
Received Import Request.
  Time since last request: 0.000023 seconds.
  path: Assets/LowPolyFPS/Scenes/Settings/URP_FPSMap_Renderer.asset
  artifactKey: Guid(2db2cf6c5afbf6c4ba32146953140c9d) Importer(815301076,1909f56bfc062723c751e8b465ee728b)
Start importing Assets/LowPolyFPS/Scenes/Settings/URP_FPSMap_Renderer.asset using Guid(2db2cf6c5afbf6c4ba32146953140c9d) Importer(815301076,1909f56bfc062723c751e8b465ee728b)  -> (artifact id: '82dfdd5cea78abfa0c428fff4c89f40a') in 0.005389 seconds 
========================================================================
Received Import Request.
  Time since last request: 0.000038 seconds.
  path: Assets/LowPolyFPS/Scenes/Settings/URP_FPSMap.asset
  artifactKey: Guid(fbd1d10bcef70924485aee5f62b60979) Importer(815301076,1909f56bfc062723c751e8b465ee728b)
Start importing Assets/LowPolyFPS/Scenes/Settings/URP_FPSMap.asset using Guid(fbd1d10bcef70924485aee5f62b60979) Importer(815301076,1909f56bfc062723c751e8b465ee728b)  -> (artifact id: '7c34db3231c84ff71e70b5ae4f305285') in 0.004088 seconds 
========================================================================
Received Import Request.
  Time since last request: 50.144720 seconds.
  path: Assets/LowPolyFPS/Scenes/LowPolyFPS_Overview.unity
  artifactKey: Guid(2b701028e7a9b044f9b768cdf41b5e10) Importer(815301076,1909f56bfc062723c751e8b465ee728b)
Start importing Assets/LowPolyFPS/Scenes/LowPolyFPS_Overview.unity using Guid(2b701028e7a9b044f9b768cdf41b5e10) Importer(815301076,1909f56bfc062723c751e8b465ee728b)  -> (artifact id: '2ef9ccf794798dd439ca60f5fb3b085e') in 0.002061 seconds 
========================================================================
Received Import Request.
  Time since last request: 10.627040 seconds.
  path: Assets/Scenes/SampleScene.unity
  artifactKey: Guid(9fc0d4010bbf28b4594072e72b8655ab) Importer(815301076,1909f56bfc062723c751e8b465ee728b)
Start importing Assets/Scenes/SampleScene.unity using Guid(9fc0d4010bbf28b4594072e72b8655ab) Importer(815301076,1909f56bfc062723c751e8b465ee728b)  -> (artifact id: '073593e4ee3e38f42db4dd27dea87f7e') in 0.001947 seconds 
========================================================================
Received Import Request.
  Time since last request: 1.545087 seconds.
  path: Assets/Prefabs/DesertEagle.prefab
  artifactKey: Guid(0c425786a3ae20246b6ee1ea326fee9b) Importer(815301076,1909f56bfc062723c751e8b465ee728b)
Start importing Assets/Prefabs/DesertEagle.prefab using Guid(0c425786a3ae20246b6ee1ea326fee9b) Importer(815301076,1909f56bfc062723c751e8b465ee728b)  -> (artifact id: 'f5674e40f82b3349246d815a1b7c97d2') in 0.293986 seconds 
========================================================================
Received Import Request.
  Time since last request: 0.000032 seconds.
  path: Assets/Prefabs/StoneHitEffect.prefab
  artifactKey: Guid(0e6bb35540047294d8dcdbce6d747a4a) Importer(815301076,1909f56bfc062723c751e8b465ee728b)
Start importing Assets/Prefabs/StoneHitEffect.prefab using Guid(0e6bb35540047294d8dcdbce6d747a4a) Importer(815301076,1909f56bfc062723c751e8b465ee728b)  -> (artifact id: '80675cd2b9ea8e7d8c703e2005e646c0') in 0.038316 seconds 
========================================================================
Received Import Request.
  Time since last request: 0.000054 seconds.
  path: Assets/Prefabs/MetalHitEffect.prefab
  artifactKey: Guid(b3b0685c76eb9324da0c1a4d3f198167) Importer(815301076,1909f56bfc062723c751e8b465ee728b)
Start importing Assets/Prefabs/MetalHitEffect.prefab using Guid(b3b0685c76eb9324da0c1a4d3f198167) Importer(815301076,1909f56bfc062723c751e8b465ee728b)  -> (artifact id: 'c532e287bec391979a45d97f72c3655e') in 0.024234 seconds 
========================================================================
Received Import Request.
  Time since last request: 0.000030 seconds.
  path: Assets/Prefabs/Player.prefab
  artifactKey: Guid(f716e3d5c5a1cd94bb9c21fd03dbf03e) Importer(815301076,1909f56bfc062723c751e8b465ee728b)
Start importing Assets/Prefabs/Player.prefab using Guid(f716e3d5c5a1cd94bb9c21fd03dbf03e) Importer(815301076,1909f56bfc062723c751e8b465ee728b)  -> (artifact id: '157360afe8554c41ac331e74783297ae') in 0.051978 seconds 
========================================================================
Received Import Request.
  Time since last request: 0.000027 seconds.
  path: Assets/Prefabs/MuzzleFlash.prefab
  artifactKey: Guid(8502172d76c8e174299d72b5d76f7bd4) Importer(815301076,1909f56bfc062723c751e8b465ee728b)
Start importing Assets/Prefabs/MuzzleFlash.prefab using Guid(8502172d76c8e174299d72b5d76f7bd4) Importer(815301076,1909f56bfc062723c751e8b465ee728b)  -> (artifact id: '9dfefb56067321249e126ff7a309e882') in 0.014950 seconds 
========================================================================
Received Import Request.
  Time since last request: 0.320534 seconds.
  path: Assets/Images/CrossHair.png
  artifactKey: Guid(a84e96c371c717f44b9527cc82f08481) Importer(815301076,1909f56bfc062723c751e8b465ee728b)
Start importing Assets/Images/CrossHair.png using Guid(a84e96c371c717f44b9527cc82f08481) Importer(815301076,1909f56bfc062723c751e8b465ee728b)  -> (artifact id: '6d62bb3c0043ec8a50c201a6f2269f10') in 0.028544 seconds 
Editor requested this worker to shutdown with reason: Scaling down because of idle timeout
AssetImportWorker is now disconnected from the server
Process exiting
Exiting without the bug reporter. Application will terminate with return code 0