Using pre-set license
Built from '2021.3/china_unity/release' branch; Version is '2021.3.11f1c2 (2c7757f00bfe) revision 2914135'; Using compiler version '192829333'; Build Type 'Release'
OS: 'Windows 10  (10.0.19045) 64bit CoreCountrySpecific' Language: 'zh' Physical Memory: 16143 MB
BatchMode: 1, IsHumanControllingUs: 0, StartBugReporterOnCrash: 0, Is64bit: 1, IsPro: 1

COMMAND LINE ARGUMENTS:
C:\Program Files\Unity\Hub\Editor\2021.3.11f1c2\Editor\Unity.exe
-adb2
-batchMode
-noUpm
-name
AssetImportWorker5
-projectPath
E:/UnityProjects/FPS
-logFile
Logs/AssetImportWorker5.log
-srvPort
8523
Successfully changed project path to: E:/UnityProjects/FPS
E:/UnityProjects/FPS
[UnityMemory] Configuration Parameters - Can be set up in boot.config
    "memorysetup-bucket-allocator-granularity=16"
    "memorysetup-bucket-allocator-bucket-count=8"
    "memorysetup-bucket-allocator-block-size=33554432"
    "memorysetup-bucket-allocator-block-count=8"
    "memorysetup-main-allocator-block-size=16777216"
    "memorysetup-thread-allocator-block-size=16777216"
    "memorysetup-gfx-main-allocator-block-size=16777216"
    "memorysetup-gfx-thread-allocator-block-size=16777216"
    "memorysetup-cache-allocator-block-size=4194304"
    "memorysetup-typetree-allocator-block-size=2097152"
    "memorysetup-profiler-bucket-allocator-granularity=16"
    "memorysetup-profiler-bucket-allocator-bucket-count=8"
    "memorysetup-profiler-bucket-allocator-block-size=33554432"
    "memorysetup-profiler-bucket-allocator-block-count=8"
    "memorysetup-profiler-allocator-block-size=16777216"
    "memorysetup-profiler-editor-allocator-block-size=1048576"
    "memorysetup-temp-allocator-size-main=16777216"
    "memorysetup-job-temp-allocator-block-size=2097152"
    "memorysetup-job-temp-allocator-block-size-background=1048576"
    "memorysetup-job-temp-allocator-reduction-small-platforms=262144"
    "memorysetup-temp-allocator-size-background-worker=32768"
    "memorysetup-temp-allocator-size-job-worker=262144"
    "memorysetup-temp-allocator-size-preload-manager=33554432"
    "memorysetup-temp-allocator-size-nav-mesh-worker=65536"
    "memorysetup-temp-allocator-size-audio-worker=65536"
    "memorysetup-temp-allocator-size-cloud-worker=32768"
    "memorysetup-temp-allocator-size-gi-baking-worker=262144"
    "memorysetup-temp-allocator-size-gfx=262144"
AS: AutoStreaming module initializing.
Refreshing native plugins compatible for Editor in 140.12 ms, found 3 plugins.
Preloading 0 native plugins for Editor in 0.00 ms.
Initialize engine version: 2021.3.11f1c2 (2c7757f00bfe)
[Subsystems] Discovering subsystems at path C:/Program Files/Unity/Hub/Editor/2021.3.11f1c2/Editor/Data/Resources/UnitySubsystems
[Subsystems] Discovering subsystems at path E:/UnityProjects/FPS/Assets
GfxDevice: creating device client; threaded=0; jobified=0
Direct3D:
    Version:  Direct3D 11.0 [level 11.1]
    Renderer: NVIDIA GeForce GTX 1650 Ti (ID=0x1f95)
    Vendor:   NVIDIA
    VRAM:     3949 MB
    Driver:   31.0.15.2737
Initialize mono
Mono path[0] = 'C:/Program Files/Unity/Hub/Editor/2021.3.11f1c2/Editor/Data/Managed'
Mono path[1] = 'C:/Program Files/Unity/Hub/Editor/2021.3.11f1c2/Editor/Data/MonoBleedingEdge/lib/mono/unityjit-win32'
Mono config path = 'C:/Program Files/Unity/Hub/Editor/2021.3.11f1c2/Editor/Data/MonoBleedingEdge/etc'
Using monoOptions --debugger-agent=transport=dt_socket,embedding=1,server=y,suspend=n,address=127.0.0.1:56356
Begin MonoManager ReloadAssembly
Registering precompiled unity dll's ...
Register platform support module: C:/Program Files/Unity/Hub/Editor/2021.3.11f1c2/Editor/Data/PlaybackEngines/WebGLSupport/UnityEditor.WebGL.Extensions.dll
Register platform support module: C:/Program Files/Unity/Hub/Editor/2021.3.11f1c2/Editor/Data/PlaybackEngines/AndroidPlayer/UnityEditor.Android.Extensions.dll
Register platform support module: C:/Program Files/Unity/Hub/Editor/2021.3.11f1c2/Editor/Data/PlaybackEngines/WindowsStandaloneSupport/UnityEditor.WindowsStandalone.Extensions.dll
Registered in 0.028224 seconds.
Native extension for WindowsStandalone target not found
Native extension for Android target not found
Native extension for WebGL target not found
Refreshing native plugins compatible for Editor in 121.47 ms, found 3 plugins.
Preloading 0 native plugins for Editor in 0.00 ms.
Mono: successfully reloaded assembly
- Completed reload, in  0.849 seconds
Domain Reload Profiling:
	ReloadAssembly (850ms)
		BeginReloadAssembly (125ms)
			ExecutionOrderSort (0ms)
			DisableScriptedObjects (0ms)
			BackupInstance (0ms)
			ReleaseScriptingObjects (0ms)
			CreateAndSetChildDomain (1ms)
		EndReloadAssembly (546ms)
			LoadAssemblies (114ms)
			RebuildTransferFunctionScriptingTraits (0ms)
			SetupTypeCache (110ms)
			ReleaseScriptCaches (0ms)
			RebuildScriptCaches (26ms)
			SetupLoadedEditorAssemblies (327ms)
				LogAssemblyErrors (0ms)
				InitializePlatformSupportModulesInManaged (56ms)
				SetLoadedEditorAssemblies (0ms)
				RefreshPlugins (122ms)
				BeforeProcessingInitializeOnLoad (1ms)
				ProcessInitializeOnLoadAttributes (101ms)
				ProcessInitializeOnLoadMethodAttributes (47ms)
				AfterProcessingInitializeOnLoad (0ms)
				EditorAssembliesLoaded (0ms)
			ExecutionOrderSort2 (0ms)
			AwakeInstancesAfterBackupRestoration (0ms)
Platform modules already initialized, skipping
Registering precompiled user dll's ...
Registered in 0.023986 seconds.
Begin MonoManager ReloadAssembly
Symbol file LoadedFromMemory doesn't match image E:\UnityProjects\FPS\Library\PackageCache\com.unity.visualscripting@1.7.8\Editor\VisualScripting.Core\Dependencies\YamlDotNet\Unity.VisualScripting.YamlDotNet.dll
Symbol file LoadedFromMemory doesn't match image E:\UnityProjects\FPS\Library\PackageCache\com.unity.visualscripting@1.7.8\Editor\VisualScripting.Core\Dependencies\DotNetZip\Unity.VisualScripting.IonicZip.dll
Native extension for WindowsStandalone target not found
Native extension for Android target not found
Native extension for WebGL target not found
Refreshing native plugins compatible for Editor in 130.69 ms, found 3 plugins.
Preloading 0 native plugins for Editor in 0.00 ms.
Mono: successfully reloaded assembly
- Completed reload, in  1.733 seconds
Domain Reload Profiling:
	ReloadAssembly (1734ms)
		BeginReloadAssembly (156ms)
			ExecutionOrderSort (0ms)
			DisableScriptedObjects (5ms)
			BackupInstance (0ms)
			ReleaseScriptingObjects (0ms)
			CreateAndSetChildDomain (18ms)
		EndReloadAssembly (1416ms)
			LoadAssemblies (161ms)
			RebuildTransferFunctionScriptingTraits (0ms)
			SetupTypeCache (355ms)
			ReleaseScriptCaches (1ms)
			RebuildScriptCaches (93ms)
			SetupLoadedEditorAssemblies (742ms)
				LogAssemblyErrors (0ms)
				InitializePlatformSupportModulesInManaged (23ms)
				SetLoadedEditorAssemblies (0ms)
				RefreshPlugins (131ms)
				BeforeProcessingInitializeOnLoad (155ms)
				ProcessInitializeOnLoadAttributes (293ms)
				ProcessInitializeOnLoadMethodAttributes (98ms)
				AfterProcessingInitializeOnLoad (42ms)
				EditorAssembliesLoaded (0ms)
			ExecutionOrderSort2 (0ms)
			AwakeInstancesAfterBackupRestoration (11ms)
Platform modules already initialized, skipping
========================================================================
Worker process is ready to serve import requests
Launched and connected shader compiler UnityShaderCompiler.exe after 0.06 seconds
Refreshing native plugins compatible for Editor in 1.08 ms, found 3 plugins.
Preloading 0 native plugins for Editor in 0.00 ms.
Unloading 6242 Unused Serialized files (Serialized files now loaded: 0)
Unloading 52 unused Assets / (1.9 MB). Loaded Objects now: 6702.
Memory consumption went from 348.9 MB to 347.0 MB.
Total: 4.687200 ms (FindLiveObjects: 0.544100 ms CreateObjectMapping: 0.495400 ms MarkObjects: 2.831400 ms  DeleteObjects: 0.815600 ms)

AssetImportParameters requested are different than current active one (requested -> active):
  custom:video-decoder-ogg-theora: a1e56fd34408186e4bbccfd4996cb3dc -> 
  custom:container-muxer-webm: aa71ff27fc2769a1b78a27578f13a17b -> 
  custom:container-demuxer-webm: 4f35f7cbe854078d1ac9338744f61a02 -> 
  custom:video-encoder-webm-vp8: eb34c28f22e8b96e1ab97ce403110664 -> 
  custom:video-codec-MediaFoundation-h265: 746d11721c4dcdbdad8f713fa42b33f4 -> 
  custom:audio-encoder-webm-vorbis: bf7c407c2cedff20999df2af8eb42d56 -> 
  custom:framework-win-MediaFoundation: 216162199b28c13a410421893ffa2e32 -> 
  custom:container-demuxer-ogg: 62fdf1f143b41e24485cea50d1cbac27 -> 
  custom:video-decoder-webm-vp8: 9c59270c3fd7afecdb556c50c9e8de78 -> 
  custom:audio-decoder-ogg-vorbis: bf7c407c2cedff20999df2af8eb42d56 -> 
========================================================================
Received Prepare
Registering precompiled user dll's ...
Registered in 0.026021 seconds.
Begin MonoManager ReloadAssembly
Symbol file LoadedFromMemory doesn't match image E:\UnityProjects\FPS\Library\PackageCache\com.unity.visualscripting@1.7.8\Editor\VisualScripting.Core\Dependencies\YamlDotNet\Unity.VisualScripting.YamlDotNet.dll
Symbol file LoadedFromMemory doesn't match image E:\UnityProjects\FPS\Library\PackageCache\com.unity.visualscripting@1.7.8\Editor\VisualScripting.Core\Dependencies\DotNetZip\Unity.VisualScripting.IonicZip.dll
Native extension for WindowsStandalone target not found
Native extension for Android target not found
Native extension for WebGL target not found
Refreshing native plugins compatible for Editor in 1.50 ms, found 3 plugins.
Preloading 0 native plugins for Editor in 0.00 ms.
Mono: successfully reloaded assembly
- Completed reload, in  1.884 seconds
Domain Reload Profiling:
	ReloadAssembly (1885ms)
		BeginReloadAssembly (265ms)
			ExecutionOrderSort (0ms)
			DisableScriptedObjects (5ms)
			BackupInstance (0ms)
			ReleaseScriptingObjects (0ms)
			CreateAndSetChildDomain (52ms)
		EndReloadAssembly (1438ms)
			LoadAssemblies (225ms)
			RebuildTransferFunctionScriptingTraits (0ms)
			SetupTypeCache (454ms)
			ReleaseScriptCaches (3ms)
			RebuildScriptCaches (63ms)
			SetupLoadedEditorAssemblies (661ms)
				LogAssemblyErrors (0ms)
				InitializePlatformSupportModulesInManaged (37ms)
				SetLoadedEditorAssemblies (1ms)
				RefreshPlugins (2ms)
				BeforeProcessingInitializeOnLoad (164ms)
				ProcessInitializeOnLoadAttributes (308ms)
				ProcessInitializeOnLoadMethodAttributes (104ms)
				AfterProcessingInitializeOnLoad (45ms)
				EditorAssembliesLoaded (0ms)
			ExecutionOrderSort2 (0ms)
			AwakeInstancesAfterBackupRestoration (17ms)
Platform modules already initialized, skipping
Refreshing native plugins compatible for Editor in 4.37 ms, found 3 plugins.
Preloading 0 native plugins for Editor in 0.00 ms.
Unloading 6058 Unused Serialized files (Serialized files now loaded: 0)
Unloading 45 unused Assets / (1.9 MB). Loaded Objects now: 6706.
Memory consumption went from 334.5 MB to 332.6 MB.
Total: 4.865100 ms (FindLiveObjects: 0.571700 ms CreateObjectMapping: 0.579200 ms MarkObjects: 3.165800 ms  DeleteObjects: 0.547200 ms)

AssetImportParameters requested are different than current active one (requested -> active):
  custom:video-decoder-ogg-theora: a1e56fd34408186e4bbccfd4996cb3dc -> 
  custom:container-muxer-webm: aa71ff27fc2769a1b78a27578f13a17b -> 
  custom:container-demuxer-webm: 4f35f7cbe854078d1ac9338744f61a02 -> 
  custom:video-encoder-webm-vp8: eb34c28f22e8b96e1ab97ce403110664 -> 
  custom:video-codec-MediaFoundation-h265: 746d11721c4dcdbdad8f713fa42b33f4 -> 
  custom:audio-encoder-webm-vorbis: bf7c407c2cedff20999df2af8eb42d56 -> 
  custom:framework-win-MediaFoundation: 216162199b28c13a410421893ffa2e32 -> 
  custom:container-demuxer-ogg: 62fdf1f143b41e24485cea50d1cbac27 -> 
  custom:video-decoder-webm-vp8: 9c59270c3fd7afecdb556c50c9e8de78 -> 
  custom:audio-decoder-ogg-vorbis: bf7c407c2cedff20999df2af8eb42d56 -> 
========================================================================
Received Prepare
Registering precompiled user dll's ...
Registered in 0.025843 seconds.
Begin MonoManager ReloadAssembly
Symbol file LoadedFromMemory doesn't match image E:\UnityProjects\FPS\Library\PackageCache\com.unity.visualscripting@1.7.8\Editor\VisualScripting.Core\Dependencies\YamlDotNet\Unity.VisualScripting.YamlDotNet.dll
Symbol file LoadedFromMemory doesn't match image E:\UnityProjects\FPS\Library\PackageCache\com.unity.visualscripting@1.7.8\Editor\VisualScripting.Core\Dependencies\DotNetZip\Unity.VisualScripting.IonicZip.dll
Native extension for WindowsStandalone target not found
Native extension for Android target not found
Native extension for WebGL target not found
Refreshing native plugins compatible for Editor in 1.61 ms, found 3 plugins.
Preloading 0 native plugins for Editor in 0.00 ms.
Mono: successfully reloaded assembly
- Completed reload, in  1.843 seconds
Domain Reload Profiling:
	ReloadAssembly (1844ms)
		BeginReloadAssembly (238ms)
			ExecutionOrderSort (0ms)
			DisableScriptedObjects (5ms)
			BackupInstance (0ms)
			ReleaseScriptingObjects (0ms)
			CreateAndSetChildDomain (50ms)
		EndReloadAssembly (1433ms)
			LoadAssemblies (202ms)
			RebuildTransferFunctionScriptingTraits (0ms)
			SetupTypeCache (432ms)
			ReleaseScriptCaches (3ms)
			RebuildScriptCaches (66ms)
			SetupLoadedEditorAssemblies (650ms)
				LogAssemblyErrors (0ms)
				InitializePlatformSupportModulesInManaged (41ms)
				SetLoadedEditorAssemblies (1ms)
				RefreshPlugins (2ms)
				BeforeProcessingInitializeOnLoad (152ms)
				ProcessInitializeOnLoadAttributes (298ms)
				ProcessInitializeOnLoadMethodAttributes (111ms)
				AfterProcessingInitializeOnLoad (45ms)
				EditorAssembliesLoaded (0ms)
			ExecutionOrderSort2 (0ms)
			AwakeInstancesAfterBackupRestoration (18ms)
Platform modules already initialized, skipping
Refreshing native plugins compatible for Editor in 4.76 ms, found 3 plugins.
Preloading 0 native plugins for Editor in 0.00 ms.
Unloading 6058 Unused Serialized files (Serialized files now loaded: 0)
Unloading 45 unused Assets / (1.9 MB). Loaded Objects now: 6710.
Memory consumption went from 334.4 MB to 332.5 MB.
Total: 5.144700 ms (FindLiveObjects: 0.660500 ms CreateObjectMapping: 0.641400 ms MarkObjects: 3.141700 ms  DeleteObjects: 0.699900 ms)

AssetImportParameters requested are different than current active one (requested -> active):
  custom:video-decoder-ogg-theora: a1e56fd34408186e4bbccfd4996cb3dc -> 
  custom:container-muxer-webm: aa71ff27fc2769a1b78a27578f13a17b -> 
  custom:container-demuxer-webm: 4f35f7cbe854078d1ac9338744f61a02 -> 
  custom:video-encoder-webm-vp8: eb34c28f22e8b96e1ab97ce403110664 -> 
  custom:video-codec-MediaFoundation-h265: 746d11721c4dcdbdad8f713fa42b33f4 -> 
  custom:audio-encoder-webm-vorbis: bf7c407c2cedff20999df2af8eb42d56 -> 
  custom:framework-win-MediaFoundation: 216162199b28c13a410421893ffa2e32 -> 
  custom:container-demuxer-ogg: 62fdf1f143b41e24485cea50d1cbac27 -> 
  custom:video-decoder-webm-vp8: 9c59270c3fd7afecdb556c50c9e8de78 -> 
  custom:audio-decoder-ogg-vorbis: bf7c407c2cedff20999df2af8eb42d56 -> 
========================================================================
Received Import Request.
  Time since last request: 753360.185885 seconds.
  path: Assets/LowPolyFPS/Models/AmoBox_01_2.fbx
  artifactKey: Guid(b8360dff6746b2d4983a1f09ab5c2018) Importer(815301076,1909f56bfc062723c751e8b465ee728b)
Start importing Assets/LowPolyFPS/Models/AmoBox_01_2.fbx using Guid(b8360dff6746b2d4983a1f09ab5c2018) Importer(815301076,1909f56bfc062723c751e8b465ee728b)  -> (artifact id: '3356b03e81b3f7ded56df3f662a78cef') in 0.359468 seconds 
========================================================================
Received Import Request.
  Time since last request: 0.000036 seconds.
  path: Assets/LowPolyFPS/Models/AutoService_01.fbx
  artifactKey: Guid(9e7c393a50aa4d5409800c47b2661b1c) Importer(815301076,1909f56bfc062723c751e8b465ee728b)
Start importing Assets/LowPolyFPS/Models/AutoService_01.fbx using Guid(9e7c393a50aa4d5409800c47b2661b1c) Importer(815301076,1909f56bfc062723c751e8b465ee728b)  -> (artifact id: '81789692197d871f0d426d6ae1cc3e9c') in 0.026453 seconds 
========================================================================
Received Import Request.
  Time since last request: 0.000035 seconds.
  path: Assets/LowPolyFPS/Models/RoadPart_04.fbx
  artifactKey: Guid(845d65946dab53d4589f91f3a156d83d) Importer(815301076,1909f56bfc062723c751e8b465ee728b)
Start importing Assets/LowPolyFPS/Models/RoadPart_04.fbx using Guid(845d65946dab53d4589f91f3a156d83d) Importer(815301076,1909f56bfc062723c751e8b465ee728b)  -> (artifact id: '4db1f158dad0026e1280ee1c80d7c1bc') in 0.026635 seconds 
========================================================================
Received Import Request.
  Time since last request: 0.000027 seconds.
  path: Assets/LowPolyFPS/Models/House_03.fbx
  artifactKey: Guid(da2de7c2c47e42b42ac4895fd2d4d49d) Importer(815301076,1909f56bfc062723c751e8b465ee728b)
Start importing Assets/LowPolyFPS/Models/House_03.fbx using Guid(da2de7c2c47e42b42ac4895fd2d4d49d) Importer(815301076,1909f56bfc062723c751e8b465ee728b)  -> (artifact id: 'c7335d2a61c7eed3c149e1ad54c5934f') in 0.023088 seconds 
========================================================================
Received Import Request.
  Time since last request: 0.000027 seconds.
  path: Assets/LowPolyFPS/Models/OldCar_02.fbx
  artifactKey: Guid(8ea86d04dbec6bd48b665bf136e29339) Importer(815301076,1909f56bfc062723c751e8b465ee728b)
Start importing Assets/LowPolyFPS/Models/OldCar_02.fbx using Guid(8ea86d04dbec6bd48b665bf136e29339) Importer(815301076,1909f56bfc062723c751e8b465ee728b)  -> (artifact id: '05d27ce12e76733ae8483d028079c1a1') in 0.023864 seconds 
========================================================================
Received Import Request.
  Time since last request: 0.000029 seconds.
  path: Assets/LowPolyFPS/Models/Road_02.fbx
  artifactKey: Guid(d2590f8650315a94a96d8534181da150) Importer(815301076,1909f56bfc062723c751e8b465ee728b)
Start importing Assets/LowPolyFPS/Models/Road_02.fbx using Guid(d2590f8650315a94a96d8534181da150) Importer(815301076,1909f56bfc062723c751e8b465ee728b)  -> (artifact id: '500c679ac4dd4231d4cade79028eea29') in 0.023065 seconds 
========================================================================
Received Import Request.
  Time since last request: 0.000025 seconds.
  path: Assets/LowPolyFPS/Models/Mud_02.fbx
  artifactKey: Guid(25d2b8d3f350c684dabc21fd9b017e29) Importer(815301076,1909f56bfc062723c751e8b465ee728b)
Start importing Assets/LowPolyFPS/Models/Mud_02.fbx using Guid(25d2b8d3f350c684dabc21fd9b017e29) Importer(815301076,1909f56bfc062723c751e8b465ee728b)  -> (artifact id: '061030a3df5782e2fa6773c0e68a4d74') in 0.021101 seconds 
========================================================================
Received Import Request.
  Time since last request: 0.000029 seconds.
  path: Assets/LowPolyFPS/Models/House_05.fbx
  artifactKey: Guid(130afb72a310d1d4ca707a8606e37519) Importer(815301076,1909f56bfc062723c751e8b465ee728b)
Start importing Assets/LowPolyFPS/Models/House_05.fbx using Guid(130afb72a310d1d4ca707a8606e37519) Importer(815301076,1909f56bfc062723c751e8b465ee728b)  -> (artifact id: '3e8a2ca364016359545eb24f0b30a051') in 0.023331 seconds 
========================================================================
Received Import Request.
  Time since last request: 0.000026 seconds.
  path: Assets/LowPolyFPS/Models/Roof_01.fbx
  artifactKey: Guid(1e0879fa21963c345b2603191a8cd2ee) Importer(815301076,1909f56bfc062723c751e8b465ee728b)
Start importing Assets/LowPolyFPS/Models/Roof_01.fbx using Guid(1e0879fa21963c345b2603191a8cd2ee) Importer(815301076,1909f56bfc062723c751e8b465ee728b)  -> (artifact id: '94d08df5b15b93fe905dea25e5bf2dd3') in 0.021693 seconds 
========================================================================
Received Import Request.
  Time since last request: 0.000038 seconds.
  path: Assets/LowPolyFPS/Models/Box_03.fbx
  artifactKey: Guid(c19d55906694f794e9ad0b47065a8fa5) Importer(815301076,1909f56bfc062723c751e8b465ee728b)
Start importing Assets/LowPolyFPS/Models/Box_03.fbx using Guid(c19d55906694f794e9ad0b47065a8fa5) Importer(815301076,1909f56bfc062723c751e8b465ee728b)  -> (artifact id: 'dfdaa25f339baab8cde7aa9e335e16de') in 0.022290 seconds 
========================================================================
Received Import Request.
  Time since last request: 0.000044 seconds.
  path: Assets/LowPolyFPS/Models/RoadPart_01.fbx
  artifactKey: Guid(448e473b87148e44abe44085b9bf7439) Importer(815301076,1909f56bfc062723c751e8b465ee728b)
Start importing Assets/LowPolyFPS/Models/RoadPart_01.fbx using Guid(448e473b87148e44abe44085b9bf7439) Importer(815301076,1909f56bfc062723c751e8b465ee728b)  -> (artifact id: '463c2dfeebb1662b1cdf0ffb5af9aeff') in 0.020077 seconds 
========================================================================
Received Import Request.
  Time since last request: 0.000028 seconds.
  path: Assets/LowPolyFPS/Models/Parking_01_2.fbx
  artifactKey: Guid(570ec79f911634c44b1282a2ebe1e9e1) Importer(815301076,1909f56bfc062723c751e8b465ee728b)
Start importing Assets/LowPolyFPS/Models/Parking_01_2.fbx using Guid(570ec79f911634c44b1282a2ebe1e9e1) Importer(815301076,1909f56bfc062723c751e8b465ee728b)  -> (artifact id: '83d9568228d852ca3350f0ecfb0a0b11') in 0.019648 seconds 
========================================================================
Received Import Request.
  Time since last request: 0.000037 seconds.
  path: Assets/LowPolyFPS/Models/Road_03.fbx
  artifactKey: Guid(272865094cf22794488a11c85b0330e2) Importer(815301076,1909f56bfc062723c751e8b465ee728b)
Start importing Assets/LowPolyFPS/Models/Road_03.fbx using Guid(272865094cf22794488a11c85b0330e2) Importer(815301076,1909f56bfc062723c751e8b465ee728b)  -> (artifact id: '03aa30d7be9c21a68ef1eff5bb7264d9') in 0.019811 seconds 
========================================================================
Received Import Request.
  Time since last request: 0.000049 seconds.
  path: Assets/LowPolyFPS/Models/Garbage_01.fbx
  artifactKey: Guid(8e4543bd5f7df5e459c725319f185b72) Importer(815301076,1909f56bfc062723c751e8b465ee728b)
Start importing Assets/LowPolyFPS/Models/Garbage_01.fbx using Guid(8e4543bd5f7df5e459c725319f185b72) Importer(815301076,1909f56bfc062723c751e8b465ee728b)  -> (artifact id: 'a2d14cc33dcefabec9f4ac5c57bf7c42') in 0.020834 seconds 
========================================================================
Received Import Request.
  Time since last request: 0.000028 seconds.
  path: Assets/LowPolyFPS/Models/House_06.fbx
  artifactKey: Guid(8b9f4a19d525593438437c44681481f3) Importer(815301076,1909f56bfc062723c751e8b465ee728b)
Start importing Assets/LowPolyFPS/Models/House_06.fbx using Guid(8b9f4a19d525593438437c44681481f3) Importer(815301076,1909f56bfc062723c751e8b465ee728b)  -> (artifact id: 'c845adaaebfbf2672d6597f999171b30') in 0.022097 seconds 
========================================================================
Received Import Request.
  Time since last request: 0.000042 seconds.
  path: Assets/LowPolyFPS/Models/Road_07.fbx
  artifactKey: Guid(b402911b3cd6635499d10d8744b4ed66) Importer(815301076,1909f56bfc062723c751e8b465ee728b)
Start importing Assets/LowPolyFPS/Models/Road_07.fbx using Guid(b402911b3cd6635499d10d8744b4ed66) Importer(815301076,1909f56bfc062723c751e8b465ee728b)  -> (artifact id: 'a72abe887b8bb77c5d18697006530580') in 0.019612 seconds 
========================================================================
Received Import Request.
  Time since last request: 0.000038 seconds.
  path: Assets/LowPolyFPS/Models/Rock_01.fbx
  artifactKey: Guid(83692c88a2799cf4f913a3ffd1b89aa8) Importer(815301076,1909f56bfc062723c751e8b465ee728b)
Start importing Assets/LowPolyFPS/Models/Rock_01.fbx using Guid(83692c88a2799cf4f913a3ffd1b89aa8) Importer(815301076,1909f56bfc062723c751e8b465ee728b)  -> (artifact id: 'd09649e31156fc5016a91d6010146eaa') in 0.022543 seconds 
========================================================================
Received Import Request.
  Time since last request: 0.000031 seconds.
  path: Assets/LowPolyFPS/Models/OldCar_06.fbx
  artifactKey: Guid(95c4d545d2f2d2a49befb6a7fd9437d6) Importer(815301076,1909f56bfc062723c751e8b465ee728b)
Start importing Assets/LowPolyFPS/Models/OldCar_06.fbx using Guid(95c4d545d2f2d2a49befb6a7fd9437d6) Importer(815301076,1909f56bfc062723c751e8b465ee728b)  -> (artifact id: '49252c1273c8258111b5651878f2640d') in 0.024559 seconds 
========================================================================
Received Import Request.
  Time since last request: 0.000041 seconds.
  path: Assets/LowPolyFPS/Models/Gas_Station_01.fbx
  artifactKey: Guid(31a1fdcc6f203794eb08eb766046cc0b) Importer(815301076,1909f56bfc062723c751e8b465ee728b)
Start importing Assets/LowPolyFPS/Models/Gas_Station_01.fbx using Guid(31a1fdcc6f203794eb08eb766046cc0b) Importer(815301076,1909f56bfc062723c751e8b465ee728b)  -> (artifact id: 'a53e2b9dc58a5f6cbfe95ef67158bef8') in 0.024994 seconds 
========================================================================
Received Import Request.
  Time since last request: 0.000024 seconds.
  path: Assets/LowPolyFPS/Models/PowerLines_01.fbx
  artifactKey: Guid(b4fb45bf4915bf24d8fdb2b0922ea631) Importer(815301076,1909f56bfc062723c751e8b465ee728b)
Start importing Assets/LowPolyFPS/Models/PowerLines_01.fbx using Guid(b4fb45bf4915bf24d8fdb2b0922ea631) Importer(815301076,1909f56bfc062723c751e8b465ee728b)  -> (artifact id: '821a1196c59fc3198893bcd61e2439be') in 0.021056 seconds 
========================================================================
Received Import Request.
  Time since last request: 0.000028 seconds.
  path: Assets/LowPolyFPS/Models/Barrier_01.fbx
  artifactKey: Guid(6c3ad6d369fcd1e4a83e04e716b83cfe) Importer(815301076,1909f56bfc062723c751e8b465ee728b)
Start importing Assets/LowPolyFPS/Models/Barrier_01.fbx using Guid(6c3ad6d369fcd1e4a83e04e716b83cfe) Importer(815301076,1909f56bfc062723c751e8b465ee728b)  -> (artifact id: '983a4fe2c799d15877f7d32437e38931') in 0.023033 seconds 
========================================================================
Received Import Request.
  Time since last request: 0.000036 seconds.
  path: Assets/LowPolyFPS/Models/Church_01.fbx
  artifactKey: Guid(e6c1ce292d92e6d4bac2d0312a51bbcb) Importer(815301076,1909f56bfc062723c751e8b465ee728b)
Start importing Assets/LowPolyFPS/Models/Church_01.fbx using Guid(e6c1ce292d92e6d4bac2d0312a51bbcb) Importer(815301076,1909f56bfc062723c751e8b465ee728b)  -> (artifact id: '05ec7c00128553d8fbdd219707b1d2f2') in 0.024286 seconds 
========================================================================
Received Import Request.
  Time since last request: 0.000041 seconds.
  path: Assets/LowPolyFPS/Models/Barrel_01.fbx
  artifactKey: Guid(75ab298af6fb3f74491284422550141f) Importer(815301076,1909f56bfc062723c751e8b465ee728b)
Start importing Assets/LowPolyFPS/Models/Barrel_01.fbx using Guid(75ab298af6fb3f74491284422550141f) Importer(815301076,1909f56bfc062723c751e8b465ee728b)  -> (artifact id: '6200eb60dddd9f9780da21b6f108430b') in 0.021683 seconds 
========================================================================
Received Import Request.
  Time since last request: 0.000025 seconds.
  path: Assets/LowPolyFPS/Models/Box_02.fbx
  artifactKey: Guid(3e040dbed2b16a140a3bc917b90406a2) Importer(815301076,1909f56bfc062723c751e8b465ee728b)
Start importing Assets/LowPolyFPS/Models/Box_02.fbx using Guid(3e040dbed2b16a140a3bc917b90406a2) Importer(815301076,1909f56bfc062723c751e8b465ee728b)  -> (artifact id: '0021f9af5a01c9a03679928039091fe7') in 0.024648 seconds 
========================================================================
Received Import Request.
  Time since last request: 0.000036 seconds.
  path: Assets/LowPolyFPS/Models/House_04.fbx
  artifactKey: Guid(23f34dd000084ca40af8054d8fb738e4) Importer(815301076,1909f56bfc062723c751e8b465ee728b)
Start importing Assets/LowPolyFPS/Models/House_04.fbx using Guid(23f34dd000084ca40af8054d8fb738e4) Importer(815301076,1909f56bfc062723c751e8b465ee728b)  -> (artifact id: '022d4d01be7bbb9f84059b225edf414b') in 0.022193 seconds 
========================================================================
Received Import Request.
  Time since last request: 0.000035 seconds.
  path: Assets/LowPolyFPS/Models/Road_01.fbx
  artifactKey: Guid(16e36bdba61e97643bab4e4de6fa44c8) Importer(815301076,1909f56bfc062723c751e8b465ee728b)
Start importing Assets/LowPolyFPS/Models/Road_01.fbx using Guid(16e36bdba61e97643bab4e4de6fa44c8) Importer(815301076,1909f56bfc062723c751e8b465ee728b)  -> (artifact id: '6473ca4b0104155c7b6441af66e1165a') in 0.020697 seconds 
========================================================================
Received Import Request.
  Time since last request: 0.000021 seconds.
  path: Assets/LowPolyFPS/Models/ATM.fbx
  artifactKey: Guid(40ec42c97e0b50f4b99a25fbc0655b57) Importer(815301076,1909f56bfc062723c751e8b465ee728b)
Start importing Assets/LowPolyFPS/Models/ATM.fbx using Guid(40ec42c97e0b50f4b99a25fbc0655b57) Importer(815301076,1909f56bfc062723c751e8b465ee728b)  -> (artifact id: '6194c868378f06c73a30fc1a282697b4') in 0.023181 seconds 
========================================================================
Received Import Request.
  Time since last request: 0.000025 seconds.
  path: Assets/LowPolyFPS/Models/Fence_01.fbx
  artifactKey: Guid(e6d7522a1f8ba104f999ac433e793945) Importer(815301076,1909f56bfc062723c751e8b465ee728b)
Start importing Assets/LowPolyFPS/Models/Fence_01.fbx using Guid(e6d7522a1f8ba104f999ac433e793945) Importer(815301076,1909f56bfc062723c751e8b465ee728b)  -> (artifact id: '38950b1c1e9b6c3d6f1c2ce6652a3c8a') in 0.021882 seconds 
========================================================================
Received Import Request.
  Time since last request: 0.000032 seconds.
  path: Assets/LowPolyFPS/Models/Pallet_02.fbx
  artifactKey: Guid(b69ca4cd9ddf5bf41abc8a726dfa4121) Importer(815301076,1909f56bfc062723c751e8b465ee728b)
Start importing Assets/LowPolyFPS/Models/Pallet_02.fbx using Guid(b69ca4cd9ddf5bf41abc8a726dfa4121) Importer(815301076,1909f56bfc062723c751e8b465ee728b)  -> (artifact id: '884979841fe75ab1539b15f5afd03194') in 0.020446 seconds 
========================================================================
Received Import Request.
  Time since last request: 0.000027 seconds.
  path: Assets/LowPolyFPS/Models/FlowerBed_01.fbx
  artifactKey: Guid(04cf3749c28248c46b400eb767ebad54) Importer(815301076,1909f56bfc062723c751e8b465ee728b)
Start importing Assets/LowPolyFPS/Models/FlowerBed_01.fbx using Guid(04cf3749c28248c46b400eb767ebad54) Importer(815301076,1909f56bfc062723c751e8b465ee728b)  -> (artifact id: '661bc2d7d5b322685a658dd095464dff') in 0.021572 seconds 
========================================================================
Received Import Request.
  Time since last request: 0.000031 seconds.
  path: Assets/LowPolyFPS/Models/Luke_01.fbx
  artifactKey: Guid(7bb2c735a31a56a42aa1d0d6f1cd2d47) Importer(815301076,1909f56bfc062723c751e8b465ee728b)
Start importing Assets/LowPolyFPS/Models/Luke_01.fbx using Guid(7bb2c735a31a56a42aa1d0d6f1cd2d47) Importer(815301076,1909f56bfc062723c751e8b465ee728b)  -> (artifact id: '924d2eaabe81804a9923da744b2d2979') in 0.021683 seconds 
========================================================================
Received Import Request.
  Time since last request: 0.000027 seconds.
  path: Assets/LowPolyFPS/Models/ParkingBG_01.fbx
  artifactKey: Guid(b7771b5615116b24abf7f36341b2284a) Importer(815301076,1909f56bfc062723c751e8b465ee728b)
Start importing Assets/LowPolyFPS/Models/ParkingBG_01.fbx using Guid(b7771b5615116b24abf7f36341b2284a) Importer(815301076,1909f56bfc062723c751e8b465ee728b)  -> (artifact id: '94f6743359400188c435691a18fc8e75') in 0.024386 seconds 
========================================================================
Received Import Request.
  Time since last request: 0.000042 seconds.
  path: Assets/LowPolyFPS/Models/OldCar_01.fbx
  artifactKey: Guid(30d5116deff1c414ca214d526d2a04b5) Importer(815301076,1909f56bfc062723c751e8b465ee728b)
Start importing Assets/LowPolyFPS/Models/OldCar_01.fbx using Guid(30d5116deff1c414ca214d526d2a04b5) Importer(815301076,1909f56bfc062723c751e8b465ee728b)  -> (artifact id: '749edf6fa0f3727c9791d0c19bb55087') in 0.024449 seconds 
========================================================================
Received Import Request.
  Time since last request: 0.000053 seconds.
  path: Assets/LowPolyFPS/Models/House_01.fbx
  artifactKey: Guid(96a167dc9d4fe144ea812113e8a71a2a) Importer(815301076,1909f56bfc062723c751e8b465ee728b)
Start importing Assets/LowPolyFPS/Models/House_01.fbx using Guid(96a167dc9d4fe144ea812113e8a71a2a) Importer(815301076,1909f56bfc062723c751e8b465ee728b)  -> (artifact id: 'e371f892bf33e3a7fcfb5f551f80ff52') in 0.021961 seconds 
========================================================================
Received Import Request.
  Time since last request: 0.000024 seconds.
  path: Assets/LowPolyFPS/Models/Fan_01.fbx
  artifactKey: Guid(84ef1723f045b534a99026a309d03388) Importer(815301076,1909f56bfc062723c751e8b465ee728b)
Start importing Assets/LowPolyFPS/Models/Fan_01.fbx using Guid(84ef1723f045b534a99026a309d03388) Importer(815301076,1909f56bfc062723c751e8b465ee728b)  -> (artifact id: '7523993d2ddb16b0a1600185190b077f') in 0.022502 seconds 
========================================================================
Received Import Request.
  Time since last request: 0.000030 seconds.
  path: Assets/LowPolyFPS/Models/Car_01.fbx
  artifactKey: Guid(3146ff4fc9426e045a8cf08c02e6372d) Importer(815301076,1909f56bfc062723c751e8b465ee728b)
Start importing Assets/LowPolyFPS/Models/Car_01.fbx using Guid(3146ff4fc9426e045a8cf08c02e6372d) Importer(815301076,1909f56bfc062723c751e8b465ee728b)  -> (artifact id: '025b23583c58634dc169feafadb0c83c') in 0.021167 seconds 
========================================================================
Received Import Request.
  Time since last request: 0.000036 seconds.
  path: Assets/LowPolyFPS/Models/RoadPart_05.fbx
  artifactKey: Guid(e37e2fb1410c09d4db04aa34015aea1c) Importer(815301076,1909f56bfc062723c751e8b465ee728b)
Start importing Assets/LowPolyFPS/Models/RoadPart_05.fbx using Guid(e37e2fb1410c09d4db04aa34015aea1c) Importer(815301076,1909f56bfc062723c751e8b465ee728b)  -> (artifact id: '3b5cd890b66ed525092cf6c841971b4e') in 0.020542 seconds 
========================================================================
Received Import Request.
  Time since last request: 0.000041 seconds.
  path: Assets/LowPolyFPS/Models/Office_01.fbx
  artifactKey: Guid(309de4fd3ae48a646895d81589f7a2f3) Importer(815301076,1909f56bfc062723c751e8b465ee728b)
Start importing Assets/LowPolyFPS/Models/Office_01.fbx using Guid(309de4fd3ae48a646895d81589f7a2f3) Importer(815301076,1909f56bfc062723c751e8b465ee728b)  -> (artifact id: 'cbe2f74918e3340b55bbc15eeff9ae3c') in 0.023182 seconds 
========================================================================
Received Import Request.
  Time since last request: 0.000026 seconds.
  path: Assets/LowPolyFPS/Models/OldCar_05.fbx
  artifactKey: Guid(44a3c35805b00114fab44a4ed35cd474) Importer(815301076,1909f56bfc062723c751e8b465ee728b)
Start importing Assets/LowPolyFPS/Models/OldCar_05.fbx using Guid(44a3c35805b00114fab44a4ed35cd474) Importer(815301076,1909f56bfc062723c751e8b465ee728b)  -> (artifact id: 'd057f2ef64b65f9c6e68f746dc27b6f4') in 0.021150 seconds 
Editor requested this worker to shutdown with reason: Scaling down because of idle timeout
AssetImportWorker is now disconnected from the server
Process exiting
Exiting without the bug reporter. Application will terminate with return code 0