Using pre-set license
Built from '2021.3/china_unity/release' branch; Version is '2021.3.11f1c2 (2c7757f00bfe) revision 2914135'; Using compiler version '192829333'; Build Type 'Release'
OS: 'Windows 10  (10.0.19045) 64bit CoreCountrySpecific' Language: 'zh' Physical Memory: 16143 MB
BatchMode: 1, IsHumanControllingUs: 0, StartBugReporterOnCrash: 0, Is64bit: 1, IsPro: 1

COMMAND LINE ARGUMENTS:
C:\Program Files\Unity\Hub\Editor\2021.3.11f1c2\Editor\Unity.exe
-adb2
-batchMode
-noUpm
-name
AssetImportWorker2
-projectPath
E:/UnityProjects/FPS
-logFile
Logs/AssetImportWorker2.log
-srvPort
14051
Successfully changed project path to: E:/UnityProjects/FPS
E:/UnityProjects/FPS
[UnityMemory] Configuration Parameters - Can be set up in boot.config
    "memorysetup-bucket-allocator-granularity=16"
    "memorysetup-bucket-allocator-bucket-count=8"
    "memorysetup-bucket-allocator-block-size=33554432"
    "memorysetup-bucket-allocator-block-count=8"
    "memorysetup-main-allocator-block-size=16777216"
    "memorysetup-thread-allocator-block-size=16777216"
    "memorysetup-gfx-main-allocator-block-size=16777216"
    "memorysetup-gfx-thread-allocator-block-size=16777216"
    "memorysetup-cache-allocator-block-size=4194304"
    "memorysetup-typetree-allocator-block-size=2097152"
    "memorysetup-profiler-bucket-allocator-granularity=16"
    "memorysetup-profiler-bucket-allocator-bucket-count=8"
    "memorysetup-profiler-bucket-allocator-block-size=33554432"
    "memorysetup-profiler-bucket-allocator-block-count=8"
    "memorysetup-profiler-allocator-block-size=16777216"
    "memorysetup-profiler-editor-allocator-block-size=1048576"
    "memorysetup-temp-allocator-size-main=16777216"
    "memorysetup-job-temp-allocator-block-size=2097152"
    "memorysetup-job-temp-allocator-block-size-background=1048576"
    "memorysetup-job-temp-allocator-reduction-small-platforms=262144"
    "memorysetup-temp-allocator-size-background-worker=32768"
    "memorysetup-temp-allocator-size-job-worker=262144"
    "memorysetup-temp-allocator-size-preload-manager=33554432"
    "memorysetup-temp-allocator-size-nav-mesh-worker=65536"
    "memorysetup-temp-allocator-size-audio-worker=65536"
    "memorysetup-temp-allocator-size-cloud-worker=32768"
    "memorysetup-temp-allocator-size-gi-baking-worker=262144"
    "memorysetup-temp-allocator-size-gfx=262144"
AS: AutoStreaming module initializing.
Refreshing native plugins compatible for Editor in 131.90 ms, found 3 plugins.
Preloading 0 native plugins for Editor in 0.00 ms.
Initialize engine version: 2021.3.11f1c2 (2c7757f00bfe)
[Subsystems] Discovering subsystems at path C:/Program Files/Unity/Hub/Editor/2021.3.11f1c2/Editor/Data/Resources/UnitySubsystems
[Subsystems] Discovering subsystems at path E:/UnityProjects/FPS/Assets
GfxDevice: creating device client; threaded=0; jobified=0
Direct3D:
    Version:  Direct3D 11.0 [level 11.1]
    Renderer: NVIDIA GeForce GTX 1650 Ti (ID=0x1f95)
    Vendor:   NVIDIA
    VRAM:     3949 MB
    Driver:   31.0.15.2737
Initialize mono
Mono path[0] = 'C:/Program Files/Unity/Hub/Editor/2021.3.11f1c2/Editor/Data/Managed'
Mono path[1] = 'C:/Program Files/Unity/Hub/Editor/2021.3.11f1c2/Editor/Data/MonoBleedingEdge/lib/mono/unityjit-win32'
Mono config path = 'C:/Program Files/Unity/Hub/Editor/2021.3.11f1c2/Editor/Data/MonoBleedingEdge/etc'
Using monoOptions --debugger-agent=transport=dt_socket,embedding=1,server=y,suspend=n,address=127.0.0.1:56936
Begin MonoManager ReloadAssembly
Registering precompiled unity dll's ...
Register platform support module: C:/Program Files/Unity/Hub/Editor/2021.3.11f1c2/Editor/Data/PlaybackEngines/WebGLSupport/UnityEditor.WebGL.Extensions.dll
Register platform support module: C:/Program Files/Unity/Hub/Editor/2021.3.11f1c2/Editor/Data/PlaybackEngines/AndroidPlayer/UnityEditor.Android.Extensions.dll
Register platform support module: C:/Program Files/Unity/Hub/Editor/2021.3.11f1c2/Editor/Data/PlaybackEngines/WindowsStandaloneSupport/UnityEditor.WindowsStandalone.Extensions.dll
Registered in 0.028968 seconds.
Native extension for WindowsStandalone target not found
Native extension for Android target not found
Native extension for WebGL target not found
Refreshing native plugins compatible for Editor in 133.02 ms, found 3 plugins.
Preloading 0 native plugins for Editor in 0.00 ms.
Mono: successfully reloaded assembly
- Completed reload, in  0.856 seconds
Domain Reload Profiling:
	ReloadAssembly (856ms)
		BeginReloadAssembly (119ms)
			ExecutionOrderSort (0ms)
			DisableScriptedObjects (0ms)
			BackupInstance (0ms)
			ReleaseScriptingObjects (0ms)
			CreateAndSetChildDomain (1ms)
		EndReloadAssembly (562ms)
			LoadAssemblies (109ms)
			RebuildTransferFunctionScriptingTraits (0ms)
			SetupTypeCache (116ms)
			ReleaseScriptCaches (0ms)
			RebuildScriptCaches (27ms)
			SetupLoadedEditorAssemblies (344ms)
				LogAssemblyErrors (0ms)
				InitializePlatformSupportModulesInManaged (57ms)
				SetLoadedEditorAssemblies (0ms)
				RefreshPlugins (133ms)
				BeforeProcessingInitializeOnLoad (1ms)
				ProcessInitializeOnLoadAttributes (102ms)
				ProcessInitializeOnLoadMethodAttributes (49ms)
				AfterProcessingInitializeOnLoad (0ms)
				EditorAssembliesLoaded (0ms)
			ExecutionOrderSort2 (0ms)
			AwakeInstancesAfterBackupRestoration (0ms)
Platform modules already initialized, skipping
Registering precompiled user dll's ...
Registered in 0.025913 seconds.
Begin MonoManager ReloadAssembly
Symbol file LoadedFromMemory doesn't match image E:\UnityProjects\FPS\Library\PackageCache\com.unity.visualscripting@1.7.8\Editor\VisualScripting.Core\Dependencies\YamlDotNet\Unity.VisualScripting.YamlDotNet.dll
Symbol file LoadedFromMemory doesn't match image E:\UnityProjects\FPS\Library\PackageCache\com.unity.visualscripting@1.7.8\Editor\VisualScripting.Core\Dependencies\DotNetZip\Unity.VisualScripting.IonicZip.dll
Native extension for WindowsStandalone target not found
Native extension for Android target not found
Native extension for WebGL target not found
Refreshing native plugins compatible for Editor in 142.99 ms, found 3 plugins.
Preloading 0 native plugins for Editor in 0.00 ms.
Mono: successfully reloaded assembly
- Completed reload, in  1.981 seconds
Domain Reload Profiling:
	ReloadAssembly (1982ms)
		BeginReloadAssembly (160ms)
			ExecutionOrderSort (0ms)
			DisableScriptedObjects (6ms)
			BackupInstance (0ms)
			ReleaseScriptingObjects (0ms)
			CreateAndSetChildDomain (19ms)
		EndReloadAssembly (1636ms)
			LoadAssemblies (182ms)
			RebuildTransferFunctionScriptingTraits (0ms)
			SetupTypeCache (426ms)
			ReleaseScriptCaches (1ms)
			RebuildScriptCaches (110ms)
			SetupLoadedEditorAssemblies (824ms)
				LogAssemblyErrors (0ms)
				InitializePlatformSupportModulesInManaged (27ms)
				SetLoadedEditorAssemblies (0ms)
				RefreshPlugins (143ms)
				BeforeProcessingInitializeOnLoad (175ms)
				ProcessInitializeOnLoadAttributes (340ms)
				ProcessInitializeOnLoadMethodAttributes (98ms)
				AfterProcessingInitializeOnLoad (41ms)
				EditorAssembliesLoaded (0ms)
			ExecutionOrderSort2 (0ms)
			AwakeInstancesAfterBackupRestoration (12ms)
Platform modules already initialized, skipping
========================================================================
Worker process is ready to serve import requests
Launched and connected shader compiler UnityShaderCompiler.exe after 0.07 seconds
Refreshing native plugins compatible for Editor in 1.49 ms, found 3 plugins.
Preloading 0 native plugins for Editor in 0.00 ms.
Unloading 6242 Unused Serialized files (Serialized files now loaded: 0)
Unloading 52 unused Assets / (1.9 MB). Loaded Objects now: 6702.
Memory consumption went from 349.2 MB to 347.3 MB.
Total: 4.836200 ms (FindLiveObjects: 0.564500 ms CreateObjectMapping: 0.602300 ms MarkObjects: 3.062900 ms  DeleteObjects: 0.605600 ms)

AssetImportParameters requested are different than current active one (requested -> active):
  custom:video-decoder-ogg-theora: a1e56fd34408186e4bbccfd4996cb3dc -> 
  custom:container-muxer-webm: aa71ff27fc2769a1b78a27578f13a17b -> 
  custom:container-demuxer-webm: 4f35f7cbe854078d1ac9338744f61a02 -> 
  custom:video-encoder-webm-vp8: eb34c28f22e8b96e1ab97ce403110664 -> 
  custom:video-codec-MediaFoundation-h265: 746d11721c4dcdbdad8f713fa42b33f4 -> 
  custom:audio-encoder-webm-vorbis: bf7c407c2cedff20999df2af8eb42d56 -> 
  custom:framework-win-MediaFoundation: 216162199b28c13a410421893ffa2e32 -> 
  custom:container-demuxer-ogg: 62fdf1f143b41e24485cea50d1cbac27 -> 
  custom:video-decoder-webm-vp8: 9c59270c3fd7afecdb556c50c9e8de78 -> 
  custom:audio-decoder-ogg-vorbis: bf7c407c2cedff20999df2af8eb42d56 -> 
========================================================================
Received Import Request.
  Time since last request: 809655.307539 seconds.
  path: Assets/Arts/Models/Characters/Kong/Kong.fbx
  artifactKey: Guid(f485a625fcffe374389d44c54c2ba354) Importer(815301076,1909f56bfc062723c751e8b465ee728b)
Start importing Assets/Arts/Models/Characters/Kong/Kong.fbx using Guid(f485a625fcffe374389d44c54c2ba354) Importer(815301076,1909f56bfc062723c751e8b465ee728b)  -> (artifact id: 'efc02a25153ad045015735eb7d474b0e') in 0.442234 seconds 
========================================================================
Received Import Request.
  Time since last request: 69.568579 seconds.
  path: Assets/Arts/Models/Characters/Kong/Kong.fbx
  artifactKey: Guid(f485a625fcffe374389d44c54c2ba354) Importer(815301076,1909f56bfc062723c751e8b465ee728b)
Start importing Assets/Arts/Models/Characters/Kong/Kong.fbx using Guid(f485a625fcffe374389d44c54c2ba354) Importer(815301076,1909f56bfc062723c751e8b465ee728b)  -> (artifact id: '48f83425081a99b392f347c6530532d3') in 0.133039 seconds 
========================================================================
Received Import Request.
  Time since last request: 47.912751 seconds.
  path: Assets/Arts/Models/Characters/Kong/Kong.fbx
  artifactKey: Guid(f485a625fcffe374389d44c54c2ba354) Importer(815301076,1909f56bfc062723c751e8b465ee728b)
Start importing Assets/Arts/Models/Characters/Kong/Kong.fbx using Guid(f485a625fcffe374389d44c54c2ba354) Importer(815301076,1909f56bfc062723c751e8b465ee728b)  -> (artifact id: 'd072bd94d50fcdfd6fab51242fa5a256') in 0.125507 seconds 
========================================================================
Received Import Request.
  Time since last request: 184.348098 seconds.
  path: Assets/Arts/Models/Characters/Kong/Kong.fbx
  artifactKey: Guid(f485a625fcffe374389d44c54c2ba354) Importer(815301076,1909f56bfc062723c751e8b465ee728b)
Start importing Assets/Arts/Models/Characters/Kong/Kong.fbx using Guid(f485a625fcffe374389d44c54c2ba354) Importer(815301076,1909f56bfc062723c751e8b465ee728b)  -> (artifact id: 'cf00bf22f8d5a4c1d229939665bc2fac') in 0.141370 seconds 
========================================================================
Received Import Request.
  Time since last request: 211.770700 seconds.
  path: Assets/Arts/Models/Characters/Kong/Kong.fbx
  artifactKey: Guid(f485a625fcffe374389d44c54c2ba354) Importer(815301076,1909f56bfc062723c751e8b465ee728b)
Start importing Assets/Arts/Models/Characters/Kong/Kong.fbx using Guid(f485a625fcffe374389d44c54c2ba354) Importer(815301076,1909f56bfc062723c751e8b465ee728b)  -> (artifact id: '5e6f2db13cf509e45d31ae81c8f7912c') in 0.132921 seconds 
========================================================================
Received Import Request.
  Time since last request: 81.564723 seconds.
  path: Assets/LowPolySoldiers/models/Soldier.FBX
  artifactKey: Guid(54c59f8780aaa2f4ebdae0e8027edf29) Importer(815301076,1909f56bfc062723c751e8b465ee728b)
Start importing Assets/LowPolySoldiers/models/Soldier.FBX using Guid(54c59f8780aaa2f4ebdae0e8027edf29) Importer(815301076,1909f56bfc062723c751e8b465ee728b)  -> (artifact id: '3170074316a253a72d5a19c46deea329') in 0.144231 seconds 
========================================================================
Received Import Request.
  Time since last request: 17.526434 seconds.
  path: Assets/LowPolySoldiers/models/Soldier.FBX
  artifactKey: Guid(54c59f8780aaa2f4ebdae0e8027edf29) Importer(815301076,1909f56bfc062723c751e8b465ee728b)
Start importing Assets/LowPolySoldiers/models/Soldier.FBX using Guid(54c59f8780aaa2f4ebdae0e8027edf29) Importer(815301076,1909f56bfc062723c751e8b465ee728b)  -> (artifact id: '3a0c8fbff0fb11fa6f2ea0bfd71d8b2b') in 0.116950 seconds 
========================================================================
Received Import Request.
  Time since last request: 35.140628 seconds.
  path: Assets/LowPolySoldiers/animations/Assault/assault_combat_idle.FBX
  artifactKey: Guid(ebebd9e85e99d1d46bb505a2fa167f49) Importer(815301076,1909f56bfc062723c751e8b465ee728b)
Start importing Assets/LowPolySoldiers/animations/Assault/assault_combat_idle.FBX using Guid(ebebd9e85e99d1d46bb505a2fa167f49) Importer(815301076,1909f56bfc062723c751e8b465ee728b)  -> (artifact id: '9891abc1fb022f50e72e437ef7972d41') in 0.011051 seconds 
========================================================================
Received Import Request.
  Time since last request: 64.088773 seconds.
  path: Assets/LowPolySoldiers/models/Soldier.FBX
  artifactKey: Guid(54c59f8780aaa2f4ebdae0e8027edf29) Importer(815301076,1909f56bfc062723c751e8b465ee728b)
Start importing Assets/LowPolySoldiers/models/Soldier.FBX using Guid(54c59f8780aaa2f4ebdae0e8027edf29) Importer(815301076,1909f56bfc062723c751e8b465ee728b)  -> (artifact id: '21d932704f8848f5a2c16b5511a1e10a') in 0.126432 seconds 
========================================================================
Received Import Request.
  Time since last request: 11.807474 seconds.
  path: Assets/LowPolySoldiers/animations/Assault/assault_combat_idle.FBX
  artifactKey: Guid(ebebd9e85e99d1d46bb505a2fa167f49) Importer(815301076,1909f56bfc062723c751e8b465ee728b)
Start importing Assets/LowPolySoldiers/animations/Assault/assault_combat_idle.FBX using Guid(ebebd9e85e99d1d46bb505a2fa167f49) Importer(815301076,1909f56bfc062723c751e8b465ee728b)  -> (artifact id: '2ef53985c214ccb2518ae100350ce6a5') in 0.011671 seconds 
========================================================================
Received Import Request.
  Time since last request: 14.634235 seconds.
  path: Assets/LowPolySoldiers/prefabs/Soldier_all_parts.prefab
  artifactKey: Guid(3b5ab3dd72d54ff46ab6be8c31770ac8) Importer(815301076,1909f56bfc062723c751e8b465ee728b)
Start importing Assets/LowPolySoldiers/prefabs/Soldier_all_parts.prefab using Guid(3b5ab3dd72d54ff46ab6be8c31770ac8) Importer(815301076,1909f56bfc062723c751e8b465ee728b)  -> (artifact id: '98b2ab5c2c025fc3ee2fab4dbaa73f87') in 0.054358 seconds 
========================================================================
Received Import Request.
  Time since last request: 0.000043 seconds.
  path: Assets/LowPolySoldiers/prefabs/Soldier_marine_support.prefab
  artifactKey: Guid(9a5f4450928e2574a8cd1c44ffb66640) Importer(815301076,1909f56bfc062723c751e8b465ee728b)
Start importing Assets/LowPolySoldiers/prefabs/Soldier_marine_support.prefab using Guid(9a5f4450928e2574a8cd1c44ffb66640) Importer(815301076,1909f56bfc062723c751e8b465ee728b)  -> (artifact id: '4820ed161b803a667c7095e03d3f4930') in 0.021804 seconds 
========================================================================
Received Import Request.
  Time since last request: 0.000053 seconds.
  path: Assets/LowPolySoldiers/prefabs/Soldier_snow_assault.prefab
  artifactKey: Guid(83206234d757bed4fa0dbef183d508b5) Importer(815301076,1909f56bfc062723c751e8b465ee728b)
Start importing Assets/LowPolySoldiers/prefabs/Soldier_snow_assault.prefab using Guid(83206234d757bed4fa0dbef183d508b5) Importer(815301076,1909f56bfc062723c751e8b465ee728b)  -> (artifact id: '43e262aa4cd3dee2130852db9dd8ffab') in 0.034033 seconds 
========================================================================
Received Import Request.
  Time since last request: 0.000027 seconds.
  path: Assets/LowPolySoldiers/prefabs/Soldier_marine_rocketLauncher.prefab
  artifactKey: Guid(ac7322588fccc4946a90f0f98f275190) Importer(815301076,1909f56bfc062723c751e8b465ee728b)
Start importing Assets/LowPolySoldiers/prefabs/Soldier_marine_rocketLauncher.prefab using Guid(ac7322588fccc4946a90f0f98f275190) Importer(815301076,1909f56bfc062723c751e8b465ee728b)  -> (artifact id: '387bda66ac804d597aaace192461454a') in 0.051357 seconds 
========================================================================
Received Import Request.
  Time since last request: 0.000030 seconds.
  path: Assets/LowPolySoldiers/prefabs/Soldier_snow_scout.prefab
  artifactKey: Guid(1b10a0abc1e1a02419a0af4413842bfd) Importer(815301076,1909f56bfc062723c751e8b465ee728b)
Start importing Assets/LowPolySoldiers/prefabs/Soldier_snow_scout.prefab using Guid(1b10a0abc1e1a02419a0af4413842bfd) Importer(815301076,1909f56bfc062723c751e8b465ee728b)  -> (artifact id: '86baf2283ffa99eb8f65e7cfd0b4e3ba') in 0.023627 seconds 
========================================================================
Received Import Request.
  Time since last request: 0.000030 seconds.
  path: Assets/LowPolySoldiers/prefabs/Soldier_urban_A.prefab
  artifactKey: Guid(15d3ed90eb166aa4e9de7f63be94a87b) Importer(815301076,1909f56bfc062723c751e8b465ee728b)
Start importing Assets/LowPolySoldiers/prefabs/Soldier_urban_A.prefab using Guid(15d3ed90eb166aa4e9de7f63be94a87b) Importer(815301076,1909f56bfc062723c751e8b465ee728b)  -> (artifact id: '28511ae9764352463d12823975325bf0') in 0.024178 seconds 
========================================================================
Received Import Request.
  Time since last request: 0.000036 seconds.
  path: Assets/LowPolySoldiers/prefabs/Soldier_urban_B.prefab
  artifactKey: Guid(0457555b5679fc24481a83b42665ede5) Importer(815301076,1909f56bfc062723c751e8b465ee728b)
Start importing Assets/LowPolySoldiers/prefabs/Soldier_urban_B.prefab using Guid(0457555b5679fc24481a83b42665ede5) Importer(815301076,1909f56bfc062723c751e8b465ee728b)  -> (artifact id: 'e52ebc5e9737cb47a83e825d76aa2348') in 0.021348 seconds 
========================================================================
Received Import Request.
  Time since last request: 0.000049 seconds.
  path: Assets/LowPolySoldiers/prefabs/Soldier_snow_sniper.prefab
  artifactKey: Guid(b9994388931dfa249adab25594f384e5) Importer(815301076,1909f56bfc062723c751e8b465ee728b)
Start importing Assets/LowPolySoldiers/prefabs/Soldier_snow_sniper.prefab using Guid(b9994388931dfa249adab25594f384e5) Importer(815301076,1909f56bfc062723c751e8b465ee728b)  -> (artifact id: 'c40f0513a82d16ca46a275400aec286f') in 0.018654 seconds 
========================================================================
Received Import Request.
  Time since last request: 44.542993 seconds.
  path: Assets/LowPolySoldiers/models/Soldier.FBX
  artifactKey: Guid(54c59f8780aaa2f4ebdae0e8027edf29) Importer(815301076,1909f56bfc062723c751e8b465ee728b)
Start importing Assets/LowPolySoldiers/models/Soldier.FBX using Guid(54c59f8780aaa2f4ebdae0e8027edf29) Importer(815301076,1909f56bfc062723c751e8b465ee728b)  -> (artifact id: '6a5dc2b5debdf6ba0daa2819400153c5') in 0.140787 seconds 
========================================================================
Received Import Request.
  Time since last request: 7.348936 seconds.
  path: Assets/LowPolySoldiers/animations/Assault/assault_combat_idle.FBX
  artifactKey: Guid(ebebd9e85e99d1d46bb505a2fa167f49) Importer(815301076,1909f56bfc062723c751e8b465ee728b)
Start importing Assets/LowPolySoldiers/animations/Assault/assault_combat_idle.FBX using Guid(ebebd9e85e99d1d46bb505a2fa167f49) Importer(815301076,1909f56bfc062723c751e8b465ee728b)  -> (artifact id: '4fafe0cb92059151c30e35a51f8bf0e2') in 0.011835 seconds 
========================================================================
Received Import Request.
  Time since last request: 188.386354 seconds.
  path: Assets/LowPolySoldiers/prefabs/Soldier_all_parts.prefab
  artifactKey: Guid(3b5ab3dd72d54ff46ab6be8c31770ac8) Importer(815301076,1909f56bfc062723c751e8b465ee728b)
Start importing Assets/LowPolySoldiers/prefabs/Soldier_all_parts.prefab using Guid(3b5ab3dd72d54ff46ab6be8c31770ac8) Importer(815301076,1909f56bfc062723c751e8b465ee728b)  -> (artifact id: 'bb6089bd0f83cf7d24ee69ae2112e726') in 0.036124 seconds 
========================================================================
Received Import Request.
  Time since last request: 0.000030 seconds.
  path: Assets/LowPolySoldiers/prefabs/Soldier_marine_support.prefab
  artifactKey: Guid(9a5f4450928e2574a8cd1c44ffb66640) Importer(815301076,1909f56bfc062723c751e8b465ee728b)
Start importing Assets/LowPolySoldiers/prefabs/Soldier_marine_support.prefab using Guid(9a5f4450928e2574a8cd1c44ffb66640) Importer(815301076,1909f56bfc062723c751e8b465ee728b)  -> (artifact id: '352484fb19e4bc20fa0997888fc7e0f2') in 0.021245 seconds 
========================================================================
Received Import Request.
  Time since last request: 0.000024 seconds.
  path: Assets/LowPolySoldiers/prefabs/Soldier_snow_assault.prefab
  artifactKey: Guid(83206234d757bed4fa0dbef183d508b5) Importer(815301076,1909f56bfc062723c751e8b465ee728b)
Start importing Assets/LowPolySoldiers/prefabs/Soldier_snow_assault.prefab using Guid(83206234d757bed4fa0dbef183d508b5) Importer(815301076,1909f56bfc062723c751e8b465ee728b)  -> (artifact id: 'ac9445d6f0eb08d2c8fb83c6e61e9649') in 0.021226 seconds 
========================================================================
Received Import Request.
  Time since last request: 0.000028 seconds.
  path: Assets/LowPolySoldiers/prefabs/Soldier_marine_rocketLauncher.prefab
  artifactKey: Guid(ac7322588fccc4946a90f0f98f275190) Importer(815301076,1909f56bfc062723c751e8b465ee728b)
Start importing Assets/LowPolySoldiers/prefabs/Soldier_marine_rocketLauncher.prefab using Guid(ac7322588fccc4946a90f0f98f275190) Importer(815301076,1909f56bfc062723c751e8b465ee728b)  -> (artifact id: '6ef8aa3102fb5c6b78f8a8195934d43d') in 0.021065 seconds 
========================================================================
Received Import Request.
  Time since last request: 0.000038 seconds.
  path: Assets/LowPolySoldiers/prefabs/Soldier_snow_scout.prefab
  artifactKey: Guid(1b10a0abc1e1a02419a0af4413842bfd) Importer(815301076,1909f56bfc062723c751e8b465ee728b)
Start importing Assets/LowPolySoldiers/prefabs/Soldier_snow_scout.prefab using Guid(1b10a0abc1e1a02419a0af4413842bfd) Importer(815301076,1909f56bfc062723c751e8b465ee728b)  -> (artifact id: 'b31eb9d2761fe701efc75f1bed6d94b0') in 0.018114 seconds 
========================================================================
Received Import Request.
  Time since last request: 0.000032 seconds.
  path: Assets/LowPolySoldiers/prefabs/Soldier_urban_A.prefab
  artifactKey: Guid(15d3ed90eb166aa4e9de7f63be94a87b) Importer(815301076,1909f56bfc062723c751e8b465ee728b)
Start importing Assets/LowPolySoldiers/prefabs/Soldier_urban_A.prefab using Guid(15d3ed90eb166aa4e9de7f63be94a87b) Importer(815301076,1909f56bfc062723c751e8b465ee728b)  -> (artifact id: '97230a6a6669806471c1ef726cad8cf1') in 0.019660 seconds 
========================================================================
Received Import Request.
  Time since last request: 0.000039 seconds.
  path: Assets/LowPolySoldiers/prefabs/Soldier_urban_C.prefab
  artifactKey: Guid(914fd54b381fbcd41935572eabb11d13) Importer(815301076,1909f56bfc062723c751e8b465ee728b)
Start importing Assets/LowPolySoldiers/prefabs/Soldier_urban_C.prefab using Guid(914fd54b381fbcd41935572eabb11d13) Importer(815301076,1909f56bfc062723c751e8b465ee728b)  -> (artifact id: 'e535c814e336c7ff5871326ba94135af') in 0.019539 seconds 
========================================================================
Received Import Request.
  Time since last request: 0.000059 seconds.
  path: Assets/LowPolySoldiers/prefabs/Soldier_urban_B.prefab
  artifactKey: Guid(0457555b5679fc24481a83b42665ede5) Importer(815301076,1909f56bfc062723c751e8b465ee728b)
Start importing Assets/LowPolySoldiers/prefabs/Soldier_urban_B.prefab using Guid(0457555b5679fc24481a83b42665ede5) Importer(815301076,1909f56bfc062723c751e8b465ee728b)  -> (artifact id: '4e941bb8fe6ebd2cafa32f6ba3a1b293') in 0.018544 seconds 
========================================================================
Received Import Request.
  Time since last request: 0.000029 seconds.
  path: Assets/LowPolySoldiers/prefabs/Soldier_marine_sniper.prefab
  artifactKey: Guid(7d0fbb801c984e24496c3eb9f284f25b) Importer(815301076,1909f56bfc062723c751e8b465ee728b)
Start importing Assets/LowPolySoldiers/prefabs/Soldier_marine_sniper.prefab using Guid(7d0fbb801c984e24496c3eb9f284f25b) Importer(815301076,1909f56bfc062723c751e8b465ee728b)  -> (artifact id: '6e11fc02a436374c707226ac58c4b491') in 0.018861 seconds 
========================================================================
Received Import Request.
  Time since last request: 0.000026 seconds.
  path: Assets/LowPolySoldiers/prefabs/Soldier_snow_sniper.prefab
  artifactKey: Guid(b9994388931dfa249adab25594f384e5) Importer(815301076,1909f56bfc062723c751e8b465ee728b)
Start importing Assets/LowPolySoldiers/prefabs/Soldier_snow_sniper.prefab using Guid(b9994388931dfa249adab25594f384e5) Importer(815301076,1909f56bfc062723c751e8b465ee728b)  -> (artifact id: '5b73b47e7293a147efb40db2d028915d') in 0.020303 seconds 
========================================================================
Received Import Request.
  Time since last request: 10.585740 seconds.
  path: Assets/Prefabs/weapon_benelliM4.prefab
  artifactKey: Guid(053a888f0e1c7c34f81c37afa19056bd) Importer(815301076,1909f56bfc062723c751e8b465ee728b)
Start importing Assets/Prefabs/weapon_benelliM4.prefab using Guid(053a888f0e1c7c34f81c37afa19056bd) Importer(815301076,1909f56bfc062723c751e8b465ee728b)  -> (artifact id: '1a666c03df695617ebe23041b98286f8') in 0.018512 seconds 
========================================================================
Received Prepare
Registering precompiled user dll's ...
Registered in 0.024235 seconds.
Begin MonoManager ReloadAssembly
Symbol file LoadedFromMemory doesn't match image E:\UnityProjects\FPS\Library\PackageCache\com.unity.visualscripting@1.7.8\Editor\VisualScripting.Core\Dependencies\YamlDotNet\Unity.VisualScripting.YamlDotNet.dll
Symbol file LoadedFromMemory doesn't match image E:\UnityProjects\FPS\Library\PackageCache\com.unity.visualscripting@1.7.8\Editor\VisualScripting.Core\Dependencies\DotNetZip\Unity.VisualScripting.IonicZip.dll
Native extension for WindowsStandalone target not found
Native extension for Android target not found
Native extension for WebGL target not found
Refreshing native plugins compatible for Editor in 1.50 ms, found 3 plugins.
Preloading 0 native plugins for Editor in 0.00 ms.
Mono: successfully reloaded assembly
- Completed reload, in  1.994 seconds
Domain Reload Profiling:
	ReloadAssembly (1995ms)
		BeginReloadAssembly (274ms)
			ExecutionOrderSort (0ms)
			DisableScriptedObjects (8ms)
			BackupInstance (0ms)
			ReleaseScriptingObjects (0ms)
			CreateAndSetChildDomain (60ms)
		EndReloadAssembly (1550ms)
			LoadAssemblies (220ms)
			RebuildTransferFunctionScriptingTraits (0ms)
			SetupTypeCache (449ms)
			ReleaseScriptCaches (2ms)
			RebuildScriptCaches (62ms)
			SetupLoadedEditorAssemblies (715ms)
				LogAssemblyErrors (0ms)
				InitializePlatformSupportModulesInManaged (42ms)
				SetLoadedEditorAssemblies (1ms)
				RefreshPlugins (2ms)
				BeforeProcessingInitializeOnLoad (160ms)
				ProcessInitializeOnLoadAttributes (338ms)
				ProcessInitializeOnLoadMethodAttributes (125ms)
				AfterProcessingInitializeOnLoad (47ms)
				EditorAssembliesLoaded (0ms)
			ExecutionOrderSort2 (0ms)
			AwakeInstancesAfterBackupRestoration (25ms)
Platform modules already initialized, skipping
Refreshing native plugins compatible for Editor in 4.70 ms, found 3 plugins.
Preloading 0 native plugins for Editor in 0.00 ms.
Unloading 6066 Unused Serialized files (Serialized files now loaded: 0)
Unloading 45 unused Assets / (1.9 MB). Loaded Objects now: 6763.
Memory consumption went from 355.1 MB to 353.2 MB.
Total: 5.725900 ms (FindLiveObjects: 0.750900 ms CreateObjectMapping: 0.758200 ms MarkObjects: 3.686200 ms  DeleteObjects: 0.529600 ms)

AssetImportParameters requested are different than current active one (requested -> active):
  custom:video-decoder-ogg-theora: a1e56fd34408186e4bbccfd4996cb3dc -> 
  custom:container-muxer-webm: aa71ff27fc2769a1b78a27578f13a17b -> 
  custom:container-demuxer-webm: 4f35f7cbe854078d1ac9338744f61a02 -> 
  custom:video-encoder-webm-vp8: eb34c28f22e8b96e1ab97ce403110664 -> 
  custom:video-codec-MediaFoundation-h265: 746d11721c4dcdbdad8f713fa42b33f4 -> 
  custom:audio-encoder-webm-vorbis: bf7c407c2cedff20999df2af8eb42d56 -> 
  custom:framework-win-MediaFoundation: 216162199b28c13a410421893ffa2e32 -> 
  custom:container-demuxer-ogg: 62fdf1f143b41e24485cea50d1cbac27 -> 
  custom:video-decoder-webm-vp8: 9c59270c3fd7afecdb556c50c9e8de78 -> 
  custom:audio-decoder-ogg-vorbis: bf7c407c2cedff20999df2af8eb42d56 -> 
Editor requested this worker to shutdown with reason: Scaling down because of idle timeout
AssetImportWorker is now disconnected from the server
Process exiting
Exiting without the bug reporter. Application will terminate with return code 0