Using pre-set license
Built from '2021.3/china_unity/release' branch; Version is '2021.3.11f1c2 (2c7757f00bfe) revision 2914135'; Using compiler version '192829333'; Build Type 'Release'
OS: 'Windows 10  (10.0.19045) 64bit CoreCountrySpecific' Language: 'zh' Physical Memory: 16143 MB
BatchMode: 1, IsHumanControllingUs: 0, StartBugReporterOnCrash: 0, Is64bit: 1, IsPro: 1

COMMAND LINE ARGUMENTS:
C:\Program Files\Unity\Hub\Editor\2021.3.11f1c2\Editor\Unity.exe
-adb2
-batchMode
-noUpm
-name
AssetImportWorker4
-projectPath
E:/UnityProjects/FPS
-logFile
Logs/AssetImportWorker4.log
-srvPort
8523
Successfully changed project path to: E:/UnityProjects/FPS
E:/UnityProjects/FPS
[UnityMemory] Configuration Parameters - Can be set up in boot.config
    "memorysetup-bucket-allocator-granularity=16"
    "memorysetup-bucket-allocator-bucket-count=8"
    "memorysetup-bucket-allocator-block-size=33554432"
    "memorysetup-bucket-allocator-block-count=8"
    "memorysetup-main-allocator-block-size=16777216"
    "memorysetup-thread-allocator-block-size=16777216"
    "memorysetup-gfx-main-allocator-block-size=16777216"
    "memorysetup-gfx-thread-allocator-block-size=16777216"
    "memorysetup-cache-allocator-block-size=4194304"
    "memorysetup-typetree-allocator-block-size=2097152"
    "memorysetup-profiler-bucket-allocator-granularity=16"
    "memorysetup-profiler-bucket-allocator-bucket-count=8"
    "memorysetup-profiler-bucket-allocator-block-size=33554432"
    "memorysetup-profiler-bucket-allocator-block-count=8"
    "memorysetup-profiler-allocator-block-size=16777216"
    "memorysetup-profiler-editor-allocator-block-size=1048576"
    "memorysetup-temp-allocator-size-main=16777216"
    "memorysetup-job-temp-allocator-block-size=2097152"
    "memorysetup-job-temp-allocator-block-size-background=1048576"
    "memorysetup-job-temp-allocator-reduction-small-platforms=262144"
    "memorysetup-temp-allocator-size-background-worker=32768"
    "memorysetup-temp-allocator-size-job-worker=262144"
    "memorysetup-temp-allocator-size-preload-manager=33554432"
    "memorysetup-temp-allocator-size-nav-mesh-worker=65536"
    "memorysetup-temp-allocator-size-audio-worker=65536"
    "memorysetup-temp-allocator-size-cloud-worker=32768"
    "memorysetup-temp-allocator-size-gi-baking-worker=262144"
    "memorysetup-temp-allocator-size-gfx=262144"
AS: AutoStreaming module initializing.
Refreshing native plugins compatible for Editor in 134.73 ms, found 3 plugins.
Preloading 0 native plugins for Editor in 0.00 ms.
Initialize engine version: 2021.3.11f1c2 (2c7757f00bfe)
[Subsystems] Discovering subsystems at path C:/Program Files/Unity/Hub/Editor/2021.3.11f1c2/Editor/Data/Resources/UnitySubsystems
[Subsystems] Discovering subsystems at path E:/UnityProjects/FPS/Assets
GfxDevice: creating device client; threaded=0; jobified=0
Direct3D:
    Version:  Direct3D 11.0 [level 11.1]
    Renderer: NVIDIA GeForce GTX 1650 Ti (ID=0x1f95)
    Vendor:   NVIDIA
    VRAM:     3949 MB
    Driver:   31.0.15.2737
Initialize mono
Mono path[0] = 'C:/Program Files/Unity/Hub/Editor/2021.3.11f1c2/Editor/Data/Managed'
Mono path[1] = 'C:/Program Files/Unity/Hub/Editor/2021.3.11f1c2/Editor/Data/MonoBleedingEdge/lib/mono/unityjit-win32'
Mono config path = 'C:/Program Files/Unity/Hub/Editor/2021.3.11f1c2/Editor/Data/MonoBleedingEdge/etc'
Using monoOptions --debugger-agent=transport=dt_socket,embedding=1,server=y,suspend=n,address=127.0.0.1:56992
Begin MonoManager ReloadAssembly
Registering precompiled unity dll's ...
Register platform support module: C:/Program Files/Unity/Hub/Editor/2021.3.11f1c2/Editor/Data/PlaybackEngines/WebGLSupport/UnityEditor.WebGL.Extensions.dll
Register platform support module: C:/Program Files/Unity/Hub/Editor/2021.3.11f1c2/Editor/Data/PlaybackEngines/AndroidPlayer/UnityEditor.Android.Extensions.dll
Register platform support module: C:/Program Files/Unity/Hub/Editor/2021.3.11f1c2/Editor/Data/PlaybackEngines/WindowsStandaloneSupport/UnityEditor.WindowsStandalone.Extensions.dll
Registered in 0.028640 seconds.
Native extension for WindowsStandalone target not found
Native extension for Android target not found
Native extension for WebGL target not found
Refreshing native plugins compatible for Editor in 124.31 ms, found 3 plugins.
Preloading 0 native plugins for Editor in 0.00 ms.
Mono: successfully reloaded assembly
- Completed reload, in  0.882 seconds
Domain Reload Profiling:
	ReloadAssembly (882ms)
		BeginReloadAssembly (145ms)
			ExecutionOrderSort (0ms)
			DisableScriptedObjects (0ms)
			BackupInstance (0ms)
			ReleaseScriptingObjects (0ms)
			CreateAndSetChildDomain (1ms)
		EndReloadAssembly (553ms)
			LoadAssemblies (133ms)
			RebuildTransferFunctionScriptingTraits (0ms)
			SetupTypeCache (127ms)
			ReleaseScriptCaches (0ms)
			RebuildScriptCaches (26ms)
			SetupLoadedEditorAssemblies (326ms)
				LogAssemblyErrors (0ms)
				InitializePlatformSupportModulesInManaged (56ms)
				SetLoadedEditorAssemblies (0ms)
				RefreshPlugins (124ms)
				BeforeProcessingInitializeOnLoad (1ms)
				ProcessInitializeOnLoadAttributes (96ms)
				ProcessInitializeOnLoadMethodAttributes (48ms)
				AfterProcessingInitializeOnLoad (0ms)
				EditorAssembliesLoaded (0ms)
			ExecutionOrderSort2 (0ms)
			AwakeInstancesAfterBackupRestoration (0ms)
Platform modules already initialized, skipping
Registering precompiled user dll's ...
Registered in 0.025266 seconds.
Begin MonoManager ReloadAssembly
Symbol file LoadedFromMemory doesn't match image E:\UnityProjects\FPS\Library\PackageCache\com.unity.visualscripting@1.7.8\Editor\VisualScripting.Core\Dependencies\YamlDotNet\Unity.VisualScripting.YamlDotNet.dll
Symbol file LoadedFromMemory doesn't match image E:\UnityProjects\FPS\Library\PackageCache\com.unity.visualscripting@1.7.8\Editor\VisualScripting.Core\Dependencies\DotNetZip\Unity.VisualScripting.IonicZip.dll
Native extension for WindowsStandalone target not found
Native extension for Android target not found
Native extension for WebGL target not found
Refreshing native plugins compatible for Editor in 128.79 ms, found 3 plugins.
Preloading 0 native plugins for Editor in 0.00 ms.
Mono: successfully reloaded assembly
- Completed reload, in  1.672 seconds
Domain Reload Profiling:
	ReloadAssembly (1673ms)
		BeginReloadAssembly (157ms)
			ExecutionOrderSort (0ms)
			DisableScriptedObjects (5ms)
			BackupInstance (0ms)
			ReleaseScriptingObjects (0ms)
			CreateAndSetChildDomain (19ms)
		EndReloadAssembly (1344ms)
			LoadAssemblies (169ms)
			RebuildTransferFunctionScriptingTraits (0ms)
			SetupTypeCache (346ms)
			ReleaseScriptCaches (1ms)
			RebuildScriptCaches (65ms)
			SetupLoadedEditorAssemblies (712ms)
				LogAssemblyErrors (0ms)
				InitializePlatformSupportModulesInManaged (22ms)
				SetLoadedEditorAssemblies (0ms)
				RefreshPlugins (129ms)
				BeforeProcessingInitializeOnLoad (158ms)
				ProcessInitializeOnLoadAttributes (278ms)
				ProcessInitializeOnLoadMethodAttributes (86ms)
				AfterProcessingInitializeOnLoad (38ms)
				EditorAssembliesLoaded (0ms)
			ExecutionOrderSort2 (0ms)
			AwakeInstancesAfterBackupRestoration (12ms)
Platform modules already initialized, skipping
========================================================================
Worker process is ready to serve import requests
Launched and connected shader compiler UnityShaderCompiler.exe after 0.05 seconds
Refreshing native plugins compatible for Editor in 1.14 ms, found 3 plugins.
Preloading 0 native plugins for Editor in 0.00 ms.
Unloading 6242 Unused Serialized files (Serialized files now loaded: 0)
Unloading 52 unused Assets / (1.9 MB). Loaded Objects now: 6702.
Memory consumption went from 348.9 MB to 347.0 MB.
Total: 5.463100 ms (FindLiveObjects: 0.471600 ms CreateObjectMapping: 0.450200 ms MarkObjects: 3.585400 ms  DeleteObjects: 0.955200 ms)

AssetImportParameters requested are different than current active one (requested -> active):
  custom:video-decoder-ogg-theora: a1e56fd34408186e4bbccfd4996cb3dc -> 
  custom:container-muxer-webm: aa71ff27fc2769a1b78a27578f13a17b -> 
  custom:container-demuxer-webm: 4f35f7cbe854078d1ac9338744f61a02 -> 
  custom:video-encoder-webm-vp8: eb34c28f22e8b96e1ab97ce403110664 -> 
  custom:video-codec-MediaFoundation-h265: 746d11721c4dcdbdad8f713fa42b33f4 -> 
  custom:audio-encoder-webm-vorbis: bf7c407c2cedff20999df2af8eb42d56 -> 
  custom:framework-win-MediaFoundation: 216162199b28c13a410421893ffa2e32 -> 
  custom:container-demuxer-ogg: 62fdf1f143b41e24485cea50d1cbac27 -> 
  custom:video-decoder-webm-vp8: 9c59270c3fd7afecdb556c50c9e8de78 -> 
  custom:audio-decoder-ogg-vorbis: bf7c407c2cedff20999df2af8eb42d56 -> 
========================================================================
Received Import Request.
  Time since last request: 752574.959209 seconds.
  path: Assets/LowPolySoldiers/animations/Assault/movement
  artifactKey: Guid(4016a1b17f28a4d4a85f989c716e366a) Importer(815301076,1909f56bfc062723c751e8b465ee728b)
Start importing Assets/LowPolySoldiers/animations/Assault/movement using Guid(4016a1b17f28a4d4a85f989c716e366a) Importer(815301076,1909f56bfc062723c751e8b465ee728b)  -> (artifact id: '845cfaa4b12f9e768249f7f86cc52cc8') in 0.010698 seconds 
========================================================================
Received Import Request.
  Time since last request: 0.001115 seconds.
  path: Assets/LowPolySoldiers/animations/Assault/movement/assault_combat_run.FBX
  artifactKey: Guid(7706f998f568be843a0d8a7261a7c3be) Importer(815301076,1909f56bfc062723c751e8b465ee728b)
Start importing Assets/LowPolySoldiers/animations/Assault/movement/assault_combat_run.FBX using Guid(7706f998f568be843a0d8a7261a7c3be) Importer(815301076,1909f56bfc062723c751e8b465ee728b)  -> (artifact id: '9bdc40b2b7fde320881a4d6f9c316a4e') in 0.073677 seconds 
========================================================================
Received Import Request.
  Time since last request: 0.000024 seconds.
  path: Assets/LowPolySoldiers/animations/Assault/movement/assault_combat_run_aim_right.FBX
  artifactKey: Guid(42e371f77ec3e0e4bae20966b8af8541) Importer(815301076,1909f56bfc062723c751e8b465ee728b)
Start importing Assets/LowPolySoldiers/animations/Assault/movement/assault_combat_run_aim_right.FBX using Guid(42e371f77ec3e0e4bae20966b8af8541) Importer(815301076,1909f56bfc062723c751e8b465ee728b)  -> (artifact id: '30d24211b97ff6e9fd7b0ebb50baf87d') in 0.012917 seconds 
========================================================================
Received Import Request.
  Time since last request: 0.000027 seconds.
  path: Assets/LowPolySoldiers/animations/Assault/movement/assault_combat_walk_back_right.FBX
  artifactKey: Guid(f888b75bab972e34b8de2afc73f1a51f) Importer(815301076,1909f56bfc062723c751e8b465ee728b)
Start importing Assets/LowPolySoldiers/animations/Assault/movement/assault_combat_walk_back_right.FBX using Guid(f888b75bab972e34b8de2afc73f1a51f) Importer(815301076,1909f56bfc062723c751e8b465ee728b)  -> (artifact id: 'a60b263dfe88b85c3ed9d382809e32e5') in 0.013909 seconds 
========================================================================
Received Import Request.
  Time since last request: 50.829531 seconds.
  path: Assets/Animations/Shooter_Pack_nc/walking.fbx
  artifactKey: Guid(41cb4b5566f7e314e8ff654881eea444) Importer(815301076,1909f56bfc062723c751e8b465ee728b)
Start importing Assets/Animations/Shooter_Pack_nc/walking.fbx using Guid(41cb4b5566f7e314e8ff654881eea444) Importer(815301076,1909f56bfc062723c751e8b465ee728b)  -> (artifact id: '46cd46dc5c181c43a364ecbd39a42bc9') in 0.020647 seconds 
========================================================================
Received Import Request.
  Time since last request: 21.980960 seconds.
  path: Assets/Animations/Shooter_Pack_nc/walking backwards.fbx
  artifactKey: Guid(2d73e61e5cc513944a8fdf954566c624) Importer(815301076,1909f56bfc062723c751e8b465ee728b)
Start importing Assets/Animations/Shooter_Pack_nc/walking backwards.fbx using Guid(2d73e61e5cc513944a8fdf954566c624) Importer(815301076,1909f56bfc062723c751e8b465ee728b)  -> (artifact id: '9f4532f79ada3e760a7222ba7e6f32bd') in 0.013390 seconds 
========================================================================
Received Import Request.
  Time since last request: 31.332693 seconds.
  path: Assets/Animations/Shooter_Pack_nc/rifle aiming idle.fbx
  artifactKey: Guid(f05af346b12e22e438238765dffd7b1e) Importer(815301076,1909f56bfc062723c751e8b465ee728b)
Start importing Assets/Animations/Shooter_Pack_nc/rifle aiming idle.fbx using Guid(f05af346b12e22e438238765dffd7b1e) Importer(815301076,1909f56bfc062723c751e8b465ee728b)  -> (artifact id: '1a7bd9867294ae13e380c77ae0a9062a') in 0.013098 seconds 
========================================================================
Received Prepare
Registering precompiled user dll's ...
Registered in 0.024236 seconds.
Begin MonoManager ReloadAssembly
Symbol file LoadedFromMemory doesn't match image E:\UnityProjects\FPS\Library\PackageCache\com.unity.visualscripting@1.7.8\Editor\VisualScripting.Core\Dependencies\YamlDotNet\Unity.VisualScripting.YamlDotNet.dll
Symbol file LoadedFromMemory doesn't match image E:\UnityProjects\FPS\Library\PackageCache\com.unity.visualscripting@1.7.8\Editor\VisualScripting.Core\Dependencies\DotNetZip\Unity.VisualScripting.IonicZip.dll
Native extension for WindowsStandalone target not found
Native extension for Android target not found
Native extension for WebGL target not found
Refreshing native plugins compatible for Editor in 2.17 ms, found 3 plugins.
Preloading 0 native plugins for Editor in 0.00 ms.
Error saving file Library/StateCache/LayerSettings/9e/9ecc5c3c162a7aba29bafa64c8b94b7c.json. Error: System.IO.IOException: Sharing violation on path E:\UnityProjects\FPS\Library\StateCache\LayerSettings\9e\9ecc5c3c162a7aba29bafa64c8b94b7c.json
  at System.IO.FileStream..ctor (System.String path, System.IO.FileMode mode, System.IO.FileAccess access, System.IO.FileShare share, System.Int32 bufferSize, System.Boolean anonymous, System.IO.FileOptions options) [0x0019e] in <9aad1b3a47484d63ba2b3985692d80e9>:0 
  at System.IO.FileStream..ctor (System.String path, System.IO.FileMode mode, System.IO.FileAccess access, System.IO.FileShare share, System.Int32 bufferSize, System.IO.FileOptions options) [0x00000] in <9aad1b3a47484d63ba2b3985692d80e9>:0 
  at (wrapper remoting-invoke-with-check) System.IO.FileStream..ctor(string,System.IO.FileMode,System.IO.FileAccess,System.IO.FileShare,int,System.IO.FileOptions)
  at System.IO.StreamWriter..ctor (System.String path, System.Boolean append, System.Text.Encoding encoding, System.Int32 bufferSize) [0x00055] in <9aad1b3a47484d63ba2b3985692d80e9>:0 
  at System.IO.StreamWriter..ctor (System.String path, System.Boolean append, System.Text.Encoding encoding) [0x00000] in <9aad1b3a47484d63ba2b3985692d80e9>:0 
  at (wrapper remoting-invoke-with-check) System.IO.StreamWriter..ctor(string,bool,System.Text.Encoding)
  at System.IO.File.WriteAllText (System.String path, System.String contents, System.Text.Encoding encoding) [0x00034] in <9aad1b3a47484d63ba2b3985692d80e9>:0 
  at UnityEditor.StateCache`1[T].SetState (UnityEngine.Hash128 key, T obj) [0x0004b] in <65a84ee2ce3f4dafabf1b2e40e55898c>:0 
UnityEngine.StackTraceUtility:ExtractStackTrace ()
UnityEngine.DebugLogHandler:LogFormat (UnityEngine.LogType,UnityEngine.Object,string,object[])
UnityEngine.Logger:Log (UnityEngine.LogType,object)
UnityEngine.Debug:LogError (object)
UnityEditor.StateCache`1<UnityEditor.Tools/LayerSettings>:SetState (UnityEngine.Hash128,UnityEditor.Tools/LayerSettings)
UnityEditor.Tools:set_lockedLayers (int)
UnityEditor.Tools:OnEnable ()
UnityEngine.ScriptableObject:CreateInstance (System.Type)
UnityEngine.ScriptableObject:CreateInstance<UnityEditor.Tools> ()
UnityEditor.Tools:get_get ()
UnityEditor.Tools:get_visibleLayers ()
UnityEditor.Animations.Rigging.BoneRendererUtils:.cctor () (at Library/PackageCache/com.unity.animation.rigging@1.1.1/Editor/Utils/BoneRendererUtils.cs:121)
System.Runtime.CompilerServices.RuntimeHelpers:RunClassConstructor (System.RuntimeTypeHandle)
UnityEditor.EditorAssemblies:ProcessInitializeOnLoadAttributes (System.Type[])

(Filename: Library/PackageCache/com.unity.animation.rigging@1.1.1/Editor/Utils/BoneRendererUtils.cs Line: 121)

Mono: successfully reloaded assembly
- Completed reload, in  1.818 seconds
Domain Reload Profiling:
	ReloadAssembly (1819ms)
		BeginReloadAssembly (255ms)
			ExecutionOrderSort (0ms)
			DisableScriptedObjects (5ms)
			BackupInstance (0ms)
			ReleaseScriptingObjects (0ms)
			CreateAndSetChildDomain (59ms)
		EndReloadAssembly (1372ms)
			LoadAssemblies (202ms)
			RebuildTransferFunctionScriptingTraits (0ms)
			SetupTypeCache (410ms)
			ReleaseScriptCaches (3ms)
			RebuildScriptCaches (57ms)
			SetupLoadedEditorAssemblies (651ms)
				LogAssemblyErrors (0ms)
				InitializePlatformSupportModulesInManaged (37ms)
				SetLoadedEditorAssemblies (5ms)
				RefreshPlugins (2ms)
				BeforeProcessingInitializeOnLoad (147ms)
				ProcessInitializeOnLoadAttributes (301ms)
				ProcessInitializeOnLoadMethodAttributes (113ms)
				AfterProcessingInitializeOnLoad (45ms)
				EditorAssembliesLoaded (0ms)
			ExecutionOrderSort2 (0ms)
			AwakeInstancesAfterBackupRestoration (20ms)
Platform modules already initialized, skipping
Refreshing native plugins compatible for Editor in 4.05 ms, found 3 plugins.
Preloading 0 native plugins for Editor in 0.00 ms.
Unloading 6058 Unused Serialized files (Serialized files now loaded: 0)
Unloading 45 unused Assets / (1.9 MB). Loaded Objects now: 6707.
Memory consumption went from 334.6 MB to 332.8 MB.
Total: 5.121500 ms (FindLiveObjects: 0.500200 ms CreateObjectMapping: 0.678900 ms MarkObjects: 3.434500 ms  DeleteObjects: 0.506800 ms)

AssetImportParameters requested are different than current active one (requested -> active):
  custom:video-decoder-ogg-theora: a1e56fd34408186e4bbccfd4996cb3dc -> 
  custom:container-muxer-webm: aa71ff27fc2769a1b78a27578f13a17b -> 
  custom:container-demuxer-webm: 4f35f7cbe854078d1ac9338744f61a02 -> 
  custom:video-encoder-webm-vp8: eb34c28f22e8b96e1ab97ce403110664 -> 
  custom:video-codec-MediaFoundation-h265: 746d11721c4dcdbdad8f713fa42b33f4 -> 
  custom:audio-encoder-webm-vorbis: bf7c407c2cedff20999df2af8eb42d56 -> 
  custom:framework-win-MediaFoundation: 216162199b28c13a410421893ffa2e32 -> 
  custom:container-demuxer-ogg: 62fdf1f143b41e24485cea50d1cbac27 -> 
  custom:video-decoder-webm-vp8: 9c59270c3fd7afecdb556c50c9e8de78 -> 
  custom:audio-decoder-ogg-vorbis: bf7c407c2cedff20999df2af8eb42d56 -> 
========================================================================
Received Import Request.
  Time since last request: 106.828692 seconds.
  path: Assets/LowPolySoldiers/models
  artifactKey: Guid(f345e924d8c425741ad0737c18649123) Importer(815301076,1909f56bfc062723c751e8b465ee728b)
Start importing Assets/LowPolySoldiers/models using Guid(f345e924d8c425741ad0737c18649123) Importer(815301076,1909f56bfc062723c751e8b465ee728b)  -> (artifact id: '61a6495f9961d667e200b21cb57889f3') in 0.010597 seconds 
========================================================================
Received Import Request.
  Time since last request: 0.033086 seconds.
  path: Assets/LowPolySoldiers/models/Soldier.FBX
  artifactKey: Guid(54c59f8780aaa2f4ebdae0e8027edf29) Importer(815301076,1909f56bfc062723c751e8b465ee728b)
Start importing Assets/LowPolySoldiers/models/Soldier.FBX using Guid(54c59f8780aaa2f4ebdae0e8027edf29) Importer(815301076,1909f56bfc062723c751e8b465ee728b)  -> (artifact id: '34bf9c00f6abb3cc535a15fdbbd78610') in 0.377625 seconds 
========================================================================
Received Import Request.
  Time since last request: 7.518955 seconds.
  path: Assets/LowPolySoldiers/animations
  artifactKey: Guid(42674dd4d9fffe44a962c86fa002657c) Importer(815301076,1909f56bfc062723c751e8b465ee728b)
Start importing Assets/LowPolySoldiers/animations using Guid(42674dd4d9fffe44a962c86fa002657c) Importer(815301076,1909f56bfc062723c751e8b465ee728b)  -> (artifact id: 'ae95f9e7a9f31f104c2c89f4aaaeb983') in 0.001936 seconds 
========================================================================
Received Import Request.
  Time since last request: 17.996472 seconds.
  path: Assets/LowPolySoldiers/prefabs/Soldier_all_parts.prefab
  artifactKey: Guid(3b5ab3dd72d54ff46ab6be8c31770ac8) Importer(815301076,1909f56bfc062723c751e8b465ee728b)
Start importing Assets/LowPolySoldiers/prefabs/Soldier_all_parts.prefab using Guid(3b5ab3dd72d54ff46ab6be8c31770ac8) Importer(815301076,1909f56bfc062723c751e8b465ee728b)  -> (artifact id: 'd03e97f230309ed9e26afdf4b45d7dc2') in 0.028632 seconds 
========================================================================
Received Import Request.
  Time since last request: 0.001036 seconds.
  path: Assets/LowPolySoldiers/prefabs/Soldier_marine_support.prefab
  artifactKey: Guid(9a5f4450928e2574a8cd1c44ffb66640) Importer(815301076,1909f56bfc062723c751e8b465ee728b)
Start importing Assets/LowPolySoldiers/prefabs/Soldier_marine_support.prefab using Guid(9a5f4450928e2574a8cd1c44ffb66640) Importer(815301076,1909f56bfc062723c751e8b465ee728b)  -> (artifact id: '39ac002aeec08003173f84f1973b707c') in 0.020298 seconds 
========================================================================
Received Import Request.
  Time since last request: 0.000043 seconds.
  path: Assets/LowPolySoldiers/prefabs/Soldier_snow_assault.prefab
  artifactKey: Guid(83206234d757bed4fa0dbef183d508b5) Importer(815301076,1909f56bfc062723c751e8b465ee728b)
Start importing Assets/LowPolySoldiers/prefabs/Soldier_snow_assault.prefab using Guid(83206234d757bed4fa0dbef183d508b5) Importer(815301076,1909f56bfc062723c751e8b465ee728b)  -> (artifact id: '480b87ad21155c1a8906ce00d6d01e0f') in 0.024265 seconds 
========================================================================
Received Import Request.
  Time since last request: 0.000023 seconds.
  path: Assets/LowPolySoldiers/prefabs/Soldier_marine_rocketLauncher.prefab
  artifactKey: Guid(ac7322588fccc4946a90f0f98f275190) Importer(815301076,1909f56bfc062723c751e8b465ee728b)
Start importing Assets/LowPolySoldiers/prefabs/Soldier_marine_rocketLauncher.prefab using Guid(ac7322588fccc4946a90f0f98f275190) Importer(815301076,1909f56bfc062723c751e8b465ee728b)  -> (artifact id: 'bcb63d14a0b4bbd1ee19778ca60d5ca1') in 0.021549 seconds 
========================================================================
Received Import Request.
  Time since last request: 0.000025 seconds.
  path: Assets/LowPolySoldiers/prefabs/Soldier_snow_scout.prefab
  artifactKey: Guid(1b10a0abc1e1a02419a0af4413842bfd) Importer(815301076,1909f56bfc062723c751e8b465ee728b)
Start importing Assets/LowPolySoldiers/prefabs/Soldier_snow_scout.prefab using Guid(1b10a0abc1e1a02419a0af4413842bfd) Importer(815301076,1909f56bfc062723c751e8b465ee728b)  -> (artifact id: '5faf4899283a0aa5b0448973f8015e18') in 0.020400 seconds 
========================================================================
Received Import Request.
  Time since last request: 0.000047 seconds.
  path: Assets/LowPolySoldiers/prefabs/Soldier_urban_A.prefab
  artifactKey: Guid(15d3ed90eb166aa4e9de7f63be94a87b) Importer(815301076,1909f56bfc062723c751e8b465ee728b)
Start importing Assets/LowPolySoldiers/prefabs/Soldier_urban_A.prefab using Guid(15d3ed90eb166aa4e9de7f63be94a87b) Importer(815301076,1909f56bfc062723c751e8b465ee728b)  -> (artifact id: '2608454336591527fec032935a393b13') in 0.028720 seconds 
========================================================================
Received Import Request.
  Time since last request: 0.000035 seconds.
  path: Assets/LowPolySoldiers/prefabs/Soldier_urban_C.prefab
  artifactKey: Guid(914fd54b381fbcd41935572eabb11d13) Importer(815301076,1909f56bfc062723c751e8b465ee728b)
Start importing Assets/LowPolySoldiers/prefabs/Soldier_urban_C.prefab using Guid(914fd54b381fbcd41935572eabb11d13) Importer(815301076,1909f56bfc062723c751e8b465ee728b)  -> (artifact id: '12cc9c175b0958a3cf7950d95cd70ff9') in 0.021552 seconds 
========================================================================
Received Import Request.
  Time since last request: 0.000026 seconds.
  path: Assets/LowPolySoldiers/prefabs/Soldier_urban_B.prefab
  artifactKey: Guid(0457555b5679fc24481a83b42665ede5) Importer(815301076,1909f56bfc062723c751e8b465ee728b)
Start importing Assets/LowPolySoldiers/prefabs/Soldier_urban_B.prefab using Guid(0457555b5679fc24481a83b42665ede5) Importer(815301076,1909f56bfc062723c751e8b465ee728b)  -> (artifact id: 'faaadb249b4463ff1528b96a80639958') in 0.017885 seconds 
========================================================================
Received Import Request.
  Time since last request: 0.000062 seconds.
  path: Assets/LowPolySoldiers/prefabs/Soldier_marine_sniper.prefab
  artifactKey: Guid(7d0fbb801c984e24496c3eb9f284f25b) Importer(815301076,1909f56bfc062723c751e8b465ee728b)
Start importing Assets/LowPolySoldiers/prefabs/Soldier_marine_sniper.prefab using Guid(7d0fbb801c984e24496c3eb9f284f25b) Importer(815301076,1909f56bfc062723c751e8b465ee728b)  -> (artifact id: '2a77c6977e85f1c0e0301dadff278afe') in 0.031925 seconds 
========================================================================
Received Import Request.
  Time since last request: 4.072728 seconds.
  path: Assets/Prefabs/Player.prefab
  artifactKey: Guid(f716e3d5c5a1cd94bb9c21fd03dbf03e) Importer(815301076,1909f56bfc062723c751e8b465ee728b)
Start importing Assets/Prefabs/Player.prefab using Guid(f716e3d5c5a1cd94bb9c21fd03dbf03e) Importer(815301076,1909f56bfc062723c751e8b465ee728b)  -> (artifact id: '3b6a7c61592414463fe6d7cae1bb3357') in 0.173369 seconds 
========================================================================
Received Import Request.
  Time since last request: 70.125734 seconds.
  path: Assets/LowPolySoldiers/animations/Assault/movement/assault_combat_run.FBX
  artifactKey: Guid(7706f998f568be843a0d8a7261a7c3be) Importer(815301076,1909f56bfc062723c751e8b465ee728b)
Start importing Assets/LowPolySoldiers/animations/Assault/movement/assault_combat_run.FBX using Guid(7706f998f568be843a0d8a7261a7c3be) Importer(815301076,1909f56bfc062723c751e8b465ee728b)  -> (artifact id: '06f93a989b5d470e66f490f33fac0a9d') in 0.010725 seconds 
========================================================================
Received Import Request.
  Time since last request: 6.478191 seconds.
  path: Assets/LowPolySoldiers/animations/Assault/movement/assault_combat_run.FBX
  artifactKey: Guid(7706f998f568be843a0d8a7261a7c3be) Importer(815301076,1909f56bfc062723c751e8b465ee728b)
Start importing Assets/LowPolySoldiers/animations/Assault/movement/assault_combat_run.FBX using Guid(7706f998f568be843a0d8a7261a7c3be) Importer(815301076,1909f56bfc062723c751e8b465ee728b)  -> (artifact id: '9f5b1baadaa61e74c1eaeac26380e2ff') in 0.011048 seconds 
========================================================================
Received Prepare
Registering precompiled user dll's ...
Registered in 0.026673 seconds.
Begin MonoManager ReloadAssembly
Symbol file LoadedFromMemory doesn't match image E:\UnityProjects\FPS\Library\PackageCache\com.unity.visualscripting@1.7.8\Editor\VisualScripting.Core\Dependencies\YamlDotNet\Unity.VisualScripting.YamlDotNet.dll
Symbol file LoadedFromMemory doesn't match image E:\UnityProjects\FPS\Library\PackageCache\com.unity.visualscripting@1.7.8\Editor\VisualScripting.Core\Dependencies\DotNetZip\Unity.VisualScripting.IonicZip.dll
Native extension for WindowsStandalone target not found
Native extension for Android target not found
Native extension for WebGL target not found
Refreshing native plugins compatible for Editor in 1.72 ms, found 3 plugins.
Preloading 0 native plugins for Editor in 0.00 ms.
Mono: successfully reloaded assembly
- Completed reload, in  1.910 seconds
Domain Reload Profiling:
	ReloadAssembly (1910ms)
		BeginReloadAssembly (277ms)
			ExecutionOrderSort (0ms)
			DisableScriptedObjects (8ms)
			BackupInstance (0ms)
			ReleaseScriptingObjects (0ms)
			CreateAndSetChildDomain (56ms)
		EndReloadAssembly (1451ms)
			LoadAssemblies (216ms)
			RebuildTransferFunctionScriptingTraits (0ms)
			SetupTypeCache (439ms)
			ReleaseScriptCaches (2ms)
			RebuildScriptCaches (61ms)
			SetupLoadedEditorAssemblies (657ms)
				LogAssemblyErrors (0ms)
				InitializePlatformSupportModulesInManaged (36ms)
				SetLoadedEditorAssemblies (1ms)
				RefreshPlugins (2ms)
				BeforeProcessingInitializeOnLoad (172ms)
				ProcessInitializeOnLoadAttributes (298ms)
				ProcessInitializeOnLoadMethodAttributes (104ms)
				AfterProcessingInitializeOnLoad (44ms)
				EditorAssembliesLoaded (0ms)
			ExecutionOrderSort2 (0ms)
			AwakeInstancesAfterBackupRestoration (21ms)
Platform modules already initialized, skipping
Refreshing native plugins compatible for Editor in 4.69 ms, found 3 plugins.
Preloading 0 native plugins for Editor in 0.00 ms.
Unloading 6066 Unused Serialized files (Serialized files now loaded: 0)
Unloading 47 unused Assets / (1.9 MB). Loaded Objects now: 6768.
Memory consumption went from 355.2 MB to 353.3 MB.
Total: 4.874000 ms (FindLiveObjects: 0.493800 ms CreateObjectMapping: 0.532500 ms MarkObjects: 3.192700 ms  DeleteObjects: 0.654200 ms)

AssetImportParameters requested are different than current active one (requested -> active):
  custom:video-decoder-ogg-theora: a1e56fd34408186e4bbccfd4996cb3dc -> 
  custom:container-muxer-webm: aa71ff27fc2769a1b78a27578f13a17b -> 
  custom:container-demuxer-webm: 4f35f7cbe854078d1ac9338744f61a02 -> 
  custom:video-encoder-webm-vp8: eb34c28f22e8b96e1ab97ce403110664 -> 
  custom:video-codec-MediaFoundation-h265: 746d11721c4dcdbdad8f713fa42b33f4 -> 
  custom:audio-encoder-webm-vorbis: bf7c407c2cedff20999df2af8eb42d56 -> 
  custom:framework-win-MediaFoundation: 216162199b28c13a410421893ffa2e32 -> 
  custom:container-demuxer-ogg: 62fdf1f143b41e24485cea50d1cbac27 -> 
  custom:video-decoder-webm-vp8: 9c59270c3fd7afecdb556c50c9e8de78 -> 
  custom:audio-decoder-ogg-vorbis: bf7c407c2cedff20999df2af8eb42d56 -> 
========================================================================
Received Import Request.
  Time since last request: 365.464767 seconds.
  path: Assets/Prefabs/Player.prefab
  artifactKey: Guid(f716e3d5c5a1cd94bb9c21fd03dbf03e) Importer(815301076,1909f56bfc062723c751e8b465ee728b)
Start importing Assets/Prefabs/Player.prefab using Guid(f716e3d5c5a1cd94bb9c21fd03dbf03e) Importer(815301076,1909f56bfc062723c751e8b465ee728b)  -> (artifact id: '4e7194fcd39b0ae9735fc52241bf7f0f') in 0.342601 seconds 
========================================================================
Received Import Request.
  Time since last request: 6.918726 seconds.
  path: Assets/Prefabs/Player.prefab
  artifactKey: Guid(f716e3d5c5a1cd94bb9c21fd03dbf03e) Importer(815301076,1909f56bfc062723c751e8b465ee728b)
Start importing Assets/Prefabs/Player.prefab using Guid(f716e3d5c5a1cd94bb9c21fd03dbf03e) Importer(815301076,1909f56bfc062723c751e8b465ee728b)  -> (artifact id: '2dbc689bd43ee5277d669ead94f19324') in 0.136803 seconds 
========================================================================
Received Prepare
Registering precompiled user dll's ...
Registered in 0.025309 seconds.
Begin MonoManager ReloadAssembly
Symbol file LoadedFromMemory doesn't match image E:\UnityProjects\FPS\Library\PackageCache\com.unity.visualscripting@1.7.8\Editor\VisualScripting.Core\Dependencies\YamlDotNet\Unity.VisualScripting.YamlDotNet.dll
Symbol file LoadedFromMemory doesn't match image E:\UnityProjects\FPS\Library\PackageCache\com.unity.visualscripting@1.7.8\Editor\VisualScripting.Core\Dependencies\DotNetZip\Unity.VisualScripting.IonicZip.dll
Native extension for WindowsStandalone target not found
Native extension for Android target not found
Native extension for WebGL target not found
Refreshing native plugins compatible for Editor in 1.51 ms, found 3 plugins.
Preloading 0 native plugins for Editor in 0.00 ms.
Mono: successfully reloaded assembly
- Completed reload, in  1.887 seconds
Domain Reload Profiling:
	ReloadAssembly (1887ms)
		BeginReloadAssembly (252ms)
			ExecutionOrderSort (0ms)
			DisableScriptedObjects (9ms)
			BackupInstance (0ms)
			ReleaseScriptingObjects (0ms)
			CreateAndSetChildDomain (59ms)
		EndReloadAssembly (1461ms)
			LoadAssemblies (205ms)
			RebuildTransferFunctionScriptingTraits (0ms)
			SetupTypeCache (427ms)
			ReleaseScriptCaches (2ms)
			RebuildScriptCaches (66ms)
			SetupLoadedEditorAssemblies (644ms)
				LogAssemblyErrors (0ms)
				InitializePlatformSupportModulesInManaged (40ms)
				SetLoadedEditorAssemblies (1ms)
				RefreshPlugins (2ms)
				BeforeProcessingInitializeOnLoad (151ms)
				ProcessInitializeOnLoadAttributes (298ms)
				ProcessInitializeOnLoadMethodAttributes (105ms)
				AfterProcessingInitializeOnLoad (48ms)
				EditorAssembliesLoaded (0ms)
			ExecutionOrderSort2 (0ms)
			AwakeInstancesAfterBackupRestoration (27ms)
Platform modules already initialized, skipping
Refreshing native plugins compatible for Editor in 4.38 ms, found 3 plugins.
Preloading 0 native plugins for Editor in 0.00 ms.
Unloading 6066 Unused Serialized files (Serialized files now loaded: 0)
Unloading 47 unused Assets / (1.9 MB). Loaded Objects now: 6812.
Memory consumption went from 355.2 MB to 353.3 MB.
Total: 4.662500 ms (FindLiveObjects: 0.581900 ms CreateObjectMapping: 0.503500 ms MarkObjects: 2.988100 ms  DeleteObjects: 0.588000 ms)

AssetImportParameters requested are different than current active one (requested -> active):
  custom:video-decoder-ogg-theora: a1e56fd34408186e4bbccfd4996cb3dc -> 
  custom:container-muxer-webm: aa71ff27fc2769a1b78a27578f13a17b -> 
  custom:container-demuxer-webm: 4f35f7cbe854078d1ac9338744f61a02 -> 
  custom:video-encoder-webm-vp8: eb34c28f22e8b96e1ab97ce403110664 -> 
  custom:video-codec-MediaFoundation-h265: 746d11721c4dcdbdad8f713fa42b33f4 -> 
  custom:audio-encoder-webm-vorbis: bf7c407c2cedff20999df2af8eb42d56 -> 
  custom:framework-win-MediaFoundation: 216162199b28c13a410421893ffa2e32 -> 
  custom:container-demuxer-ogg: 62fdf1f143b41e24485cea50d1cbac27 -> 
  custom:video-decoder-webm-vp8: 9c59270c3fd7afecdb556c50c9e8de78 -> 
  custom:audio-decoder-ogg-vorbis: bf7c407c2cedff20999df2af8eb42d56 -> 
========================================================================
Received Import Request.
  Time since last request: 93.866663 seconds.
  path: Assets/LowPolyFPS/Models
  artifactKey: Guid(ce17fc7f7d2c8da47932d74c241fe6f7) Importer(815301076,1909f56bfc062723c751e8b465ee728b)
Start importing Assets/LowPolyFPS/Models using Guid(ce17fc7f7d2c8da47932d74c241fe6f7) Importer(815301076,1909f56bfc062723c751e8b465ee728b)  -> (artifact id: '000d930bdf8d48a5f30ba32a4519deb9') in 0.014205 seconds 
========================================================================
Received Import Request.
  Time since last request: 0.041696 seconds.
  path: Assets/LowPolyFPS/Models/AmoBox_01.fbx
  artifactKey: Guid(5c87ca95556fc3f4ba9eb8dbd92ca18a) Importer(815301076,1909f56bfc062723c751e8b465ee728b)
Start importing Assets/LowPolyFPS/Models/AmoBox_01.fbx using Guid(5c87ca95556fc3f4ba9eb8dbd92ca18a) Importer(815301076,1909f56bfc062723c751e8b465ee728b)  -> (artifact id: 'f6fd5b47a1647aa103108fec281aa675') in 0.246069 seconds 
========================================================================
Received Import Request.
  Time since last request: 0.000055 seconds.
  path: Assets/LowPolyFPS/Models/RoadPart_03.fbx
  artifactKey: Guid(17250bcdfe8bb5d4985ff4574c0faff3) Importer(815301076,1909f56bfc062723c751e8b465ee728b)
Start importing Assets/LowPolyFPS/Models/RoadPart_03.fbx using Guid(17250bcdfe8bb5d4985ff4574c0faff3) Importer(815301076,1909f56bfc062723c751e8b465ee728b)  -> (artifact id: 'aa7d71d31d30d5a6ec7ef2f60d9c93b0') in 0.026582 seconds 
========================================================================
Received Import Request.
  Time since last request: 0.000046 seconds.
  path: Assets/LowPolyFPS/Models/AutoService_01_2.fbx
  artifactKey: Guid(9209810447712e145b4621520c481b46) Importer(815301076,1909f56bfc062723c751e8b465ee728b)
Start importing Assets/LowPolyFPS/Models/AutoService_01_2.fbx using Guid(9209810447712e145b4621520c481b46) Importer(815301076,1909f56bfc062723c751e8b465ee728b)  -> (artifact id: 'd08f6416a777fd49b7a9e892d3fb5f62') in 0.027635 seconds 
========================================================================
Received Import Request.
  Time since last request: 0.000026 seconds.
  path: Assets/LowPolyFPS/Models/Road_04.fbx
  artifactKey: Guid(111f27e1555a9024c9ace96a12928ef1) Importer(815301076,1909f56bfc062723c751e8b465ee728b)
Start importing Assets/LowPolyFPS/Models/Road_04.fbx using Guid(111f27e1555a9024c9ace96a12928ef1) Importer(815301076,1909f56bfc062723c751e8b465ee728b)  -> (artifact id: '9ebf8f8e5139e97dffbad74573a8cd4a') in 0.024564 seconds 
========================================================================
Received Import Request.
  Time since last request: 0.000034 seconds.
  path: Assets/LowPolyFPS/Models/Road_06.fbx
  artifactKey: Guid(a961b7cb9ef81fe4d8856f1d0d42fab0) Importer(815301076,1909f56bfc062723c751e8b465ee728b)
Start importing Assets/LowPolyFPS/Models/Road_06.fbx using Guid(a961b7cb9ef81fe4d8856f1d0d42fab0) Importer(815301076,1909f56bfc062723c751e8b465ee728b)  -> (artifact id: '14f669caefa197186691853528a5aef9') in 0.025575 seconds 
========================================================================
Received Import Request.
  Time since last request: 0.000036 seconds.
  path: Assets/LowPolyFPS/Models/RoadPart_07.fbx
  artifactKey: Guid(3d34eeb773a533943b0f1edcf9a5900c) Importer(815301076,1909f56bfc062723c751e8b465ee728b)
Start importing Assets/LowPolyFPS/Models/RoadPart_07.fbx using Guid(3d34eeb773a533943b0f1edcf9a5900c) Importer(815301076,1909f56bfc062723c751e8b465ee728b)  -> (artifact id: '1ca83f8893b86181c5a53c84d8d7b1a4') in 0.021947 seconds 
========================================================================
Received Import Request.
  Time since last request: 0.000025 seconds.
  path: Assets/LowPolyFPS/Models/Hydrant.fbx
  artifactKey: Guid(e32808f00a9063248a221e9a111d89cf) Importer(815301076,1909f56bfc062723c751e8b465ee728b)
Start importing Assets/LowPolyFPS/Models/Hydrant.fbx using Guid(e32808f00a9063248a221e9a111d89cf) Importer(815301076,1909f56bfc062723c751e8b465ee728b)  -> (artifact id: 'c70012bc17bb09367be5e702206f8bf3') in 0.024943 seconds 
========================================================================
Received Import Request.
  Time since last request: 0.000031 seconds.
  path: Assets/LowPolyFPS/Models/Barrel_02.fbx
  artifactKey: Guid(05f0841c8b03df443b40ce66a424dcc0) Importer(815301076,1909f56bfc062723c751e8b465ee728b)
Start importing Assets/LowPolyFPS/Models/Barrel_02.fbx using Guid(05f0841c8b03df443b40ce66a424dcc0) Importer(815301076,1909f56bfc062723c751e8b465ee728b)  -> (artifact id: '3b6d59e136a7489d11a8ae85bb7ffc7a') in 0.022885 seconds 
========================================================================
Received Import Request.
  Time since last request: 0.000042 seconds.
  path: Assets/LowPolyFPS/Models/PowerLines_02.fbx
  artifactKey: Guid(5c4202b0048d7b1448e888bf76337566) Importer(815301076,1909f56bfc062723c751e8b465ee728b)
Start importing Assets/LowPolyFPS/Models/PowerLines_02.fbx using Guid(5c4202b0048d7b1448e888bf76337566) Importer(815301076,1909f56bfc062723c751e8b465ee728b)  -> (artifact id: '267e99decac056f79bc4fe63df7330ec') in 0.023261 seconds 
========================================================================
Received Import Request.
  Time since last request: 0.000037 seconds.
  path: Assets/LowPolyFPS/Models/House_07.fbx
  artifactKey: Guid(de97eae882d37984caa7784873d1d757) Importer(815301076,1909f56bfc062723c751e8b465ee728b)
Start importing Assets/LowPolyFPS/Models/House_07.fbx using Guid(de97eae882d37984caa7784873d1d757) Importer(815301076,1909f56bfc062723c751e8b465ee728b)  -> (artifact id: '9437aecd5554c90a119ee3e8ca3db806') in 0.021741 seconds 
========================================================================
Received Import Request.
  Time since last request: 0.000037 seconds.
  path: Assets/LowPolyFPS/Models/Fence_03.fbx
  artifactKey: Guid(9834248c18712ae4db8809313ac57e3e) Importer(815301076,1909f56bfc062723c751e8b465ee728b)
Start importing Assets/LowPolyFPS/Models/Fence_03.fbx using Guid(9834248c18712ae4db8809313ac57e3e) Importer(815301076,1909f56bfc062723c751e8b465ee728b)  -> (artifact id: '2096343d16a28c0a04f503e3eedd4a37') in 0.021047 seconds 
========================================================================
Received Import Request.
  Time since last request: 0.000027 seconds.
  path: Assets/LowPolyFPS/Models/Grass_01.fbx
  artifactKey: Guid(4a4a37ab14966a94e814c94949f73c47) Importer(815301076,1909f56bfc062723c751e8b465ee728b)
Start importing Assets/LowPolyFPS/Models/Grass_01.fbx using Guid(4a4a37ab14966a94e814c94949f73c47) Importer(815301076,1909f56bfc062723c751e8b465ee728b)  -> (artifact id: 'b19b64d0c2e06f9ae842bc00e126d617') in 0.020876 seconds 
========================================================================
Received Import Request.
  Time since last request: 0.000026 seconds.
  path: Assets/LowPolyFPS/Models/CityHall_01.fbx
  artifactKey: Guid(96a4d5bfec9be144687e1da6206a0252) Importer(815301076,1909f56bfc062723c751e8b465ee728b)
Start importing Assets/LowPolyFPS/Models/CityHall_01.fbx using Guid(96a4d5bfec9be144687e1da6206a0252) Importer(815301076,1909f56bfc062723c751e8b465ee728b)  -> (artifact id: '16a64ad379d654a40f396cf127711c8d') in 0.022312 seconds 
========================================================================
Received Import Request.
  Time since last request: 0.000026 seconds.
  path: Assets/LowPolyFPS/Models/Mud_01.fbx
  artifactKey: Guid(55dcd1e16337c324580f45b2b372eeb7) Importer(815301076,1909f56bfc062723c751e8b465ee728b)
Start importing Assets/LowPolyFPS/Models/Mud_01.fbx using Guid(55dcd1e16337c324580f45b2b372eeb7) Importer(815301076,1909f56bfc062723c751e8b465ee728b)  -> (artifact id: '58c885ab270cfe0f7eaa3c9025cdf29a') in 0.019336 seconds 
========================================================================
Received Import Request.
  Time since last request: 0.000043 seconds.
  path: Assets/LowPolyFPS/Models/Fence_04.fbx
  artifactKey: Guid(ee6702898eaaaae499628489e028fbf7) Importer(815301076,1909f56bfc062723c751e8b465ee728b)
Start importing Assets/LowPolyFPS/Models/Fence_04.fbx using Guid(ee6702898eaaaae499628489e028fbf7) Importer(815301076,1909f56bfc062723c751e8b465ee728b)  -> (artifact id: 'f72727712a7b0f64ef6db0b1394989fb') in 0.018544 seconds 
========================================================================
Received Import Request.
  Time since last request: 0.000034 seconds.
  path: Assets/LowPolyFPS/Models/Plant_01.fbx
  artifactKey: Guid(5a01556cd54c0cf44bd39bb8083b8019) Importer(815301076,1909f56bfc062723c751e8b465ee728b)
Start importing Assets/LowPolyFPS/Models/Plant_01.fbx using Guid(5a01556cd54c0cf44bd39bb8083b8019) Importer(815301076,1909f56bfc062723c751e8b465ee728b)  -> (artifact id: 'e00f36482a19e1db531f5dea0426a9aa') in 0.021061 seconds 
========================================================================
Received Import Request.
  Time since last request: 0.000043 seconds.
  path: Assets/LowPolyFPS/Models/Light_01.fbx
  artifactKey: Guid(2ec073b58e71c9e458d4c5ba7a1452b2) Importer(815301076,1909f56bfc062723c751e8b465ee728b)
Start importing Assets/LowPolyFPS/Models/Light_01.fbx using Guid(2ec073b58e71c9e458d4c5ba7a1452b2) Importer(815301076,1909f56bfc062723c751e8b465ee728b)  -> (artifact id: 'c28c680fef59d947e4743d2ea9bd27de') in 0.019760 seconds 
========================================================================
Received Import Request.
  Time since last request: 0.000047 seconds.
  path: Assets/LowPolyFPS/Models/Wheel_02.fbx
  artifactKey: Guid(5099d8436263c91499df213211992bf3) Importer(815301076,1909f56bfc062723c751e8b465ee728b)
Start importing Assets/LowPolyFPS/Models/Wheel_02.fbx using Guid(5099d8436263c91499df213211992bf3) Importer(815301076,1909f56bfc062723c751e8b465ee728b)  -> (artifact id: 'de13e8c470d2b2e5db26534f3538ba00') in 0.020768 seconds 
========================================================================
Received Import Request.
  Time since last request: 0.000040 seconds.
  path: Assets/LowPolyFPS/Models/Bank_01.fbx
  artifactKey: Guid(9f97b33fafaa0ca44b8fb0b662cc3e35) Importer(815301076,1909f56bfc062723c751e8b465ee728b)
Start importing Assets/LowPolyFPS/Models/Bank_01.fbx using Guid(9f97b33fafaa0ca44b8fb0b662cc3e35) Importer(815301076,1909f56bfc062723c751e8b465ee728b)  -> (artifact id: '03cffb00f44b42a8d965241159359b4d') in 0.021442 seconds 
========================================================================
Received Import Request.
  Time since last request: 0.000032 seconds.
  path: Assets/LowPolyFPS/Models/Trash_01.fbx
  artifactKey: Guid(3a31c78c02d26934ea3250ef7074cc7d) Importer(815301076,1909f56bfc062723c751e8b465ee728b)
Start importing Assets/LowPolyFPS/Models/Trash_01.fbx using Guid(3a31c78c02d26934ea3250ef7074cc7d) Importer(815301076,1909f56bfc062723c751e8b465ee728b)  -> (artifact id: 'a71435755fcc3aa9cdf7d45b27ccb02a') in 0.024466 seconds 
========================================================================
Received Import Request.
  Time since last request: 0.000025 seconds.
  path: Assets/LowPolyFPS/Models/RoadPart_06.fbx
  artifactKey: Guid(d4b40a14ff57d5a468d350113e223c33) Importer(815301076,1909f56bfc062723c751e8b465ee728b)
Start importing Assets/LowPolyFPS/Models/RoadPart_06.fbx using Guid(d4b40a14ff57d5a468d350113e223c33) Importer(815301076,1909f56bfc062723c751e8b465ee728b)  -> (artifact id: '51e5da3e8214b8c88174eeca2346493c') in 0.023105 seconds 
========================================================================
Received Import Request.
  Time since last request: 0.000030 seconds.
  path: Assets/LowPolyFPS/Models/RoadPart_02.fbx
  artifactKey: Guid(c627e03fe4c08724f96316a07ac14a89) Importer(815301076,1909f56bfc062723c751e8b465ee728b)
Start importing Assets/LowPolyFPS/Models/RoadPart_02.fbx using Guid(c627e03fe4c08724f96316a07ac14a89) Importer(815301076,1909f56bfc062723c751e8b465ee728b)  -> (artifact id: 'c1537156473ba42b5922dafb3feb4cc2') in 0.021318 seconds 
========================================================================
Received Import Request.
  Time since last request: 0.000026 seconds.
  path: Assets/LowPolyFPS/Models/RoadSign_01.fbx
  artifactKey: Guid(5c91378b63098114fb26c0bea42d901b) Importer(815301076,1909f56bfc062723c751e8b465ee728b)
Start importing Assets/LowPolyFPS/Models/RoadSign_01.fbx using Guid(5c91378b63098114fb26c0bea42d901b) Importer(815301076,1909f56bfc062723c751e8b465ee728b)  -> (artifact id: 'afd09ff249a678f7a6a168f6f2d3837c') in 0.023847 seconds 
========================================================================
Received Import Request.
  Time since last request: 0.000034 seconds.
  path: Assets/LowPolyFPS/Models/Stairs_01.fbx
  artifactKey: Guid(aba308e61e35f9e4d9d4fc60ee0e2f2d) Importer(815301076,1909f56bfc062723c751e8b465ee728b)
Start importing Assets/LowPolyFPS/Models/Stairs_01.fbx using Guid(aba308e61e35f9e4d9d4fc60ee0e2f2d) Importer(815301076,1909f56bfc062723c751e8b465ee728b)  -> (artifact id: '84bd4b7956e25973635f57761b22a507') in 0.023115 seconds 
========================================================================
Received Import Request.
  Time since last request: 0.000040 seconds.
  path: Assets/LowPolyFPS/Models/Tree_02.fbx
  artifactKey: Guid(04ec0a28fe6da074c850a552635fed6e) Importer(815301076,1909f56bfc062723c751e8b465ee728b)
Start importing Assets/LowPolyFPS/Models/Tree_02.fbx using Guid(04ec0a28fe6da074c850a552635fed6e) Importer(815301076,1909f56bfc062723c751e8b465ee728b)  -> (artifact id: 'b8b4e0672185dd5b96972b49717501a7') in 0.025153 seconds 
========================================================================
Received Import Request.
  Time since last request: 0.000024 seconds.
  path: Assets/LowPolyFPS/Models/Trash_02.fbx
  artifactKey: Guid(7755fef5c89fe8a41b2762b64d0900ec) Importer(815301076,1909f56bfc062723c751e8b465ee728b)
Start importing Assets/LowPolyFPS/Models/Trash_02.fbx using Guid(7755fef5c89fe8a41b2762b64d0900ec) Importer(815301076,1909f56bfc062723c751e8b465ee728b)  -> (artifact id: '9d37b90d049d89ada38abe25cb71d8d1') in 0.023179 seconds 
========================================================================
Received Import Request.
  Time since last request: 0.000026 seconds.
  path: Assets/LowPolyFPS/Models/BG_01.fbx
  artifactKey: Guid(0594956c21147074aa2c0d8cd76ce27a) Importer(815301076,1909f56bfc062723c751e8b465ee728b)
Start importing Assets/LowPolyFPS/Models/BG_01.fbx using Guid(0594956c21147074aa2c0d8cd76ce27a) Importer(815301076,1909f56bfc062723c751e8b465ee728b)  -> (artifact id: 'd90fa7aa9fd7cf00f3a7c9efb43a55f9') in 0.023478 seconds 
========================================================================
Received Import Request.
  Time since last request: 0.000029 seconds.
  path: Assets/LowPolyFPS/Models/Box_01.fbx
  artifactKey: Guid(88d1733fea90fac4fbc0fb4aca2d274c) Importer(815301076,1909f56bfc062723c751e8b465ee728b)
Start importing Assets/LowPolyFPS/Models/Box_01.fbx using Guid(88d1733fea90fac4fbc0fb4aca2d274c) Importer(815301076,1909f56bfc062723c751e8b465ee728b)  -> (artifact id: 'f4a89afa01688e47a4d55fa7743c8771') in 0.021947 seconds 
========================================================================
Received Import Request.
  Time since last request: 0.000029 seconds.
  path: Assets/LowPolyFPS/Models/Tree_01.fbx
  artifactKey: Guid(779e55148d11d5942895acf1e03a9f15) Importer(815301076,1909f56bfc062723c751e8b465ee728b)
Start importing Assets/LowPolyFPS/Models/Tree_01.fbx using Guid(779e55148d11d5942895acf1e03a9f15) Importer(815301076,1909f56bfc062723c751e8b465ee728b)  -> (artifact id: '4b0ed14421f18512c37adcb25ec03f94') in 0.023193 seconds 
========================================================================
Received Import Request.
  Time since last request: 0.000038 seconds.
  path: Assets/LowPolyFPS/Models/Parking_01.fbx
  artifactKey: Guid(c1a62c433ba4606458d09f2b7ab6955c) Importer(815301076,1909f56bfc062723c751e8b465ee728b)
Start importing Assets/LowPolyFPS/Models/Parking_01.fbx using Guid(c1a62c433ba4606458d09f2b7ab6955c) Importer(815301076,1909f56bfc062723c751e8b465ee728b)  -> (artifact id: 'b045a6e604dc1c6559d425958c173109') in 0.021257 seconds 
========================================================================
Received Import Request.
  Time since last request: 0.000051 seconds.
  path: Assets/LowPolyFPS/Models/BG_02.fbx
  artifactKey: Guid(72af6654c7c3875408149cac7a46a80e) Importer(815301076,1909f56bfc062723c751e8b465ee728b)
Start importing Assets/LowPolyFPS/Models/BG_02.fbx using Guid(72af6654c7c3875408149cac7a46a80e) Importer(815301076,1909f56bfc062723c751e8b465ee728b)  -> (artifact id: '1f84cf43ed58f3a63978a39e44768096') in 0.019360 seconds 
========================================================================
Received Import Request.
  Time since last request: 0.000044 seconds.
  path: Assets/LowPolyFPS/Models/OldCar_03.fbx
  artifactKey: Guid(347ad420315b2134a9e251a2f1ccf718) Importer(815301076,1909f56bfc062723c751e8b465ee728b)
Start importing Assets/LowPolyFPS/Models/OldCar_03.fbx using Guid(347ad420315b2134a9e251a2f1ccf718) Importer(815301076,1909f56bfc062723c751e8b465ee728b)  -> (artifact id: '7b021a31ca0a7887ec110a510b2692df') in 0.022612 seconds 
========================================================================
Received Import Request.
  Time since last request: 0.000036 seconds.
  path: Assets/LowPolyFPS/Models/Wheel_01.fbx
  artifactKey: Guid(7a842b3e4159f894db383db5c5337b83) Importer(815301076,1909f56bfc062723c751e8b465ee728b)
Start importing Assets/LowPolyFPS/Models/Wheel_01.fbx using Guid(7a842b3e4159f894db383db5c5337b83) Importer(815301076,1909f56bfc062723c751e8b465ee728b)  -> (artifact id: '1d110f4c046d05012f71cd3093e38dbe') in 0.022101 seconds 
========================================================================
Received Import Request.
  Time since last request: 0.000034 seconds.
  path: Assets/LowPolyFPS/Models/House_07_Door01.fbx
  artifactKey: Guid(708e7befe67c71f45a7e22fef8918441) Importer(815301076,1909f56bfc062723c751e8b465ee728b)
Start importing Assets/LowPolyFPS/Models/House_07_Door01.fbx using Guid(708e7befe67c71f45a7e22fef8918441) Importer(815301076,1909f56bfc062723c751e8b465ee728b)  -> (artifact id: '72d447530e05fb8a887c560d629d0051') in 0.022027 seconds 
========================================================================
Received Import Request.
  Time since last request: 0.000029 seconds.
  path: Assets/LowPolyFPS/Models/RoadSign_02.fbx
  artifactKey: Guid(fd29bbac6229cac46b388e3a43eec1af) Importer(815301076,1909f56bfc062723c751e8b465ee728b)
Start importing Assets/LowPolyFPS/Models/RoadSign_02.fbx using Guid(fd29bbac6229cac46b388e3a43eec1af) Importer(815301076,1909f56bfc062723c751e8b465ee728b)  -> (artifact id: '7afb248c5061d05d9178b475262cfa1b') in 0.024462 seconds 
========================================================================
Received Import Request.
  Time since last request: 0.000028 seconds.
  path: Assets/LowPolyFPS/Models/House_02.fbx
  artifactKey: Guid(3ade79b775647a14b8be64ec73b48e22) Importer(815301076,1909f56bfc062723c751e8b465ee728b)
Start importing Assets/LowPolyFPS/Models/House_02.fbx using Guid(3ade79b775647a14b8be64ec73b48e22) Importer(815301076,1909f56bfc062723c751e8b465ee728b)  -> (artifact id: '1381769d7a9f54c2947fce5fbe07c136') in 0.025826 seconds 
========================================================================
Received Import Request.
  Time since last request: 0.000033 seconds.
  path: Assets/LowPolyFPS/Models/Construction_01.fbx
  artifactKey: Guid(1ebe8aa20390d634e806d2aae1879e65) Importer(815301076,1909f56bfc062723c751e8b465ee728b)
Start importing Assets/LowPolyFPS/Models/Construction_01.fbx using Guid(1ebe8aa20390d634e806d2aae1879e65) Importer(815301076,1909f56bfc062723c751e8b465ee728b)  -> (artifact id: '862f0ae94915d7e6879cac7e4a1f6479') in 0.023264 seconds 
========================================================================
Received Import Request.
  Time since last request: 0.000028 seconds.
  path: Assets/LowPolyFPS/Models/Road_05.fbx
  artifactKey: Guid(16b244895f71bec41a0404644e5e1fd1) Importer(815301076,1909f56bfc062723c751e8b465ee728b)
Start importing Assets/LowPolyFPS/Models/Road_05.fbx using Guid(16b244895f71bec41a0404644e5e1fd1) Importer(815301076,1909f56bfc062723c751e8b465ee728b)  -> (artifact id: 'eb7477a69d11425b5bae172270a9f1c2') in 0.022967 seconds 
========================================================================
Received Import Request.
  Time since last request: 0.000042 seconds.
  path: Assets/LowPolyFPS/Models/Pallet_01.fbx
  artifactKey: Guid(5e0a9a93d1b272244a12a55d61fc1a09) Importer(815301076,1909f56bfc062723c751e8b465ee728b)
Start importing Assets/LowPolyFPS/Models/Pallet_01.fbx using Guid(5e0a9a93d1b272244a12a55d61fc1a09) Importer(815301076,1909f56bfc062723c751e8b465ee728b)  -> (artifact id: 'd571f22affb01499ccbd6d39aee4cd03') in 0.020557 seconds 
========================================================================
Received Import Request.
  Time since last request: 0.000040 seconds.
  path: Assets/LowPolyFPS/Models/Fence_02.fbx
  artifactKey: Guid(794b361a4852c9141b1a2773fee2a9ac) Importer(815301076,1909f56bfc062723c751e8b465ee728b)
Start importing Assets/LowPolyFPS/Models/Fence_02.fbx using Guid(794b361a4852c9141b1a2773fee2a9ac) Importer(815301076,1909f56bfc062723c751e8b465ee728b)  -> (artifact id: '49491a743620ee673c0da967afe20ab2') in 0.023344 seconds 
========================================================================
Received Import Request.
  Time since last request: 0.000029 seconds.
  path: Assets/LowPolyFPS/Models/OldCar_04.fbx
  artifactKey: Guid(a8f45f36fb88aca4f96e274a43700353) Importer(815301076,1909f56bfc062723c751e8b465ee728b)
Start importing Assets/LowPolyFPS/Models/OldCar_04.fbx using Guid(a8f45f36fb88aca4f96e274a43700353) Importer(815301076,1909f56bfc062723c751e8b465ee728b)  -> (artifact id: '68222565ad3246829e2bc8ccda055dac') in 0.021936 seconds 
========================================================================
Received Import Request.
  Time since last request: 0.000026 seconds.
  path: Assets/LowPolyFPS/Models/House_08.fbx
  artifactKey: Guid(18c1120e9bd220e4b8ae169dcbae519b) Importer(815301076,1909f56bfc062723c751e8b465ee728b)
Start importing Assets/LowPolyFPS/Models/House_08.fbx using Guid(18c1120e9bd220e4b8ae169dcbae519b) Importer(815301076,1909f56bfc062723c751e8b465ee728b)  -> (artifact id: 'b5b174ab76eb4bc6b27032a974cdeea2') in 0.021476 seconds 
========================================================================
Received Import Request.
  Time since last request: 83.608031 seconds.
  path: Assets/Animations/Player Animator Controller.controller
  artifactKey: Guid(756447b6bed2c3f47b64a7e3dafa57f7) Importer(815301076,1909f56bfc062723c751e8b465ee728b)
Start importing Assets/Animations/Player Animator Controller.controller using Guid(756447b6bed2c3f47b64a7e3dafa57f7) Importer(815301076,1909f56bfc062723c751e8b465ee728b)  -> (artifact id: '93a6c29229c16d815651472be9afd84a') in 0.009347 seconds 
========================================================================
Received Prepare
Registering precompiled user dll's ...
Registered in 0.025762 seconds.
Begin MonoManager ReloadAssembly
Symbol file LoadedFromMemory doesn't match image E:\UnityProjects\FPS\Library\PackageCache\com.unity.visualscripting@1.7.8\Editor\VisualScripting.Core\Dependencies\YamlDotNet\Unity.VisualScripting.YamlDotNet.dll
Symbol file LoadedFromMemory doesn't match image E:\UnityProjects\FPS\Library\PackageCache\com.unity.visualscripting@1.7.8\Editor\VisualScripting.Core\Dependencies\DotNetZip\Unity.VisualScripting.IonicZip.dll
Native extension for WindowsStandalone target not found
Native extension for Android target not found
Native extension for WebGL target not found
Refreshing native plugins compatible for Editor in 2.07 ms, found 3 plugins.
Preloading 0 native plugins for Editor in 0.00 ms.
Mono: successfully reloaded assembly
- Completed reload, in  1.821 seconds
Domain Reload Profiling:
	ReloadAssembly (1822ms)
		BeginReloadAssembly (263ms)
			ExecutionOrderSort (0ms)
			DisableScriptedObjects (12ms)
			BackupInstance (0ms)
			ReleaseScriptingObjects (0ms)
			CreateAndSetChildDomain (59ms)
		EndReloadAssembly (1392ms)
			LoadAssemblies (197ms)
			RebuildTransferFunctionScriptingTraits (0ms)
			SetupTypeCache (398ms)
			ReleaseScriptCaches (3ms)
			RebuildScriptCaches (68ms)
			SetupLoadedEditorAssemblies (628ms)
				LogAssemblyErrors (0ms)
				InitializePlatformSupportModulesInManaged (40ms)
				SetLoadedEditorAssemblies (1ms)
				RefreshPlugins (2ms)
				BeforeProcessingInitializeOnLoad (148ms)
				ProcessInitializeOnLoadAttributes (287ms)
				ProcessInitializeOnLoadMethodAttributes (107ms)
				AfterProcessingInitializeOnLoad (42ms)
				EditorAssembliesLoaded (0ms)
			ExecutionOrderSort2 (0ms)
			AwakeInstancesAfterBackupRestoration (24ms)
Platform modules already initialized, skipping
Refreshing native plugins compatible for Editor in 4.23 ms, found 3 plugins.
Preloading 0 native plugins for Editor in 0.00 ms.
Unloading 6066 Unused Serialized files (Serialized files now loaded: 0)
Unloading 45 unused Assets / (1.9 MB). Loaded Objects now: 6856.
Memory consumption went from 355.3 MB to 353.4 MB.
Total: 5.109100 ms (FindLiveObjects: 0.852300 ms CreateObjectMapping: 0.645900 ms MarkObjects: 2.835900 ms  DeleteObjects: 0.771500 ms)

AssetImportParameters requested are different than current active one (requested -> active):
  custom:video-decoder-ogg-theora: a1e56fd34408186e4bbccfd4996cb3dc -> 
  custom:container-muxer-webm: aa71ff27fc2769a1b78a27578f13a17b -> 
  custom:container-demuxer-webm: 4f35f7cbe854078d1ac9338744f61a02 -> 
  custom:video-encoder-webm-vp8: eb34c28f22e8b96e1ab97ce403110664 -> 
  custom:video-codec-MediaFoundation-h265: 746d11721c4dcdbdad8f713fa42b33f4 -> 
  custom:audio-encoder-webm-vorbis: bf7c407c2cedff20999df2af8eb42d56 -> 
  custom:framework-win-MediaFoundation: 216162199b28c13a410421893ffa2e32 -> 
  custom:container-demuxer-ogg: 62fdf1f143b41e24485cea50d1cbac27 -> 
  custom:video-decoder-webm-vp8: 9c59270c3fd7afecdb556c50c9e8de78 -> 
  custom:audio-decoder-ogg-vorbis: bf7c407c2cedff20999df2af8eb42d56 -> 
========================================================================
Received Import Request.
  Time since last request: 344.955287 seconds.
  path: Assets/Animations/Player Animator Controller.controller
  artifactKey: Guid(756447b6bed2c3f47b64a7e3dafa57f7) Importer(815301076,1909f56bfc062723c751e8b465ee728b)
Start importing Assets/Animations/Player Animator Controller.controller using Guid(756447b6bed2c3f47b64a7e3dafa57f7) Importer(815301076,1909f56bfc062723c751e8b465ee728b)  -> (artifact id: 'e50fd4e2d2ba7d2f580d29b2b1f7f267') in 0.022196 seconds 
========================================================================
Received Prepare
Registering precompiled user dll's ...
Registered in 0.024814 seconds.
Begin MonoManager ReloadAssembly
Symbol file LoadedFromMemory doesn't match image E:\UnityProjects\FPS\Library\PackageCache\com.unity.visualscripting@1.7.8\Editor\VisualScripting.Core\Dependencies\YamlDotNet\Unity.VisualScripting.YamlDotNet.dll
Symbol file LoadedFromMemory doesn't match image E:\UnityProjects\FPS\Library\PackageCache\com.unity.visualscripting@1.7.8\Editor\VisualScripting.Core\Dependencies\DotNetZip\Unity.VisualScripting.IonicZip.dll
Native extension for WindowsStandalone target not found
Native extension for Android target not found
Native extension for WebGL target not found
Refreshing native plugins compatible for Editor in 1.45 ms, found 3 plugins.
Preloading 0 native plugins for Editor in 0.00 ms.
Mono: successfully reloaded assembly
- Completed reload, in  1.855 seconds
Domain Reload Profiling:
	ReloadAssembly (1856ms)
		BeginReloadAssembly (272ms)
			ExecutionOrderSort (0ms)
			DisableScriptedObjects (8ms)
			BackupInstance (0ms)
			ReleaseScriptingObjects (0ms)
			CreateAndSetChildDomain (72ms)
		EndReloadAssembly (1410ms)
			LoadAssemblies (204ms)
			RebuildTransferFunctionScriptingTraits (0ms)
			SetupTypeCache (415ms)
			ReleaseScriptCaches (3ms)
			RebuildScriptCaches (59ms)
			SetupLoadedEditorAssemblies (635ms)
				LogAssemblyErrors (0ms)
				InitializePlatformSupportModulesInManaged (40ms)
				SetLoadedEditorAssemblies (1ms)
				RefreshPlugins (2ms)
				BeforeProcessingInitializeOnLoad (163ms)
				ProcessInitializeOnLoadAttributes (280ms)
				ProcessInitializeOnLoadMethodAttributes (107ms)
				AfterProcessingInitializeOnLoad (43ms)
				EditorAssembliesLoaded (0ms)
			ExecutionOrderSort2 (0ms)
			AwakeInstancesAfterBackupRestoration (22ms)
Platform modules already initialized, skipping
Refreshing native plugins compatible for Editor in 4.68 ms, found 3 plugins.
Preloading 0 native plugins for Editor in 0.00 ms.
Unloading 6066 Unused Serialized files (Serialized files now loaded: 0)
Unloading 45 unused Assets / (1.9 MB). Loaded Objects now: 6860.
Memory consumption went from 355.2 MB to 353.3 MB.
Total: 4.406800 ms (FindLiveObjects: 0.512400 ms CreateObjectMapping: 0.505400 ms MarkObjects: 2.854000 ms  DeleteObjects: 0.534100 ms)

AssetImportParameters requested are different than current active one (requested -> active):
  custom:video-decoder-ogg-theora: a1e56fd34408186e4bbccfd4996cb3dc -> 
  custom:container-muxer-webm: aa71ff27fc2769a1b78a27578f13a17b -> 
  custom:container-demuxer-webm: 4f35f7cbe854078d1ac9338744f61a02 -> 
  custom:video-encoder-webm-vp8: eb34c28f22e8b96e1ab97ce403110664 -> 
  custom:video-codec-MediaFoundation-h265: 746d11721c4dcdbdad8f713fa42b33f4 -> 
  custom:audio-encoder-webm-vorbis: bf7c407c2cedff20999df2af8eb42d56 -> 
  custom:framework-win-MediaFoundation: 216162199b28c13a410421893ffa2e32 -> 
  custom:container-demuxer-ogg: 62fdf1f143b41e24485cea50d1cbac27 -> 
  custom:video-decoder-webm-vp8: 9c59270c3fd7afecdb556c50c9e8de78 -> 
  custom:audio-decoder-ogg-vorbis: bf7c407c2cedff20999df2af8eb42d56 -> 
========================================================================
Received Import Request.
  Time since last request: 340.043083 seconds.
  path: Assets/Animations/Player Animator Controller.controller
  artifactKey: Guid(756447b6bed2c3f47b64a7e3dafa57f7) Importer(815301076,1909f56bfc062723c751e8b465ee728b)
Start importing Assets/Animations/Player Animator Controller.controller using Guid(756447b6bed2c3f47b64a7e3dafa57f7) Importer(815301076,1909f56bfc062723c751e8b465ee728b)  -> (artifact id: '753aa44a488d2bf994ec937433691f54') in 0.025431 seconds 
========================================================================
Received Prepare
Registering precompiled user dll's ...
Registered in 0.030652 seconds.
Begin MonoManager ReloadAssembly
Symbol file LoadedFromMemory doesn't match image E:\UnityProjects\FPS\Library\PackageCache\com.unity.visualscripting@1.7.8\Editor\VisualScripting.Core\Dependencies\YamlDotNet\Unity.VisualScripting.YamlDotNet.dll
Symbol file LoadedFromMemory doesn't match image E:\UnityProjects\FPS\Library\PackageCache\com.unity.visualscripting@1.7.8\Editor\VisualScripting.Core\Dependencies\DotNetZip\Unity.VisualScripting.IonicZip.dll
Native extension for WindowsStandalone target not found
Native extension for Android target not found
Native extension for WebGL target not found
Refreshing native plugins compatible for Editor in 1.81 ms, found 3 plugins.
Preloading 0 native plugins for Editor in 0.00 ms.
Mono: successfully reloaded assembly
- Completed reload, in  1.844 seconds
Domain Reload Profiling:
	ReloadAssembly (1845ms)
		BeginReloadAssembly (267ms)
			ExecutionOrderSort (0ms)
			DisableScriptedObjects (8ms)
			BackupInstance (0ms)
			ReleaseScriptingObjects (0ms)
			CreateAndSetChildDomain (49ms)
		EndReloadAssembly (1408ms)
			LoadAssemblies (219ms)
			RebuildTransferFunctionScriptingTraits (0ms)
			SetupTypeCache (387ms)
			ReleaseScriptCaches (2ms)
			RebuildScriptCaches (71ms)
			SetupLoadedEditorAssemblies (644ms)
				LogAssemblyErrors (0ms)
				InitializePlatformSupportModulesInManaged (43ms)
				SetLoadedEditorAssemblies (1ms)
				RefreshPlugins (2ms)
				BeforeProcessingInitializeOnLoad (154ms)
				ProcessInitializeOnLoadAttributes (298ms)
				ProcessInitializeOnLoadMethodAttributes (105ms)
				AfterProcessingInitializeOnLoad (42ms)
				EditorAssembliesLoaded (0ms)
			ExecutionOrderSort2 (0ms)
			AwakeInstancesAfterBackupRestoration (23ms)
Platform modules already initialized, skipping
Refreshing native plugins compatible for Editor in 4.33 ms, found 3 plugins.
Preloading 0 native plugins for Editor in 0.00 ms.
Unloading 6066 Unused Serialized files (Serialized files now loaded: 0)
Unloading 45 unused Assets / (1.9 MB). Loaded Objects now: 6864.
Memory consumption went from 355.2 MB to 353.4 MB.
Total: 7.524500 ms (FindLiveObjects: 0.832200 ms CreateObjectMapping: 0.895300 ms MarkObjects: 4.604500 ms  DeleteObjects: 1.189900 ms)

AssetImportParameters requested are different than current active one (requested -> active):
  custom:video-decoder-ogg-theora: a1e56fd34408186e4bbccfd4996cb3dc -> 
  custom:container-muxer-webm: aa71ff27fc2769a1b78a27578f13a17b -> 
  custom:container-demuxer-webm: 4f35f7cbe854078d1ac9338744f61a02 -> 
  custom:video-encoder-webm-vp8: eb34c28f22e8b96e1ab97ce403110664 -> 
  custom:video-codec-MediaFoundation-h265: 746d11721c4dcdbdad8f713fa42b33f4 -> 
  custom:audio-encoder-webm-vorbis: bf7c407c2cedff20999df2af8eb42d56 -> 
  custom:framework-win-MediaFoundation: 216162199b28c13a410421893ffa2e32 -> 
  custom:container-demuxer-ogg: 62fdf1f143b41e24485cea50d1cbac27 -> 
  custom:video-decoder-webm-vp8: 9c59270c3fd7afecdb556c50c9e8de78 -> 
  custom:audio-decoder-ogg-vorbis: bf7c407c2cedff20999df2af8eb42d56 -> 
========================================================================
Received Prepare
Refreshing native plugins compatible for Editor in 10.88 ms, found 3 plugins.
Preloading 0 native plugins for Editor in 0.00 ms.
Unloading 45 Unused Serialized files (Serialized files now loaded: 0)
Unloading 45 unused Assets / (1.9 MB). Loaded Objects now: 6864.
Memory consumption went from 233.7 MB to 231.9 MB.
Total: 4.414500 ms (FindLiveObjects: 0.575100 ms CreateObjectMapping: 0.492100 ms MarkObjects: 2.775900 ms  DeleteObjects: 0.570600 ms)

AssetImportParameters requested are different than current active one (requested -> active):
  custom:video-decoder-ogg-theora: a1e56fd34408186e4bbccfd4996cb3dc -> 
  custom:container-muxer-webm: aa71ff27fc2769a1b78a27578f13a17b -> 
  custom:container-demuxer-webm: 4f35f7cbe854078d1ac9338744f61a02 -> 
  custom:video-encoder-webm-vp8: eb34c28f22e8b96e1ab97ce403110664 -> 
  custom:video-codec-MediaFoundation-h265: 746d11721c4dcdbdad8f713fa42b33f4 -> 
  custom:audio-encoder-webm-vorbis: bf7c407c2cedff20999df2af8eb42d56 -> 
  custom:framework-win-MediaFoundation: 216162199b28c13a410421893ffa2e32 -> 
  custom:container-demuxer-ogg: 62fdf1f143b41e24485cea50d1cbac27 -> 
  custom:video-decoder-webm-vp8: 9c59270c3fd7afecdb556c50c9e8de78 -> 
  custom:audio-decoder-ogg-vorbis: bf7c407c2cedff20999df2af8eb42d56 -> 
========================================================================
Received Import Request.
  Time since last request: 333.824518 seconds.
  path: Assets/Prefabs/Player.prefab
  artifactKey: Guid(f716e3d5c5a1cd94bb9c21fd03dbf03e) Importer(815301076,1909f56bfc062723c751e8b465ee728b)
Start importing Assets/Prefabs/Player.prefab using Guid(f716e3d5c5a1cd94bb9c21fd03dbf03e) Importer(815301076,1909f56bfc062723c751e8b465ee728b)  -> (artifact id: '7a6a4e44d2894429e2b90f38abd94fa3') in 0.349488 seconds 
========================================================================
Received Import Request.
  Time since last request: 16.556970 seconds.
  path: Assets/Prefabs/Player.prefab
  artifactKey: Guid(f716e3d5c5a1cd94bb9c21fd03dbf03e) Importer(815301076,1909f56bfc062723c751e8b465ee728b)
Start importing Assets/Prefabs/Player.prefab using Guid(f716e3d5c5a1cd94bb9c21fd03dbf03e) Importer(815301076,1909f56bfc062723c751e8b465ee728b)  -> (artifact id: 'df0f77b7857f1442ff108c2db7e3edb0') in 0.147476 seconds 
========================================================================
Received Prepare
Registering precompiled user dll's ...
Registered in 0.028921 seconds.
Begin MonoManager ReloadAssembly
Symbol file LoadedFromMemory doesn't match image E:\UnityProjects\FPS\Library\PackageCache\com.unity.visualscripting@1.7.8\Editor\VisualScripting.Core\Dependencies\YamlDotNet\Unity.VisualScripting.YamlDotNet.dll
Symbol file LoadedFromMemory doesn't match image E:\UnityProjects\FPS\Library\PackageCache\com.unity.visualscripting@1.7.8\Editor\VisualScripting.Core\Dependencies\DotNetZip\Unity.VisualScripting.IonicZip.dll
Native extension for WindowsStandalone target not found
Native extension for Android target not found
Native extension for WebGL target not found
Refreshing native plugins compatible for Editor in 1.14 ms, found 3 plugins.
Preloading 0 native plugins for Editor in 0.00 ms.
Mono: successfully reloaded assembly
- Completed reload, in  1.608 seconds
Domain Reload Profiling:
	ReloadAssembly (1609ms)
		BeginReloadAssembly (233ms)
			ExecutionOrderSort (0ms)
			DisableScriptedObjects (7ms)
			BackupInstance (0ms)
			ReleaseScriptingObjects (0ms)
			CreateAndSetChildDomain (55ms)
		EndReloadAssembly (1212ms)
			LoadAssemblies (179ms)
			RebuildTransferFunctionScriptingTraits (0ms)
			SetupTypeCache (328ms)
			ReleaseScriptCaches (2ms)
			RebuildScriptCaches (52ms)
			SetupLoadedEditorAssemblies (559ms)
				LogAssemblyErrors (0ms)
				InitializePlatformSupportModulesInManaged (34ms)
				SetLoadedEditorAssemblies (0ms)
				RefreshPlugins (1ms)
				BeforeProcessingInitializeOnLoad (140ms)
				ProcessInitializeOnLoadAttributes (256ms)
				ProcessInitializeOnLoadMethodAttributes (87ms)
				AfterProcessingInitializeOnLoad (39ms)
				EditorAssembliesLoaded (0ms)
			ExecutionOrderSort2 (0ms)
			AwakeInstancesAfterBackupRestoration (26ms)
Platform modules already initialized, skipping
Refreshing native plugins compatible for Editor in 3.81 ms, found 3 plugins.
Preloading 0 native plugins for Editor in 0.00 ms.
Unloading 6066 Unused Serialized files (Serialized files now loaded: 0)
Unloading 47 unused Assets / (1.9 MB). Loaded Objects now: 6908.
Memory consumption went from 355.5 MB to 353.6 MB.
Total: 5.051500 ms (FindLiveObjects: 0.477900 ms CreateObjectMapping: 0.434700 ms MarkObjects: 3.435000 ms  DeleteObjects: 0.703100 ms)

AssetImportParameters requested are different than current active one (requested -> active):
  custom:video-decoder-ogg-theora: a1e56fd34408186e4bbccfd4996cb3dc -> 
  custom:container-muxer-webm: aa71ff27fc2769a1b78a27578f13a17b -> 
  custom:container-demuxer-webm: 4f35f7cbe854078d1ac9338744f61a02 -> 
  custom:video-encoder-webm-vp8: eb34c28f22e8b96e1ab97ce403110664 -> 
  custom:video-codec-MediaFoundation-h265: 746d11721c4dcdbdad8f713fa42b33f4 -> 
  custom:audio-encoder-webm-vorbis: bf7c407c2cedff20999df2af8eb42d56 -> 
  custom:framework-win-MediaFoundation: 216162199b28c13a410421893ffa2e32 -> 
  custom:container-demuxer-ogg: 62fdf1f143b41e24485cea50d1cbac27 -> 
  custom:video-decoder-webm-vp8: 9c59270c3fd7afecdb556c50c9e8de78 -> 
  custom:audio-decoder-ogg-vorbis: bf7c407c2cedff20999df2af8eb42d56 -> 
========================================================================
Received Import Request.
  Time since last request: 62.684334 seconds.
  path: Assets/Prefabs/Player.prefab
  artifactKey: Guid(f716e3d5c5a1cd94bb9c21fd03dbf03e) Importer(815301076,1909f56bfc062723c751e8b465ee728b)
Start importing Assets/Prefabs/Player.prefab using Guid(f716e3d5c5a1cd94bb9c21fd03dbf03e) Importer(815301076,1909f56bfc062723c751e8b465ee728b)  -> (artifact id: '0c8f27c89023cd3ae81e81e77ced2098') in 0.335003 seconds 
========================================================================
Received Prepare
Refreshing native plugins compatible for Editor in 11.17 ms, found 3 plugins.
Preloading 0 native plugins for Editor in 0.00 ms.
Unloading 45 Unused Serialized files (Serialized files now loaded: 0)
Unloading 47 unused Assets / (1.9 MB). Loaded Objects now: 6984.
Memory consumption went from 236.5 MB to 234.6 MB.
Total: 6.761800 ms (FindLiveObjects: 0.551400 ms CreateObjectMapping: 0.509300 ms MarkObjects: 5.040800 ms  DeleteObjects: 0.658700 ms)

AssetImportParameters requested are different than current active one (requested -> active):
  custom:video-decoder-ogg-theora: a1e56fd34408186e4bbccfd4996cb3dc -> 
  custom:container-muxer-webm: aa71ff27fc2769a1b78a27578f13a17b -> 
  custom:container-demuxer-webm: 4f35f7cbe854078d1ac9338744f61a02 -> 
  custom:video-encoder-webm-vp8: eb34c28f22e8b96e1ab97ce403110664 -> 
  custom:video-codec-MediaFoundation-h265: 746d11721c4dcdbdad8f713fa42b33f4 -> 
  custom:audio-encoder-webm-vorbis: bf7c407c2cedff20999df2af8eb42d56 -> 
  custom:framework-win-MediaFoundation: 216162199b28c13a410421893ffa2e32 -> 
  custom:container-demuxer-ogg: 62fdf1f143b41e24485cea50d1cbac27 -> 
  custom:video-decoder-webm-vp8: 9c59270c3fd7afecdb556c50c9e8de78 -> 
  custom:audio-decoder-ogg-vorbis: bf7c407c2cedff20999df2af8eb42d56 -> 
========================================================================
Received Prepare
Registering precompiled user dll's ...
Registered in 0.024496 seconds.
Begin MonoManager ReloadAssembly
Symbol file LoadedFromMemory doesn't match image E:\UnityProjects\FPS\Library\PackageCache\com.unity.visualscripting@1.7.8\Editor\VisualScripting.Core\Dependencies\YamlDotNet\Unity.VisualScripting.YamlDotNet.dll
Symbol file LoadedFromMemory doesn't match image E:\UnityProjects\FPS\Library\PackageCache\com.unity.visualscripting@1.7.8\Editor\VisualScripting.Core\Dependencies\DotNetZip\Unity.VisualScripting.IonicZip.dll
Native extension for WindowsStandalone target not found
Native extension for Android target not found
Native extension for WebGL target not found
Refreshing native plugins compatible for Editor in 1.18 ms, found 3 plugins.
Preloading 0 native plugins for Editor in 0.00 ms.
Mono: successfully reloaded assembly
- Completed reload, in  1.691 seconds
Domain Reload Profiling:
	ReloadAssembly (1692ms)
		BeginReloadAssembly (239ms)
			ExecutionOrderSort (0ms)
			DisableScriptedObjects (8ms)
			BackupInstance (0ms)
			ReleaseScriptingObjects (0ms)
			CreateAndSetChildDomain (49ms)
		EndReloadAssembly (1290ms)
			LoadAssemblies (190ms)
			RebuildTransferFunctionScriptingTraits (0ms)
			SetupTypeCache (341ms)
			ReleaseScriptCaches (2ms)
			RebuildScriptCaches (58ms)
			SetupLoadedEditorAssemblies (615ms)
				LogAssemblyErrors (0ms)
				InitializePlatformSupportModulesInManaged (33ms)
				SetLoadedEditorAssemblies (1ms)
				RefreshPlugins (1ms)
				BeforeProcessingInitializeOnLoad (150ms)
				ProcessInitializeOnLoadAttributes (290ms)
				ProcessInitializeOnLoadMethodAttributes (96ms)
				AfterProcessingInitializeOnLoad (42ms)
				EditorAssembliesLoaded (0ms)
			ExecutionOrderSort2 (0ms)
			AwakeInstancesAfterBackupRestoration (23ms)
Platform modules already initialized, skipping
Refreshing native plugins compatible for Editor in 3.54 ms, found 3 plugins.
Preloading 0 native plugins for Editor in 0.00 ms.
Unloading 6066 Unused Serialized files (Serialized files now loaded: 0)
Unloading 45 unused Assets / (1.9 MB). Loaded Objects now: 6952.
Memory consumption went from 355.5 MB to 353.7 MB.
Total: 4.432500 ms (FindLiveObjects: 0.523600 ms CreateObjectMapping: 0.414700 ms MarkObjects: 2.938600 ms  DeleteObjects: 0.555100 ms)

AssetImportParameters requested are different than current active one (requested -> active):
  custom:video-decoder-ogg-theora: a1e56fd34408186e4bbccfd4996cb3dc -> 
  custom:container-muxer-webm: aa71ff27fc2769a1b78a27578f13a17b -> 
  custom:container-demuxer-webm: 4f35f7cbe854078d1ac9338744f61a02 -> 
  custom:video-encoder-webm-vp8: eb34c28f22e8b96e1ab97ce403110664 -> 
  custom:video-codec-MediaFoundation-h265: 746d11721c4dcdbdad8f713fa42b33f4 -> 
  custom:audio-encoder-webm-vorbis: bf7c407c2cedff20999df2af8eb42d56 -> 
  custom:framework-win-MediaFoundation: 216162199b28c13a410421893ffa2e32 -> 
  custom:container-demuxer-ogg: 62fdf1f143b41e24485cea50d1cbac27 -> 
  custom:video-decoder-webm-vp8: 9c59270c3fd7afecdb556c50c9e8de78 -> 
  custom:audio-decoder-ogg-vorbis: bf7c407c2cedff20999df2af8eb42d56 -> 
========================================================================
Received Prepare
Refreshing native plugins compatible for Editor in 10.00 ms, found 3 plugins.
Preloading 0 native plugins for Editor in 0.00 ms.
Unloading 45 Unused Serialized files (Serialized files now loaded: 0)
Unloading 45 unused Assets / (1.9 MB). Loaded Objects now: 6952.
Memory consumption went from 233.9 MB to 232.1 MB.
Total: 4.369200 ms (FindLiveObjects: 0.487600 ms CreateObjectMapping: 0.436100 ms MarkObjects: 2.891100 ms  DeleteObjects: 0.553800 ms)

AssetImportParameters requested are different than current active one (requested -> active):
  custom:video-decoder-ogg-theora: a1e56fd34408186e4bbccfd4996cb3dc -> 
  custom:container-muxer-webm: aa71ff27fc2769a1b78a27578f13a17b -> 
  custom:container-demuxer-webm: 4f35f7cbe854078d1ac9338744f61a02 -> 
  custom:video-encoder-webm-vp8: eb34c28f22e8b96e1ab97ce403110664 -> 
  custom:video-codec-MediaFoundation-h265: 746d11721c4dcdbdad8f713fa42b33f4 -> 
  custom:audio-encoder-webm-vorbis: bf7c407c2cedff20999df2af8eb42d56 -> 
  custom:framework-win-MediaFoundation: 216162199b28c13a410421893ffa2e32 -> 
  custom:container-demuxer-ogg: 62fdf1f143b41e24485cea50d1cbac27 -> 
  custom:video-decoder-webm-vp8: 9c59270c3fd7afecdb556c50c9e8de78 -> 
  custom:audio-decoder-ogg-vorbis: bf7c407c2cedff20999df2af8eb42d56 -> 
========================================================================
Received Prepare
Registering precompiled user dll's ...
Registered in 0.028920 seconds.
Begin MonoManager ReloadAssembly
Symbol file LoadedFromMemory doesn't match image E:\UnityProjects\FPS\Library\PackageCache\com.unity.visualscripting@1.7.8\Editor\VisualScripting.Core\Dependencies\YamlDotNet\Unity.VisualScripting.YamlDotNet.dll
Symbol file LoadedFromMemory doesn't match image E:\UnityProjects\FPS\Library\PackageCache\com.unity.visualscripting@1.7.8\Editor\VisualScripting.Core\Dependencies\DotNetZip\Unity.VisualScripting.IonicZip.dll
Native extension for WindowsStandalone target not found
Native extension for Android target not found
Native extension for WebGL target not found
Refreshing native plugins compatible for Editor in 1.30 ms, found 3 plugins.
Preloading 0 native plugins for Editor in 0.00 ms.
Mono: successfully reloaded assembly
- Completed reload, in  1.908 seconds
Domain Reload Profiling:
	ReloadAssembly (1909ms)
		BeginReloadAssembly (321ms)
			ExecutionOrderSort (0ms)
			DisableScriptedObjects (9ms)
			BackupInstance (0ms)
			ReleaseScriptingObjects (0ms)
			CreateAndSetChildDomain (70ms)
		EndReloadAssembly (1388ms)
			LoadAssemblies (233ms)
			RebuildTransferFunctionScriptingTraits (0ms)
			SetupTypeCache (385ms)
			ReleaseScriptCaches (2ms)
			RebuildScriptCaches (55ms)
			SetupLoadedEditorAssemblies (631ms)
				LogAssemblyErrors (0ms)
				InitializePlatformSupportModulesInManaged (41ms)
				SetLoadedEditorAssemblies (1ms)
				RefreshPlugins (1ms)
				BeforeProcessingInitializeOnLoad (151ms)
				ProcessInitializeOnLoadAttributes (285ms)
				ProcessInitializeOnLoadMethodAttributes (105ms)
				AfterProcessingInitializeOnLoad (48ms)
				EditorAssembliesLoaded (0ms)
			ExecutionOrderSort2 (0ms)
			AwakeInstancesAfterBackupRestoration (29ms)
Platform modules already initialized, skipping
Refreshing native plugins compatible for Editor in 4.60 ms, found 3 plugins.
Preloading 0 native plugins for Editor in 0.00 ms.
Unloading 6066 Unused Serialized files (Serialized files now loaded: 0)
Unloading 45 unused Assets / (1.9 MB). Loaded Objects now: 6956.
Memory consumption went from 355.5 MB to 353.6 MB.
Total: 4.596600 ms (FindLiveObjects: 0.535000 ms CreateObjectMapping: 0.463700 ms MarkObjects: 3.008900 ms  DeleteObjects: 0.588100 ms)

AssetImportParameters requested are different than current active one (requested -> active):
  custom:video-decoder-ogg-theora: a1e56fd34408186e4bbccfd4996cb3dc -> 
  custom:container-muxer-webm: aa71ff27fc2769a1b78a27578f13a17b -> 
  custom:container-demuxer-webm: 4f35f7cbe854078d1ac9338744f61a02 -> 
  custom:video-encoder-webm-vp8: eb34c28f22e8b96e1ab97ce403110664 -> 
  custom:video-codec-MediaFoundation-h265: 746d11721c4dcdbdad8f713fa42b33f4 -> 
  custom:audio-encoder-webm-vorbis: bf7c407c2cedff20999df2af8eb42d56 -> 
  custom:framework-win-MediaFoundation: 216162199b28c13a410421893ffa2e32 -> 
  custom:container-demuxer-ogg: 62fdf1f143b41e24485cea50d1cbac27 -> 
  custom:video-decoder-webm-vp8: 9c59270c3fd7afecdb556c50c9e8de78 -> 
  custom:audio-decoder-ogg-vorbis: bf7c407c2cedff20999df2af8eb42d56 -> 
========================================================================
Received Import Request.
  Time since last request: 648.356021 seconds.
  path: Assets/TextMesh Pro/Examples & Extras/Fonts/Anton.ttf
  artifactKey: Guid(997a43b767814dd0a7642ec9b78cba41) Importer(815301076,1909f56bfc062723c751e8b465ee728b)
Start importing Assets/TextMesh Pro/Examples & Extras/Fonts/Anton.ttf using Guid(997a43b767814dd0a7642ec9b78cba41) Importer(815301076,1909f56bfc062723c751e8b465ee728b)  -> (artifact id: '5f68a6c0228d5171bd25334846bd962f') in 0.287842 seconds 
========================================================================
Received Import Request.
  Time since last request: 0.000040 seconds.
  path: Assets/TextMesh Pro/Examples & Extras/Fonts/Oswald-Bold.ttf
  artifactKey: Guid(c9f6d0e7bc8541498c9a4799ba184ede) Importer(815301076,1909f56bfc062723c751e8b465ee728b)
Start importing Assets/TextMesh Pro/Examples & Extras/Fonts/Oswald-Bold.ttf using Guid(c9f6d0e7bc8541498c9a4799ba184ede) Importer(815301076,1909f56bfc062723c751e8b465ee728b)  -> (artifact id: '37121eadfd4a65e9c02a960f5f35690b') in 0.021434 seconds 
========================================================================
Received Import Request.
  Time since last request: 4.441266 seconds.
  path: Assets/TextMesh Pro/Resources/TMP Settings.asset
  artifactKey: Guid(3f5b5dff67a942289a9defa416b206f3) Importer(815301076,1909f56bfc062723c751e8b465ee728b)
Start importing Assets/TextMesh Pro/Resources/TMP Settings.asset using Guid(3f5b5dff67a942289a9defa416b206f3) Importer(815301076,1909f56bfc062723c751e8b465ee728b)  -> (artifact id: 'c61c67305ae9b7f1a58b2a5c3e67bd55') in 0.050303 seconds 
========================================================================
Received Import Request.
  Time since last request: 46.648740 seconds.
  path: Assets/ThirdParty
  artifactKey: Guid(452ad4bebecf21743a74d1d1b1e61582) Importer(815301076,1909f56bfc062723c751e8b465ee728b)
Start importing Assets/ThirdParty using Guid(452ad4bebecf21743a74d1d1b1e61582) Importer(815301076,1909f56bfc062723c751e8b465ee728b)  -> (artifact id: '4db05b0849e6cee1ad1b5cc47cb5158f') in 0.002255 seconds 
========================================================================
Received Import Request.
  Time since last request: 12.502310 seconds.
  path: Assets/UnityTechnologies/ParticlePack
  artifactKey: Guid(1e21abe95678c43cebd8369e6546b50b) Importer(815301076,1909f56bfc062723c751e8b465ee728b)
Start importing Assets/UnityTechnologies/ParticlePack using Guid(1e21abe95678c43cebd8369e6546b50b) Importer(815301076,1909f56bfc062723c751e8b465ee728b)  -> (artifact id: '7de550bcd368af748c44d858796a1d87') in 0.001888 seconds 
