Using pre-set license
Built from '2021.3/china_unity/release' branch; Version is '2021.3.11f1c2 (2c7757f00bfe) revision 2914135'; Using compiler version '192829333'; Build Type 'Release'
OS: 'Windows 10  (10.0.19045) 64bit CoreCountrySpecific' Language: 'zh' Physical Memory: 16143 MB
BatchMode: 1, IsHumanControllingUs: 0, StartBugReporterOnCrash: 0, Is64bit: 1, IsPro: 1

COMMAND LINE ARGUMENTS:
C:\Program Files\Unity\Hub\Editor\2021.3.11f1c2\Editor\Unity.exe
-adb2
-batchMode
-noUpm
-name
AssetImportWorker1
-projectPath
E:/UnityProjects/FPS
-logFile
Logs/AssetImportWorker1.log
-srvPort
14116
Successfully changed project path to: E:/UnityProjects/FPS
E:/UnityProjects/FPS
[UnityMemory] Configuration Parameters - Can be set up in boot.config
    "memorysetup-bucket-allocator-granularity=16"
    "memorysetup-bucket-allocator-bucket-count=8"
    "memorysetup-bucket-allocator-block-size=33554432"
    "memorysetup-bucket-allocator-block-count=8"
    "memorysetup-main-allocator-block-size=16777216"
    "memorysetup-thread-allocator-block-size=16777216"
    "memorysetup-gfx-main-allocator-block-size=16777216"
    "memorysetup-gfx-thread-allocator-block-size=16777216"
    "memorysetup-cache-allocator-block-size=4194304"
    "memorysetup-typetree-allocator-block-size=2097152"
    "memorysetup-profiler-bucket-allocator-granularity=16"
    "memorysetup-profiler-bucket-allocator-bucket-count=8"
    "memorysetup-profiler-bucket-allocator-block-size=33554432"
    "memorysetup-profiler-bucket-allocator-block-count=8"
    "memorysetup-profiler-allocator-block-size=16777216"
    "memorysetup-profiler-editor-allocator-block-size=1048576"
    "memorysetup-temp-allocator-size-main=16777216"
    "memorysetup-job-temp-allocator-block-size=2097152"
    "memorysetup-job-temp-allocator-block-size-background=1048576"
    "memorysetup-job-temp-allocator-reduction-small-platforms=262144"
    "memorysetup-temp-allocator-size-background-worker=32768"
    "memorysetup-temp-allocator-size-job-worker=262144"
    "memorysetup-temp-allocator-size-preload-manager=33554432"
    "memorysetup-temp-allocator-size-nav-mesh-worker=65536"
    "memorysetup-temp-allocator-size-audio-worker=65536"
    "memorysetup-temp-allocator-size-cloud-worker=32768"
    "memorysetup-temp-allocator-size-gi-baking-worker=262144"
    "memorysetup-temp-allocator-size-gfx=262144"
AS: AutoStreaming module initializing.
Refreshing native plugins compatible for Editor in 140.64 ms, found 3 plugins.
Preloading 0 native plugins for Editor in 0.00 ms.
Initialize engine version: 2021.3.11f1c2 (2c7757f00bfe)
[Subsystems] Discovering subsystems at path C:/Program Files/Unity/Hub/Editor/2021.3.11f1c2/Editor/Data/Resources/UnitySubsystems
[Subsystems] Discovering subsystems at path E:/UnityProjects/FPS/Assets
GfxDevice: creating device client; threaded=0; jobified=0
Direct3D:
    Version:  Direct3D 11.0 [level 11.1]
    Renderer: NVIDIA GeForce GTX 1650 Ti (ID=0x1f95)
    Vendor:   NVIDIA
    VRAM:     3949 MB
    Driver:   31.0.15.2737
Initialize mono
Mono path[0] = 'C:/Program Files/Unity/Hub/Editor/2021.3.11f1c2/Editor/Data/Managed'
Mono path[1] = 'C:/Program Files/Unity/Hub/Editor/2021.3.11f1c2/Editor/Data/MonoBleedingEdge/lib/mono/unityjit-win32'
Mono config path = 'C:/Program Files/Unity/Hub/Editor/2021.3.11f1c2/Editor/Data/MonoBleedingEdge/etc'
Using monoOptions --debugger-agent=transport=dt_socket,embedding=1,server=y,suspend=n,address=127.0.0.1:56032
Begin MonoManager ReloadAssembly
Registering precompiled unity dll's ...
Register platform support module: C:/Program Files/Unity/Hub/Editor/2021.3.11f1c2/Editor/Data/PlaybackEngines/WebGLSupport/UnityEditor.WebGL.Extensions.dll
Register platform support module: C:/Program Files/Unity/Hub/Editor/2021.3.11f1c2/Editor/Data/PlaybackEngines/AndroidPlayer/UnityEditor.Android.Extensions.dll
Register platform support module: C:/Program Files/Unity/Hub/Editor/2021.3.11f1c2/Editor/Data/PlaybackEngines/WindowsStandaloneSupport/UnityEditor.WindowsStandalone.Extensions.dll
Registered in 0.041003 seconds.
Native extension for WindowsStandalone target not found
Native extension for Android target not found
Native extension for WebGL target not found
Refreshing native plugins compatible for Editor in 138.95 ms, found 3 plugins.
Preloading 0 native plugins for Editor in 0.00 ms.
Mono: successfully reloaded assembly
- Completed reload, in  1.137 seconds
Domain Reload Profiling:
	ReloadAssembly (1138ms)
		BeginReloadAssembly (176ms)
			ExecutionOrderSort (0ms)
			DisableScriptedObjects (0ms)
			BackupInstance (0ms)
			ReleaseScriptingObjects (0ms)
			CreateAndSetChildDomain (1ms)
		EndReloadAssembly (703ms)
			LoadAssemblies (158ms)
			RebuildTransferFunctionScriptingTraits (0ms)
			SetupTypeCache (159ms)
			ReleaseScriptCaches (0ms)
			RebuildScriptCaches (37ms)
			SetupLoadedEditorAssemblies (410ms)
				LogAssemblyErrors (0ms)
				InitializePlatformSupportModulesInManaged (75ms)
				SetLoadedEditorAssemblies (0ms)
				RefreshPlugins (139ms)
				BeforeProcessingInitializeOnLoad (2ms)
				ProcessInitializeOnLoadAttributes (131ms)
				ProcessInitializeOnLoadMethodAttributes (63ms)
				AfterProcessingInitializeOnLoad (0ms)
				EditorAssembliesLoaded (0ms)
			ExecutionOrderSort2 (0ms)
			AwakeInstancesAfterBackupRestoration (0ms)
Platform modules already initialized, skipping
Registering precompiled user dll's ...
Registered in 0.032119 seconds.
Begin MonoManager ReloadAssembly
Symbol file LoadedFromMemory doesn't match image E:\UnityProjects\FPS\Library\PackageCache\com.unity.visualscripting@1.7.8\Editor\VisualScripting.Core\Dependencies\YamlDotNet\Unity.VisualScripting.YamlDotNet.dll
Symbol file LoadedFromMemory doesn't match image E:\UnityProjects\FPS\Library\PackageCache\com.unity.visualscripting@1.7.8\Editor\VisualScripting.Core\Dependencies\DotNetZip\Unity.VisualScripting.IonicZip.dll
Native extension for WindowsStandalone target not found
Native extension for Android target not found
Native extension for WebGL target not found
Refreshing native plugins compatible for Editor in 0.97 ms, found 3 plugins.
Preloading 0 native plugins for Editor in 0.00 ms.
Mono: successfully reloaded assembly
- Completed reload, in  1.856 seconds
Domain Reload Profiling:
	ReloadAssembly (1857ms)
		BeginReloadAssembly (227ms)
			ExecutionOrderSort (0ms)
			DisableScriptedObjects (7ms)
			BackupInstance (0ms)
			ReleaseScriptingObjects (0ms)
			CreateAndSetChildDomain (25ms)
		EndReloadAssembly (1405ms)
			LoadAssemblies (211ms)
			RebuildTransferFunctionScriptingTraits (0ms)
			SetupTypeCache (413ms)
			ReleaseScriptCaches (1ms)
			RebuildScriptCaches (78ms)
			SetupLoadedEditorAssemblies (661ms)
				LogAssemblyErrors (0ms)
				InitializePlatformSupportModulesInManaged (35ms)
				SetLoadedEditorAssemblies (1ms)
				RefreshPlugins (1ms)
				BeforeProcessingInitializeOnLoad (190ms)
				ProcessInitializeOnLoadAttributes (327ms)
				ProcessInitializeOnLoadMethodAttributes (58ms)
				AfterProcessingInitializeOnLoad (49ms)
				EditorAssembliesLoaded (0ms)
			ExecutionOrderSort2 (0ms)
			AwakeInstancesAfterBackupRestoration (17ms)
Platform modules already initialized, skipping
========================================================================
Worker process is ready to serve import requests
Launched and connected shader compiler UnityShaderCompiler.exe after 0.09 seconds
Refreshing native plugins compatible for Editor in 1.90 ms, found 3 plugins.
Preloading 0 native plugins for Editor in 0.00 ms.
Unloading 4639 Unused Serialized files (Serialized files now loaded: 0)
Unloading 50 unused Assets / (1.3 MB). Loaded Objects now: 5097.
Memory consumption went from 270.9 MB to 269.6 MB.
Total: 13.631700 ms (FindLiveObjects: 0.724300 ms CreateObjectMapping: 2.861900 ms MarkObjects: 8.628000 ms  DeleteObjects: 1.415200 ms)

AssetImportParameters requested are different than current active one (requested -> active):
  custom:video-decoder-ogg-theora: a1e56fd34408186e4bbccfd4996cb3dc -> 
  custom:container-muxer-webm: aa71ff27fc2769a1b78a27578f13a17b -> 
  custom:container-demuxer-webm: 4f35f7cbe854078d1ac9338744f61a02 -> 
  custom:video-encoder-webm-vp8: eb34c28f22e8b96e1ab97ce403110664 -> 
  custom:video-codec-MediaFoundation-h265: 746d11721c4dcdbdad8f713fa42b33f4 -> 
  custom:audio-encoder-webm-vorbis: bf7c407c2cedff20999df2af8eb42d56 -> 
  custom:framework-win-MediaFoundation: 216162199b28c13a410421893ffa2e32 -> 
  custom:container-demuxer-ogg: 62fdf1f143b41e24485cea50d1cbac27 -> 
  custom:video-decoder-webm-vp8: 9c59270c3fd7afecdb556c50c9e8de78 -> 
  custom:audio-decoder-ogg-vorbis: bf7c407c2cedff20999df2af8eb42d56 -> 
========================================================================
Received Prepare
Registering precompiled user dll's ...
Registered in 0.028734 seconds.
Begin MonoManager ReloadAssembly
Symbol file LoadedFromMemory doesn't match image E:\UnityProjects\FPS\Library\PackageCache\com.unity.visualscripting@1.7.8\Editor\VisualScripting.Core\Dependencies\YamlDotNet\Unity.VisualScripting.YamlDotNet.dll
Symbol file LoadedFromMemory doesn't match image E:\UnityProjects\FPS\Library\PackageCache\com.unity.visualscripting@1.7.8\Editor\VisualScripting.Core\Dependencies\DotNetZip\Unity.VisualScripting.IonicZip.dll
Native extension for WindowsStandalone target not found
Native extension for Android target not found
Native extension for WebGL target not found
Refreshing native plugins compatible for Editor in 1.58 ms, found 3 plugins.
Preloading 0 native plugins for Editor in 0.00 ms.
Mono: successfully reloaded assembly
- Completed reload, in  2.259 seconds
Domain Reload Profiling:
	ReloadAssembly (2260ms)
		BeginReloadAssembly (292ms)
			ExecutionOrderSort (0ms)
			DisableScriptedObjects (7ms)
			BackupInstance (0ms)
			ReleaseScriptingObjects (0ms)
			CreateAndSetChildDomain (55ms)
		EndReloadAssembly (1713ms)
			LoadAssemblies (249ms)
			RebuildTransferFunctionScriptingTraits (0ms)
			SetupTypeCache (583ms)
			ReleaseScriptCaches (2ms)
			RebuildScriptCaches (83ms)
			SetupLoadedEditorAssemblies (693ms)
				LogAssemblyErrors (0ms)
				InitializePlatformSupportModulesInManaged (57ms)
				SetLoadedEditorAssemblies (1ms)
				RefreshPlugins (2ms)
				BeforeProcessingInitializeOnLoad (189ms)
				ProcessInitializeOnLoadAttributes (320ms)
				ProcessInitializeOnLoadMethodAttributes (56ms)
				AfterProcessingInitializeOnLoad (68ms)
				EditorAssembliesLoaded (0ms)
			ExecutionOrderSort2 (0ms)
			AwakeInstancesAfterBackupRestoration (23ms)
Platform modules already initialized, skipping
Refreshing native plugins compatible for Editor in 6.97 ms, found 3 plugins.
Preloading 0 native plugins for Editor in 0.00 ms.
Unloading 4590 Unused Serialized files (Serialized files now loaded: 0)
Unloading 43 unused Assets / (1.3 MB). Loaded Objects now: 5100.
Memory consumption went from 266.3 MB to 265.0 MB.
Total: 4.670800 ms (FindLiveObjects: 0.385100 ms CreateObjectMapping: 0.368000 ms MarkObjects: 3.457800 ms  DeleteObjects: 0.458700 ms)

AssetImportParameters requested are different than current active one (requested -> active):
  custom:video-decoder-ogg-theora: a1e56fd34408186e4bbccfd4996cb3dc -> 
  custom:container-muxer-webm: aa71ff27fc2769a1b78a27578f13a17b -> 
  custom:container-demuxer-webm: 4f35f7cbe854078d1ac9338744f61a02 -> 
  custom:video-encoder-webm-vp8: eb34c28f22e8b96e1ab97ce403110664 -> 
  custom:video-codec-MediaFoundation-h265: 746d11721c4dcdbdad8f713fa42b33f4 -> 
  custom:audio-encoder-webm-vorbis: bf7c407c2cedff20999df2af8eb42d56 -> 
  custom:framework-win-MediaFoundation: 216162199b28c13a410421893ffa2e32 -> 
  custom:container-demuxer-ogg: 62fdf1f143b41e24485cea50d1cbac27 -> 
  custom:video-decoder-webm-vp8: 9c59270c3fd7afecdb556c50c9e8de78 -> 
  custom:audio-decoder-ogg-vorbis: bf7c407c2cedff20999df2af8eb42d56 -> 
========================================================================
Received Import Request.
  Time since last request: 483405.186955 seconds.
  path: Assets/Prefabs/Player.prefab
  artifactKey: Guid(f716e3d5c5a1cd94bb9c21fd03dbf03e) Importer(815301076,1909f56bfc062723c751e8b465ee728b)
Start importing Assets/Prefabs/Player.prefab using Guid(f716e3d5c5a1cd94bb9c21fd03dbf03e) Importer(815301076,1909f56bfc062723c751e8b465ee728b)  -> (artifact id: 'fb17573502ec07db46b596eb1da69822') in 0.151041 seconds 
========================================================================
Received Import Request.
  Time since last request: 6.455936 seconds.
  path: Assets/Prefabs/Player.prefab
  artifactKey: Guid(f716e3d5c5a1cd94bb9c21fd03dbf03e) Importer(815301076,1909f56bfc062723c751e8b465ee728b)
Start importing Assets/Prefabs/Player.prefab using Guid(f716e3d5c5a1cd94bb9c21fd03dbf03e) Importer(815301076,1909f56bfc062723c751e8b465ee728b)  -> (artifact id: 'e981149eba3031fcae1dfd718582e9ab') in 0.026477 seconds 
========================================================================
Received Import Request.
  Time since last request: 12.588997 seconds.
  path: Assets/Prefabs/Player.prefab
  artifactKey: Guid(f716e3d5c5a1cd94bb9c21fd03dbf03e) Importer(815301076,1909f56bfc062723c751e8b465ee728b)
Start importing Assets/Prefabs/Player.prefab using Guid(f716e3d5c5a1cd94bb9c21fd03dbf03e) Importer(815301076,1909f56bfc062723c751e8b465ee728b)  -> (artifact id: '1b9079630fb7d5bcec6d801be9722277') in 0.023491 seconds 
========================================================================
Received Import Request.
  Time since last request: 6.896906 seconds.
  path: Assets/Prefabs/Player.prefab
  artifactKey: Guid(f716e3d5c5a1cd94bb9c21fd03dbf03e) Importer(815301076,1909f56bfc062723c751e8b465ee728b)
Start importing Assets/Prefabs/Player.prefab using Guid(f716e3d5c5a1cd94bb9c21fd03dbf03e) Importer(815301076,1909f56bfc062723c751e8b465ee728b)  -> (artifact id: 'cc15d5fb567dab99a8ad93599a2aef14') in 0.024092 seconds 
========================================================================
Received Import Request.
  Time since last request: 31.117545 seconds.
  path: Assets/Prefabs/Player.prefab
  artifactKey: Guid(f716e3d5c5a1cd94bb9c21fd03dbf03e) Importer(815301076,1909f56bfc062723c751e8b465ee728b)
Start importing Assets/Prefabs/Player.prefab using Guid(f716e3d5c5a1cd94bb9c21fd03dbf03e) Importer(815301076,1909f56bfc062723c751e8b465ee728b)  -> (artifact id: 'f8d152db4606782b70504a3d0df5e009') in 0.022530 seconds 
========================================================================
Received Import Request.
  Time since last request: 7.688471 seconds.
  path: Assets/Prefabs/Player.prefab
  artifactKey: Guid(f716e3d5c5a1cd94bb9c21fd03dbf03e) Importer(815301076,1909f56bfc062723c751e8b465ee728b)
Start importing Assets/Prefabs/Player.prefab using Guid(f716e3d5c5a1cd94bb9c21fd03dbf03e) Importer(815301076,1909f56bfc062723c751e8b465ee728b)  -> (artifact id: '872cd5ffc5e16a936d0321deba6b069c') in 0.026673 seconds 
========================================================================
Received Import Request.
  Time since last request: 21.039890 seconds.
  path: Assets/Prefabs/Player.prefab
  artifactKey: Guid(f716e3d5c5a1cd94bb9c21fd03dbf03e) Importer(815301076,1909f56bfc062723c751e8b465ee728b)
Start importing Assets/Prefabs/Player.prefab using Guid(f716e3d5c5a1cd94bb9c21fd03dbf03e) Importer(815301076,1909f56bfc062723c751e8b465ee728b)  -> (artifact id: 'ee8442153592ea29af369e89ba1f2c77') in 0.025719 seconds 
========================================================================
Received Import Request.
  Time since last request: 4.838575 seconds.
  path: Assets/Prefabs/Player.prefab
  artifactKey: Guid(f716e3d5c5a1cd94bb9c21fd03dbf03e) Importer(815301076,1909f56bfc062723c751e8b465ee728b)
Start importing Assets/Prefabs/Player.prefab using Guid(f716e3d5c5a1cd94bb9c21fd03dbf03e) Importer(815301076,1909f56bfc062723c751e8b465ee728b)  -> (artifact id: 'd35e503f465199c39b01c39ae765421a') in 0.019946 seconds 
========================================================================
Received Import Request.
  Time since last request: 4.405163 seconds.
  path: Assets/Prefabs/Player.prefab
  artifactKey: Guid(f716e3d5c5a1cd94bb9c21fd03dbf03e) Importer(815301076,1909f56bfc062723c751e8b465ee728b)
Start importing Assets/Prefabs/Player.prefab using Guid(f716e3d5c5a1cd94bb9c21fd03dbf03e) Importer(815301076,1909f56bfc062723c751e8b465ee728b)  -> (artifact id: 'f2e04308c9052fe4c25f7b3e6d418d31') in 0.023613 seconds 
========================================================================
Received Import Request.
  Time since last request: 66.312428 seconds.
  path: Assets/Prefabs/Player.prefab
  artifactKey: Guid(f716e3d5c5a1cd94bb9c21fd03dbf03e) Importer(815301076,1909f56bfc062723c751e8b465ee728b)
Start importing Assets/Prefabs/Player.prefab using Guid(f716e3d5c5a1cd94bb9c21fd03dbf03e) Importer(815301076,1909f56bfc062723c751e8b465ee728b)  -> (artifact id: '72643cfc4d662526191cdfe256077266') in 0.021742 seconds 
========================================================================
Received Import Request.
  Time since last request: 12.553122 seconds.
  path: Assets/Prefabs/Player.prefab
  artifactKey: Guid(f716e3d5c5a1cd94bb9c21fd03dbf03e) Importer(815301076,1909f56bfc062723c751e8b465ee728b)
Start importing Assets/Prefabs/Player.prefab using Guid(f716e3d5c5a1cd94bb9c21fd03dbf03e) Importer(815301076,1909f56bfc062723c751e8b465ee728b)  -> (artifact id: '25af000ef1472edd40084c7285aff14b') in 0.023694 seconds 
========================================================================
Received Import Request.
  Time since last request: 10.237021 seconds.
  path: Assets/Prefabs/Player.prefab
  artifactKey: Guid(f716e3d5c5a1cd94bb9c21fd03dbf03e) Importer(815301076,1909f56bfc062723c751e8b465ee728b)
Start importing Assets/Prefabs/Player.prefab using Guid(f716e3d5c5a1cd94bb9c21fd03dbf03e) Importer(815301076,1909f56bfc062723c751e8b465ee728b)  -> (artifact id: '13b65b2e32f36adac594afd2ea6ebac2') in 0.022058 seconds 
========================================================================
Received Import Request.
  Time since last request: 40.926325 seconds.
  path: Assets/Prefabs/Player.prefab
  artifactKey: Guid(f716e3d5c5a1cd94bb9c21fd03dbf03e) Importer(815301076,1909f56bfc062723c751e8b465ee728b)
Start importing Assets/Prefabs/Player.prefab using Guid(f716e3d5c5a1cd94bb9c21fd03dbf03e) Importer(815301076,1909f56bfc062723c751e8b465ee728b)  -> (artifact id: '55a6b7642abd9f247fb46661b2ef5417') in 0.021828 seconds 
========================================================================
Received Import Request.
  Time since last request: 22.661247 seconds.
  path: Assets/Prefabs/Player.prefab
  artifactKey: Guid(f716e3d5c5a1cd94bb9c21fd03dbf03e) Importer(815301076,1909f56bfc062723c751e8b465ee728b)
Start importing Assets/Prefabs/Player.prefab using Guid(f716e3d5c5a1cd94bb9c21fd03dbf03e) Importer(815301076,1909f56bfc062723c751e8b465ee728b)  -> (artifact id: 'ba5436988ea5293eccb84578b751b123') in 0.024205 seconds 
========================================================================
Received Import Request.
  Time since last request: 7.464759 seconds.
  path: Assets/Prefabs/Player.prefab
  artifactKey: Guid(f716e3d5c5a1cd94bb9c21fd03dbf03e) Importer(815301076,1909f56bfc062723c751e8b465ee728b)
Start importing Assets/Prefabs/Player.prefab using Guid(f716e3d5c5a1cd94bb9c21fd03dbf03e) Importer(815301076,1909f56bfc062723c751e8b465ee728b)  -> (artifact id: '19a889f87a25a5d2cd27546400073ba5') in 0.017295 seconds 
========================================================================
Received Import Request.
  Time since last request: 3.038149 seconds.
  path: Assets/Prefabs/Player.prefab
  artifactKey: Guid(f716e3d5c5a1cd94bb9c21fd03dbf03e) Importer(815301076,1909f56bfc062723c751e8b465ee728b)
Start importing Assets/Prefabs/Player.prefab using Guid(f716e3d5c5a1cd94bb9c21fd03dbf03e) Importer(815301076,1909f56bfc062723c751e8b465ee728b)  -> (artifact id: '18700aa81bd20daa0079dcc4a0351df4') in 0.021515 seconds 
========================================================================
Received Import Request.
  Time since last request: 38.780880 seconds.
  path: Assets/Prefabs/Player.prefab
  artifactKey: Guid(f716e3d5c5a1cd94bb9c21fd03dbf03e) Importer(815301076,1909f56bfc062723c751e8b465ee728b)
Start importing Assets/Prefabs/Player.prefab using Guid(f716e3d5c5a1cd94bb9c21fd03dbf03e) Importer(815301076,1909f56bfc062723c751e8b465ee728b)  -> (artifact id: '97e152ee1ac58a99aa62482a51e6bbac') in 0.019625 seconds 
========================================================================
Received Import Request.
  Time since last request: 13.531614 seconds.
  path: Assets/Prefabs/Player.prefab
  artifactKey: Guid(f716e3d5c5a1cd94bb9c21fd03dbf03e) Importer(815301076,1909f56bfc062723c751e8b465ee728b)
Start importing Assets/Prefabs/Player.prefab using Guid(f716e3d5c5a1cd94bb9c21fd03dbf03e) Importer(815301076,1909f56bfc062723c751e8b465ee728b)  -> (artifact id: 'afa146a7406ae56c7c969e42c1754c4a') in 0.022922 seconds 
========================================================================
Received Import Request.
  Time since last request: 25.111075 seconds.
  path: Assets/Prefabs/M16M1.prefab
  artifactKey: Guid(29c7cc0b2957f5543a7767b6005e20a6) Importer(815301076,1909f56bfc062723c751e8b465ee728b)
Start importing Assets/Prefabs/M16M1.prefab using Guid(29c7cc0b2957f5543a7767b6005e20a6) Importer(815301076,1909f56bfc062723c751e8b465ee728b)  -> (artifact id: 'edb7bbbf27e7562d68c2fb0afd33e7d0') in 0.034016 seconds 
========================================================================
Received Import Request.
  Time since last request: 0.000047 seconds.
  path: Assets/Prefabs/StoneHitEffect.prefab
  artifactKey: Guid(0e6bb35540047294d8dcdbce6d747a4a) Importer(815301076,1909f56bfc062723c751e8b465ee728b)
Start importing Assets/Prefabs/StoneHitEffect.prefab using Guid(0e6bb35540047294d8dcdbce6d747a4a) Importer(815301076,1909f56bfc062723c751e8b465ee728b)  -> (artifact id: 'f51118a41746fc2eb6f9f019af018593') in 1.901800 seconds 
========================================================================
Received Import Request.
  Time since last request: 4.437722 seconds.
  path: Assets/Prefabs/Player.prefab
  artifactKey: Guid(f716e3d5c5a1cd94bb9c21fd03dbf03e) Importer(815301076,1909f56bfc062723c751e8b465ee728b)
Start importing Assets/Prefabs/Player.prefab using Guid(f716e3d5c5a1cd94bb9c21fd03dbf03e) Importer(815301076,1909f56bfc062723c751e8b465ee728b)  -> (artifact id: '4a0822bc56f17ed010d7d8545fdc8493') in 0.028584 seconds 
Editor requested this worker to shutdown with reason: Scaling down because of idle timeout
AssetImportWorker is now disconnected from the server
Process exiting
Exiting without the bug reporter. Application will terminate with return code 0